2016-02-09 15:14:08,143  WARN QueueWithBuffer:402 Link 1 too small: enlarge storage capacity from: 66.66666666666667 Vehicles to: 71.99424046076314 Vehicles.  This is not fatal, but modifies the traffic flow dynamics.
2016-02-09 15:14:08,149  WARN QueueWithBuffer:402 Link 20 too small: enlarge storage capacity from: 66.66666666666667 Vehicles to: 71.99424046076314 Vehicles.  This is not fatal, but modifies the traffic flow dynamics.
2016-02-09 15:14:08,151  WARN QueueWithBuffer:402 Link 21 too small: enlarge storage capacity from: 66.66666666666667 Vehicles to: 71.99424046076314 Vehicles.  This is not fatal, but modifies the traffic flow dynamics.
2016-02-09 15:14:08,152  WARN QueueWithBuffer:402 Link 22 too small: enlarge storage capacity from: 233.33333333333337 Vehicles to: 251.979841612671 Vehicles.  This is not fatal, but modifies the traffic flow dynamics.
2016-02-09 15:14:08,152  WARN QueueWithBuffer:402 Link 23 too small: enlarge storage capacity from: 66.66666666666667 Vehicles to: 71.99424046076314 Vehicles.  This is not fatal, but modifies the traffic flow dynamics.
2016-02-09 15:14:08,174  WARN QVehicle:74 No VehicleCapacity (= maximum number of passengers) set in Vehicle. Using default value of 4.  This is only a problem if you need vehicles with different capacities, e.g. for minibuses.
2016-02-09 15:14:08,174  WARN QVehicle:74 No VehicleCapacity (= maximum number of passengers) set in Vehicle. Using default value of 4.  This is only a problem if you need vehicles with different capacities, e.g. for minibuses.
2016-02-09 15:14:08,174  WARN QVehicle:74 No VehicleCapacity (= maximum number of passengers) set in Vehicle. Using default value of 4.  This is only a problem if you need vehicles with different capacities, e.g. for minibuses.
2016-02-09 15:14:08,174  WARN QVehicle:74 No VehicleCapacity (= maximum number of passengers) set in Vehicle. Using default value of 4.  This is only a problem if you need vehicles with different capacities, e.g. for minibuses.
2016-02-09 15:14:08,175  WARN QVehicle:74 No VehicleCapacity (= maximum number of passengers) set in Vehicle. Using default value of 4.  This is only a problem if you need vehicles with different capacities, e.g. for minibuses.
2016-02-09 15:14:08,175  WARN QVehicle:74 No VehicleCapacity (= maximum number of passengers) set in Vehicle. Using default value of 4.  This is only a problem if you need vehicles with different capacities, e.g. for minibuses.
2016-02-09 15:14:08,175  WARN QVehicle:74 No VehicleCapacity (= maximum number of passengers) set in Vehicle. Using default value of 4.  This is only a problem if you need vehicles with different capacities, e.g. for minibuses.
2016-02-09 15:14:08,175  WARN QVehicle:74 No VehicleCapacity (= maximum number of passengers) set in Vehicle. Using default value of 4.  This is only a problem if you need vehicles with different capacities, e.g. for minibuses.
2016-02-09 15:14:08,175  WARN QVehicle:74 No VehicleCapacity (= maximum number of passengers) set in Vehicle. Using default value of 4.  This is only a problem if you need vehicles with different capacities, e.g. for minibuses.
2016-02-09 15:14:08,175  WARN QVehicle:74 No VehicleCapacity (= maximum number of passengers) set in Vehicle. Using default value of 4.  This is only a problem if you need vehicles with different capacities, e.g. for minibuses.
2016-02-09 15:14:08,175  WARN QVehicle:79  Future occurences of this logging statement are suppressed.
2016-02-09 15:14:09,092 ERROR BasicPlanAgentImpl:153 last activity of person driver agent id bike_home1_work1_9 has end time < infty; setting it to infty
2016-02-09 15:14:09,092 ERROR BasicPlanAgentImpl:154  This message given only once.
2016-02-09 15:14:13,041  WARN ExpBetaPlanChanger:86 Would make sense to revise this once more.  See comments in code.  kai, nov08
2016-02-09 15:14:13,130  WARN QueueWithBuffer:402 Link 1 too small: enlarge storage capacity from: 66.66666666666667 Vehicles to: 71.99424046076314 Vehicles.  This is not fatal, but modifies the traffic flow dynamics.
2016-02-09 15:14:13,132  WARN QueueWithBuffer:402 Link 20 too small: enlarge storage capacity from: 66.66666666666667 Vehicles to: 71.99424046076314 Vehicles.  This is not fatal, but modifies the traffic flow dynamics.
2016-02-09 15:14:13,132  WARN QueueWithBuffer:402 Link 21 too small: enlarge storage capacity from: 66.66666666666667 Vehicles to: 71.99424046076314 Vehicles.  This is not fatal, but modifies the traffic flow dynamics.
2016-02-09 15:14:13,133  WARN QueueWithBuffer:402 Link 22 too small: enlarge storage capacity from: 233.33333333333337 Vehicles to: 251.979841612671 Vehicles.  This is not fatal, but modifies the traffic flow dynamics.
2016-02-09 15:14:13,133  WARN QueueWithBuffer:402 Link 23 too small: enlarge storage capacity from: 66.66666666666667 Vehicles to: 71.99424046076314 Vehicles.  This is not fatal, but modifies the traffic flow dynamics.
2016-02-09 15:14:17,845  WARN QueueWithBuffer:402 Link 1 too small: enlarge storage capacity from: 66.66666666666667 Vehicles to: 71.99424046076314 Vehicles.  This is not fatal, but modifies the traffic flow dynamics.
2016-02-09 15:14:17,846  WARN QueueWithBuffer:405 Additional warnings of this type are suppressed.
