2016-02-05 17:59:22,205  WARN QueueWithBuffer:402 Link 1 too small: enlarge storage capacity from: 1333.3333333333333 Vehicles to: 3599.712023038157 Vehicles.  This is not fatal, but modifies the traffic flow dynamics.
2016-02-05 17:59:22,208  WARN QueueWithBuffer:402 Link 20 too small: enlarge storage capacity from: 1333.3333333333333 Vehicles to: 3599.712023038157 Vehicles.  This is not fatal, but modifies the traffic flow dynamics.
2016-02-05 17:59:22,209  WARN QueueWithBuffer:402 Link 21 too small: enlarge storage capacity from: 1333.3333333333333 Vehicles to: 3599.712023038157 Vehicles.  This is not fatal, but modifies the traffic flow dynamics.
2016-02-05 17:59:22,209  WARN QueueWithBuffer:402 Link 22 too small: enlarge storage capacity from: 4666.666666666667 Vehicles to: 12598.99208063355 Vehicles.  This is not fatal, but modifies the traffic flow dynamics.
2016-02-05 17:59:22,209  WARN QueueWithBuffer:402 Link 23 too small: enlarge storage capacity from: 1333.3333333333333 Vehicles to: 3599.712023038157 Vehicles.  This is not fatal, but modifies the traffic flow dynamics.
2016-02-05 17:59:22,222  WARN QVehicle:74 No VehicleCapacity (= maximum number of passengers) set in Vehicle. Using default value of 4.  This is only a problem if you need vehicles with different capacities, e.g. for minibuses.
2016-02-05 17:59:22,222  WARN QVehicle:74 No VehicleCapacity (= maximum number of passengers) set in Vehicle. Using default value of 4.  This is only a problem if you need vehicles with different capacities, e.g. for minibuses.
2016-02-05 17:59:22,222  WARN QVehicle:74 No VehicleCapacity (= maximum number of passengers) set in Vehicle. Using default value of 4.  This is only a problem if you need vehicles with different capacities, e.g. for minibuses.
2016-02-05 17:59:22,222  WARN QVehicle:74 No VehicleCapacity (= maximum number of passengers) set in Vehicle. Using default value of 4.  This is only a problem if you need vehicles with different capacities, e.g. for minibuses.
2016-02-05 17:59:22,223  WARN QVehicle:74 No VehicleCapacity (= maximum number of passengers) set in Vehicle. Using default value of 4.  This is only a problem if you need vehicles with different capacities, e.g. for minibuses.
2016-02-05 17:59:22,223  WARN QVehicle:74 No VehicleCapacity (= maximum number of passengers) set in Vehicle. Using default value of 4.  This is only a problem if you need vehicles with different capacities, e.g. for minibuses.
2016-02-05 17:59:22,223  WARN QVehicle:74 No VehicleCapacity (= maximum number of passengers) set in Vehicle. Using default value of 4.  This is only a problem if you need vehicles with different capacities, e.g. for minibuses.
2016-02-05 17:59:22,223  WARN QVehicle:74 No VehicleCapacity (= maximum number of passengers) set in Vehicle. Using default value of 4.  This is only a problem if you need vehicles with different capacities, e.g. for minibuses.
2016-02-05 17:59:22,223  WARN QVehicle:74 No VehicleCapacity (= maximum number of passengers) set in Vehicle. Using default value of 4.  This is only a problem if you need vehicles with different capacities, e.g. for minibuses.
2016-02-05 17:59:22,223  WARN QVehicle:74 No VehicleCapacity (= maximum number of passengers) set in Vehicle. Using default value of 4.  This is only a problem if you need vehicles with different capacities, e.g. for minibuses.
2016-02-05 17:59:22,223  WARN QVehicle:79  Future occurences of this logging statement are suppressed.
2016-02-05 17:59:23,030 ERROR BasicPlanAgentImpl:153 last activity of person driver agent id bike_home1_work1_9 has end time < infty; setting it to infty
2016-02-05 17:59:23,031 ERROR BasicPlanAgentImpl:154  This message given only once.
2016-02-05 17:59:26,134  WARN ExpBetaPlanChanger:86 Would make sense to revise this once more.  See comments in code.  kai, nov08
2016-02-05 17:59:26,153  WARN QueueWithBuffer:402 Link 1 too small: enlarge storage capacity from: 1333.3333333333333 Vehicles to: 3599.712023038157 Vehicles.  This is not fatal, but modifies the traffic flow dynamics.
2016-02-05 17:59:26,154  WARN QueueWithBuffer:402 Link 20 too small: enlarge storage capacity from: 1333.3333333333333 Vehicles to: 3599.712023038157 Vehicles.  This is not fatal, but modifies the traffic flow dynamics.
2016-02-05 17:59:26,155  WARN QueueWithBuffer:402 Link 21 too small: enlarge storage capacity from: 1333.3333333333333 Vehicles to: 3599.712023038157 Vehicles.  This is not fatal, but modifies the traffic flow dynamics.
2016-02-05 17:59:26,155  WARN QueueWithBuffer:402 Link 22 too small: enlarge storage capacity from: 4666.666666666667 Vehicles to: 12598.99208063355 Vehicles.  This is not fatal, but modifies the traffic flow dynamics.
2016-02-05 17:59:26,155  WARN QueueWithBuffer:402 Link 23 too small: enlarge storage capacity from: 1333.3333333333333 Vehicles to: 3599.712023038157 Vehicles.  This is not fatal, but modifies the traffic flow dynamics.
2016-02-05 17:59:29,717  WARN QueueWithBuffer:402 Link 1 too small: enlarge storage capacity from: 1333.3333333333333 Vehicles to: 3599.712023038157 Vehicles.  This is not fatal, but modifies the traffic flow dynamics.
2016-02-05 17:59:29,717  WARN QueueWithBuffer:405 Additional warnings of this type are suppressed.
