2015-09-08 15:50:28,638  INFO Gbl:57 JVM: 1.8.0_51; Oracle Corporation; mixed mode; 64-bit
2015-09-08 15:50:28,638  INFO Gbl:61 OS: Windows 7; 6.1; amd64
2015-09-08 15:50:28,638  INFO Gbl:64 CPU cores: 4
2015-09-08 15:50:28,638  INFO Gbl:65 max. Memory: 3598.5MB (3773300736B)
2015-09-08 15:50:28,639  INFO Gbl:103 MATSim-Build: r${buildNumber} (${timestamp})
2015-09-08 15:50:28,639  INFO AbstractController:102 Used Controler-Class: org.matsim.core.controler.Controler
2015-09-08 15:50:28,639  WARN ControlerConfigGroup:314 setting overwriting behavior to overwriteExistingFiles
2015-09-08 15:50:28,639  WARN ControlerConfigGroup:315 this is not recommended, as it might result in a directory containing output from several model runs
2015-09-08 15:50:28,639  WARN ControlerConfigGroup:316 prefer the options deleteDirectoryIfExists or failIfDirectoryExists
2015-09-08 15:50:28,640  INFO EventsManagerImpl:144 adding Event-Handler: org.matsim.contrib.multimodal.MultiModalControlerListenerTest$LinkModeChecker
2015-09-08 15:50:28,640  INFO EventsManagerImpl:148   org.matsim.api.core.v01.events.handler.LinkLeaveEventHandler
2015-09-08 15:50:28,640  INFO EventsManagerImpl:207     > org.matsim.api.core.v01.events.LinkLeaveEvent
2015-09-08 15:50:28,640  INFO EventsManagerImpl:148   org.matsim.api.core.v01.events.handler.PersonDepartureEventHandler
2015-09-08 15:50:28,641  INFO EventsManagerImpl:207     > org.matsim.api.core.v01.events.PersonDepartureEvent
2015-09-08 15:50:28,641  INFO EventsManagerImpl:148   org.matsim.api.core.v01.events.handler.PersonArrivalEventHandler
2015-09-08 15:50:28,641  INFO EventsManagerImpl:207     > org.matsim.api.core.v01.events.PersonArrivalEvent
2015-09-08 15:50:28,641  INFO EventsManagerImpl:156 
2015-09-08 15:50:28,641  INFO EventsManagerImpl:144 adding Event-Handler: org.matsim.contrib.multimodal.MultiModalControlerListenerTest$LinkModeChecker
2015-09-08 15:50:28,641  INFO EventsManagerImpl:148   org.matsim.api.core.v01.events.handler.LinkLeaveEventHandler
2015-09-08 15:50:28,641  INFO EventsManagerImpl:207     > org.matsim.api.core.v01.events.LinkLeaveEvent
2015-09-08 15:50:28,642  INFO EventsManagerImpl:148   org.matsim.api.core.v01.events.handler.PersonDepartureEventHandler
2015-09-08 15:50:28,642  INFO EventsManagerImpl:207     > org.matsim.api.core.v01.events.PersonDepartureEvent
2015-09-08 15:50:28,642  INFO EventsManagerImpl:148   org.matsim.api.core.v01.events.handler.PersonArrivalEventHandler
2015-09-08 15:50:28,642  INFO EventsManagerImpl:207     > org.matsim.api.core.v01.events.PersonArrivalEvent
2015-09-08 15:50:28,642  INFO EventsManagerImpl:156 
2015-09-08 15:50:28,642  WARN OutputDirectoryHierarchy:173 ###########################################################
2015-09-08 15:50:28,643  WARN OutputDirectoryHierarchy:174 ### THE CONTROLER WILL OVERWRITE FILES IN:
2015-09-08 15:50:28,643  WARN OutputDirectoryHierarchy:175 ### ./output
2015-09-08 15:50:28,643  WARN OutputDirectoryHierarchy:176 ###########################################################
2015-09-08 15:50:28,727  INFO Injector:80 org.matsim.core.controler.corelisteners.PlansScoring
2015-09-08 15:50:28,727  INFO Injector:82    -> FactoryProxy{key=Key[type=org.matsim.core.controler.corelisteners.PlansScoring, annotation=[none]], provider=com.google.inject.internal.ConstructorBindingImpl$Factory@1a5a4e19[Scopes.SINGLETON]}
2015-09-08 15:50:28,727  INFO Injector:80 org.matsim.core.controler.corelisteners.PlansReplanning
2015-09-08 15:50:28,728  INFO Injector:82    -> FactoryProxy{key=Key[type=org.matsim.core.controler.corelisteners.PlansReplanning, annotation=[none]], provider=com.google.inject.internal.ConstructorBindingImpl$Factory@3e78b6a5[Scopes.SINGLETON]}
2015-09-08 15:50:28,728  INFO Injector:80 org.matsim.core.controler.corelisteners.PlansDumping
2015-09-08 15:50:28,728  INFO Injector:82    -> FactoryProxy{key=Key[type=org.matsim.core.controler.corelisteners.PlansDumping, annotation=[none]], provider=com.google.inject.internal.ConstructorBindingImpl$Factory@7975d1d8[Scopes.SINGLETON]}
2015-09-08 15:50:28,728  INFO Injector:80 org.matsim.core.controler.corelisteners.EventsHandling
2015-09-08 15:50:28,729  INFO Injector:82    -> FactoryProxy{key=Key[type=org.matsim.core.controler.corelisteners.EventsHandling, annotation=[none]], provider=com.google.inject.internal.ConstructorBindingImpl$Factory@5167f57d[Scopes.SINGLETON]}
2015-09-08 15:50:28,729  INFO Injector:80 org.matsim.core.controler.corelisteners.DumpDataAtEnd
2015-09-08 15:50:28,729  INFO Injector:82    -> FactoryProxy{key=Key[type=org.matsim.core.controler.corelisteners.DumpDataAtEnd, annotation=[none]], provider=com.google.inject.internal.ConstructorBindingImpl$Factory@3e2055d6[Scopes.SINGLETON]}
2015-09-08 15:50:28,729  INFO Injector:80 org.matsim.core.router.TripRouterFactory
2015-09-08 15:50:28,729  INFO Injector:82    -> Key[type=org.matsim.contrib.multimodal.ControlerDefaultsWithMultiModalModule$MultiModalTripRouterFactoryProvider, annotation=[none]][Scopes.SINGLETON]
2015-09-08 15:50:28,730  INFO Injector:80 org.matsim.api.core.v01.network.Network
2015-09-08 15:50:28,730  INFO Injector:82    -> Key[type=org.matsim.core.scenario.ScenarioElementsModule$NetworkProvider, annotation=[none]]
2015-09-08 15:50:28,730  INFO Injector:80 org.matsim.api.core.v01.population.Population
2015-09-08 15:50:28,730  INFO Injector:82    -> Key[type=org.matsim.core.scenario.ScenarioElementsModule$PopulationProvider, annotation=[none]]
2015-09-08 15:50:28,730  INFO Injector:80 org.matsim.core.trafficmonitoring.TravelTimeCalculator
2015-09-08 15:50:28,730  INFO Injector:82    -> Key[type=org.matsim.core.trafficmonitoring.TravelTimeCalculatorModule$TravelTimeCalculatorProvider, annotation=[none]][Scopes.SINGLETON]
2015-09-08 15:50:28,731  INFO Injector:80 org.matsim.core.events.handler.EventHandler
2015-09-08 15:50:28,731  INFO Injector:82    -> FactoryProxy{key=Key[type=org.matsim.core.events.handler.EventHandler, annotation=@com.google.inject.multibindings.Element(setName=,uniqueId=103, type=MULTIBINDER, keyType=)], provider=Key[type=org.matsim.core.trafficmonitoring.TravelTimeCalculatorModule$TravelTimeCalculatorProvider, annotation=[none]][Scopes.SINGLETON]}
2015-09-08 15:50:28,731  INFO Injector:80 org.matsim.core.router.util.TravelTime
2015-09-08 15:50:28,731  INFO Injector:82    -> Key[type=org.matsim.core.trafficmonitoring.TravelTimeCalculatorModule$TravelTimeProvider, annotation=[none]]
2015-09-08 15:50:28,731  INFO Injector:80 org.matsim.core.router.util.LinkToLinkTravelTime
2015-09-08 15:50:28,731  INFO Injector:82    -> Key[type=org.matsim.core.trafficmonitoring.TravelTimeCalculatorModule$LinkToLinkTravelTimeProvider, annotation=[none]]
2015-09-08 15:50:28,731  INFO Injector:80 org.matsim.core.router.costcalculators.TravelDisutilityFactory
2015-09-08 15:50:28,732  INFO Injector:82    -> FactoryProxy{key=Key[type=org.matsim.core.router.costcalculators.TravelDisutilityFactory, annotation=[none]], provider=com.google.inject.internal.ConstructorBindingImpl$Factory@383dc82c}
2015-09-08 15:50:28,732  INFO Injector:80 org.matsim.core.scoring.ScoringFunctionFactory
2015-09-08 15:50:28,732  INFO Injector:82    -> org.matsim.core.scoring.functions.CharyparNagelScoringFunctionModule$1@7d7758be
2015-09-08 15:50:28,733  INFO Injector:80 org.matsim.core.router.util.LeastCostPathCalculatorFactory
2015-09-08 15:50:28,733  INFO Injector:82    -> FactoryProxy{key=Key[type=org.matsim.core.router.util.LeastCostPathCalculatorFactory, annotation=[none]], provider=com.google.inject.internal.ConstructorBindingImpl$Factory@68746f22[Scopes.SINGLETON]}
2015-09-08 15:50:28,733  INFO Injector:80 org.matsim.pt.router.TransitRouter
2015-09-08 15:50:28,733  INFO Injector:82    -> Key[type=org.matsim.pt.router.TransitRouterModule$DummyTransitRouterFactory, annotation=[none]]
2015-09-08 15:50:28,733  INFO Injector:80 org.matsim.core.router.TripRouter
2015-09-08 15:50:28,734  INFO Injector:82    -> Key[type=org.matsim.core.router.TripRouterModule$RealTripRouterProvider, annotation=[none]]
2015-09-08 15:50:28,734  INFO Injector:80 org.matsim.core.replanning.selectors.GenericPlanSelector<org.matsim.api.core.v01.population.Plan, org.matsim.api.core.v01.population.Person>
2015-09-08 15:50:28,734  INFO Injector:82    -> FactoryProxy{key=Key[type=org.matsim.core.replanning.selectors.GenericPlanSelector<org.matsim.api.core.v01.population.Plan, org.matsim.api.core.v01.population.Person>, annotation=@com.google.inject.multibindings.Element(setName=,uniqueId=104, type=MAPBINDER, keyType=java.lang.String)], provider=com.google.inject.internal.ConstructorBindingImpl$Factory@7fd7a283}
2015-09-08 15:50:28,734  INFO Injector:80 org.matsim.core.replanning.selectors.GenericPlanSelector<org.matsim.api.core.v01.population.Plan, org.matsim.api.core.v01.population.Person>
2015-09-08 15:50:28,734  INFO Injector:82    -> FactoryProxy{key=Key[type=org.matsim.core.replanning.selectors.GenericPlanSelector<org.matsim.api.core.v01.population.Plan, org.matsim.api.core.v01.population.Person>, annotation=@com.google.inject.multibindings.Element(setName=,uniqueId=106, type=MAPBINDER, keyType=java.lang.String)], provider=com.google.inject.internal.ConstructorBindingImpl$Factory@16612a51}
2015-09-08 15:50:28,734  INFO Injector:80 org.matsim.core.replanning.selectors.GenericPlanSelector<org.matsim.api.core.v01.population.Plan, org.matsim.api.core.v01.population.Person>
2015-09-08 15:50:28,735  INFO Injector:82    -> Key[type=org.matsim.core.replanning.DefaultPlanStrategiesModule$ExpBetaPlanSelectorForRemoval, annotation=[none]]
2015-09-08 15:50:28,735  INFO Injector:80 org.matsim.core.replanning.selectors.GenericPlanSelector<org.matsim.api.core.v01.population.Plan, org.matsim.api.core.v01.population.Person>
2015-09-08 15:50:28,735  INFO Injector:82    -> Key[type=org.matsim.core.replanning.DefaultPlanStrategiesModule$ExpBetaPlanChangerForRemoval, annotation=[none]]
2015-09-08 15:50:28,735  INFO Injector:80 org.matsim.core.replanning.selectors.GenericPlanSelector<org.matsim.api.core.v01.population.Plan, org.matsim.api.core.v01.population.Person>
2015-09-08 15:50:28,735  INFO Injector:82    -> Key[type=org.matsim.core.replanning.DefaultPlanStrategiesModule$PathSizeLogitSelectorForRemoval, annotation=[none]]
2015-09-08 15:50:28,735  INFO Injector:80 org.matsim.core.replanning.PlanStrategy
2015-09-08 15:50:28,735  INFO Injector:82    -> Key[type=org.matsim.core.replanning.modules.KeepLastSelectedPlanStrategyFactory, annotation=[none]]
2015-09-08 15:50:28,736  INFO Injector:80 org.matsim.core.replanning.PlanStrategy
2015-09-08 15:50:28,736  INFO Injector:82    -> Key[type=org.matsim.core.replanning.modules.SelectBestPlanStrategyFactory, annotation=[none]]
2015-09-08 15:50:28,736  INFO Injector:80 org.matsim.core.replanning.PlanStrategy
2015-09-08 15:50:28,736  INFO Injector:82    -> Key[type=org.matsim.core.replanning.modules.SelectExpBetaPlanStrategyFactory, annotation=[none]]
2015-09-08 15:50:28,736  INFO Injector:80 org.matsim.core.replanning.PlanStrategy
2015-09-08 15:50:28,736  INFO Injector:82    -> Key[type=org.matsim.core.replanning.modules.ChangeExpBetaPlanStrategyFactory, annotation=[none]]
2015-09-08 15:50:28,737  INFO Injector:80 org.matsim.core.replanning.PlanStrategy
2015-09-08 15:50:28,737  INFO Injector:82    -> Key[type=org.matsim.core.replanning.modules.SelectRandomStrategyFactory, annotation=[none]]
2015-09-08 15:50:28,737  INFO Injector:80 org.matsim.core.replanning.PlanStrategy
2015-09-08 15:50:28,737  INFO Injector:82    -> Key[type=org.matsim.core.replanning.modules.SelectPathSizeLogitStrategyFactory, annotation=[none]]
2015-09-08 15:50:28,737  INFO Injector:80 org.matsim.core.replanning.PlanStrategy
2015-09-08 15:50:28,737  INFO Injector:82    -> Key[type=org.matsim.core.replanning.modules.ReRoutePlanStrategyFactory, annotation=[none]]
2015-09-08 15:50:28,737  INFO Injector:80 org.matsim.core.replanning.PlanStrategy
2015-09-08 15:50:28,737  INFO Injector:82    -> Key[type=org.matsim.core.replanning.modules.TimeAllocationMutatorPlanStrategyFactory, annotation=[none]]
2015-09-08 15:50:28,737  INFO Injector:80 org.matsim.core.replanning.PlanStrategy
2015-09-08 15:50:28,737  INFO Injector:82    -> Key[type=org.matsim.core.replanning.modules.TimeAllocationMutatorReRoutePlanStrategyFactory, annotation=[none]]
2015-09-08 15:50:28,737  INFO Injector:80 org.matsim.core.replanning.PlanStrategy
2015-09-08 15:50:28,738  INFO Injector:82    -> Key[type=org.matsim.core.replanning.modules.ChangeSingleLegModeStrategyFactory, annotation=[none]]
2015-09-08 15:50:28,738  INFO Injector:80 org.matsim.core.replanning.PlanStrategy
2015-09-08 15:50:28,738  INFO Injector:82    -> Key[type=org.matsim.core.replanning.modules.ChangeLegModeStrategyFactory, annotation=[none]]
2015-09-08 15:50:28,738  INFO Injector:80 org.matsim.core.replanning.PlanStrategy
2015-09-08 15:50:28,738  INFO Injector:82    -> Key[type=org.matsim.core.replanning.modules.SubtourModeChoiceStrategyFactory, annotation=[none]]
2015-09-08 15:50:28,738  INFO Injector:80 org.matsim.core.replanning.PlanStrategy
2015-09-08 15:50:28,738  INFO Injector:82    -> Key[type=org.matsim.core.replanning.modules.ChangeTripModeStrategyFactory, annotation=[none]]
2015-09-08 15:50:28,738  INFO Injector:80 org.matsim.core.replanning.PlanStrategy
2015-09-08 15:50:28,738  INFO Injector:82    -> Key[type=org.matsim.core.replanning.modules.ChangeSingleTripModeStrategyFactory, annotation=[none]]
2015-09-08 15:50:28,738  INFO Injector:80 org.matsim.core.replanning.PlanStrategy
2015-09-08 15:50:28,738  INFO Injector:82    -> Key[type=org.matsim.core.replanning.modules.TripSubtourModeChoiceStrategyFactory, annotation=[none]]
2015-09-08 15:50:28,739  INFO Injector:80 org.matsim.core.replanning.StrategyManager
2015-09-08 15:50:28,739  INFO Injector:82    -> Key[type=org.matsim.core.replanning.StrategyManagerModule$StrategyManagerProvider, annotation=[none]][Scopes.SINGLETON]
2015-09-08 15:50:28,739  INFO Injector:80 org.matsim.core.replanning.ReplanningContext
2015-09-08 15:50:28,739  INFO Injector:82    -> FactoryProxy{key=Key[type=org.matsim.core.replanning.ReplanningContext, annotation=[none]], provider=com.google.inject.internal.ConstructorBindingImpl$Factory@2e570ded}
2015-09-08 15:50:28,739  INFO Injector:80 org.matsim.analysis.CalcLinkStats
2015-09-08 15:50:28,740  INFO Injector:82    -> Key[type=org.matsim.analysis.LinkStatsModule$CalcLinkStatsProvider, annotation=[none]][Scopes.SINGLETON]
2015-09-08 15:50:28,740  INFO Injector:80 org.matsim.core.controler.listener.ControlerListener
2015-09-08 15:50:28,740  INFO Injector:82    -> FactoryProxy{key=Key[type=org.matsim.core.controler.listener.ControlerListener, annotation=@com.google.inject.multibindings.Element(setName=,uniqueId=144, type=MULTIBINDER, keyType=)], provider=com.google.inject.internal.ConstructorBindingImpl$Factory@2ca26d77}
2015-09-08 15:50:28,740  INFO Injector:80 org.matsim.analysis.VolumesAnalyzer
2015-09-08 15:50:28,740  INFO Injector:82    -> Key[type=org.matsim.analysis.VolumesAnalyzerModule$VolumesAnalyzerProvider, annotation=[none]][Scopes.SINGLETON]
2015-09-08 15:50:28,741  INFO Injector:80 org.matsim.core.events.handler.EventHandler
2015-09-08 15:50:28,741  INFO Injector:82    -> FactoryProxy{key=Key[type=org.matsim.core.events.handler.EventHandler, annotation=@com.google.inject.multibindings.Element(setName=,uniqueId=145, type=MULTIBINDER, keyType=)], provider=Key[type=org.matsim.analysis.VolumesAnalyzerModule$VolumesAnalyzerProvider, annotation=[none]][Scopes.SINGLETON]}
2015-09-08 15:50:28,741  INFO Injector:80 org.matsim.core.controler.listener.ControlerListener
2015-09-08 15:50:28,741  INFO Injector:82    -> FactoryProxy{key=Key[type=org.matsim.core.controler.listener.ControlerListener, annotation=@com.google.inject.multibindings.Element(setName=,uniqueId=146, type=MULTIBINDER, keyType=)], provider=com.google.inject.internal.ConstructorBindingImpl$Factory@1787f2a0}
2015-09-08 15:50:28,741  INFO Injector:80 org.matsim.core.events.handler.EventHandler
2015-09-08 15:50:28,741  INFO Injector:82    -> FactoryProxy{key=Key[type=org.matsim.core.events.handler.EventHandler, annotation=@com.google.inject.multibindings.Element(setName=,uniqueId=147, type=MULTIBINDER, keyType=)], provider=com.google.inject.internal.ConstructorBindingImpl$Factory@51bf5add[Scopes.SINGLETON]}
2015-09-08 15:50:28,742  INFO Injector:80 org.matsim.core.controler.listener.ControlerListener
2015-09-08 15:50:28,742  INFO Injector:82    -> FactoryProxy{key=Key[type=org.matsim.core.controler.listener.ControlerListener, annotation=@com.google.inject.multibindings.Element(setName=,uniqueId=148, type=MULTIBINDER, keyType=)], provider=com.google.inject.internal.ConstructorBindingImpl$Factory@389b0789}
2015-09-08 15:50:28,742  INFO Injector:80 org.matsim.core.controler.listener.ControlerListener
2015-09-08 15:50:28,742  INFO Injector:82    -> FactoryProxy{key=Key[type=org.matsim.core.controler.listener.ControlerListener, annotation=@com.google.inject.multibindings.Element(setName=,uniqueId=149, type=MULTIBINDER, keyType=)], provider=com.google.inject.internal.ConstructorBindingImpl$Factory@6ca18a14[Scopes.SINGLETON]}
2015-09-08 15:50:28,742  INFO Injector:80 org.matsim.analysis.ScoreStats
2015-09-08 15:50:28,742  INFO Injector:82    -> FactoryProxy{key=Key[type=org.matsim.analysis.ScoreStats, annotation=[none]], provider=com.google.inject.internal.ConstructorBindingImpl$Factory@6ca18a14[Scopes.SINGLETON]}
2015-09-08 15:50:28,743  INFO Injector:80 org.matsim.core.controler.listener.ControlerListener
2015-09-08 15:50:28,743  INFO Injector:82    -> FactoryProxy{key=Key[type=org.matsim.core.controler.listener.ControlerListener, annotation=@com.google.inject.multibindings.Element(setName=,uniqueId=150, type=MULTIBINDER, keyType=)], provider=com.google.inject.internal.ConstructorBindingImpl$Factory@2462cb01}
2015-09-08 15:50:28,743  INFO Injector:80 org.matsim.core.controler.listener.ControlerListener
2015-09-08 15:50:28,743  INFO Injector:82    -> FactoryProxy{key=Key[type=org.matsim.core.controler.listener.ControlerListener, annotation=@com.google.inject.multibindings.Element(setName=,uniqueId=151, type=MULTIBINDER, keyType=)], provider=com.google.inject.internal.ConstructorBindingImpl$Factory@77659b30}
2015-09-08 15:50:28,743  INFO Injector:80 org.matsim.core.controler.listener.ControlerListener
2015-09-08 15:50:28,743  INFO Injector:82    -> FactoryProxy{key=Key[type=org.matsim.core.controler.listener.ControlerListener, annotation=@com.google.inject.multibindings.Element(setName=,uniqueId=152, type=MULTIBINDER, keyType=)], provider=com.google.inject.internal.ConstructorBindingImpl$Factory@1ec9bd38}
2015-09-08 15:50:28,744  INFO Injector:80 org.matsim.core.mobsim.framework.Mobsim
2015-09-08 15:50:28,744  INFO Injector:82    -> Key[type=org.matsim.contrib.multimodal.MultimodalQSimFactory, annotation=[none]]
2015-09-08 15:50:28,744  INFO Injector:80 org.matsim.core.controler.OutputDirectoryHierarchy
2015-09-08 15:50:28,744  INFO Injector:82    -> of(org.matsim.core.controler.OutputDirectoryHierarchy@928763c)
2015-09-08 15:50:28,744  INFO Injector:80 org.matsim.analysis.IterationStopWatch
2015-09-08 15:50:28,744  INFO Injector:82    -> of(org.matsim.analysis.IterationStopWatch@471a9022)
2015-09-08 15:50:28,744  INFO Injector:80 org.matsim.api.core.v01.Scenario
2015-09-08 15:50:28,744  INFO Injector:82    -> of(org.matsim.core.scenario.ScenarioImpl@19976a65)
2015-09-08 15:50:28,745  INFO Injector:80 org.matsim.core.api.experimental.events.EventsManager
2015-09-08 15:50:28,745  INFO Injector:82    -> of(org.matsim.core.events.SimStepParallelEventsManagerImpl@57a3e26a)
2015-09-08 15:50:28,745  INFO Injector:80 org.matsim.analysis.LegHistogram
2015-09-08 15:50:28,745  INFO Injector:82    -> com.google.inject.internal.ConstructorBindingImpl$Factory@2dc9b0f5
2015-09-08 15:50:28,745  INFO Injector:80 org.matsim.analysis.CalcLegTimes
2015-09-08 15:50:28,745  INFO Injector:82    -> com.google.inject.internal.ConstructorBindingImpl$Factory@51bf5add[Scopes.SINGLETON]
2015-09-08 15:50:28,745  INFO Injector:80 org.matsim.analysis.ScoreStatsControlerListener
2015-09-08 15:50:28,746  INFO Injector:82    -> com.google.inject.internal.ConstructorBindingImpl$Factory@6ca18a14[Scopes.SINGLETON]
2015-09-08 15:50:28,747  INFO StrategyManagerConfigLoader:63 global innovation switch off after iteration: 0
2015-09-08 15:50:28,747  INFO GenericStrategyManager:345 setting PlanSelectorForRemoval to class org.matsim.core.replanning.selectors.WorstPlanForRemovalSelector
2015-09-08 15:50:28,748  INFO EventsManagerImpl:144 adding Event-Handler: org.matsim.core.trafficmonitoring.TravelTimeCalculator
2015-09-08 15:50:28,748  INFO EventsManagerImpl:148   org.matsim.api.core.v01.events.handler.LinkEnterEventHandler
2015-09-08 15:50:28,749  INFO EventsManagerImpl:207     > org.matsim.api.core.v01.events.LinkEnterEvent
2015-09-08 15:50:28,749  INFO EventsManagerImpl:148   org.matsim.api.core.v01.events.handler.LinkLeaveEventHandler
2015-09-08 15:50:28,749  INFO EventsManagerImpl:207     > org.matsim.api.core.v01.events.LinkLeaveEvent
2015-09-08 15:50:28,749  INFO EventsManagerImpl:148   org.matsim.api.core.v01.events.handler.Wait2LinkEventHandler
2015-09-08 15:50:28,749  INFO EventsManagerImpl:207     > org.matsim.api.core.v01.events.Wait2LinkEvent
2015-09-08 15:50:28,749  INFO EventsManagerImpl:148   org.matsim.api.core.v01.events.handler.Link2WaitEventHandler
2015-09-08 15:50:28,749  INFO EventsManagerImpl:207     > org.matsim.api.core.v01.events.VehicleLeavesTrafficEvent
2015-09-08 15:50:28,750  INFO EventsManagerImpl:148   org.matsim.core.api.experimental.events.handler.VehicleArrivesAtFacilityEventHandler
2015-09-08 15:50:28,750  INFO EventsManagerImpl:207     > org.matsim.core.api.experimental.events.VehicleArrivesAtFacilityEvent
2015-09-08 15:50:28,750  INFO EventsManagerImpl:148   org.matsim.api.core.v01.events.handler.VehicleAbortEventHandler
2015-09-08 15:50:28,750  INFO EventsManagerImpl:207     > org.matsim.api.core.v01.events.VehicleAbortsEvent
2015-09-08 15:50:28,750  INFO EventsManagerImpl:156 
2015-09-08 15:50:28,750  INFO EventsManagerImpl:144 adding Event-Handler: org.matsim.core.trafficmonitoring.TravelTimeCalculator
2015-09-08 15:50:28,750  INFO EventsManagerImpl:148   org.matsim.api.core.v01.events.handler.LinkEnterEventHandler
2015-09-08 15:50:28,751  INFO EventsManagerImpl:207     > org.matsim.api.core.v01.events.LinkEnterEvent
2015-09-08 15:50:28,751  INFO EventsManagerImpl:148   org.matsim.api.core.v01.events.handler.LinkLeaveEventHandler
2015-09-08 15:50:28,751  INFO EventsManagerImpl:207     > org.matsim.api.core.v01.events.LinkLeaveEvent
2015-09-08 15:50:28,751  INFO EventsManagerImpl:148   org.matsim.api.core.v01.events.handler.Wait2LinkEventHandler
2015-09-08 15:50:28,751  INFO EventsManagerImpl:207     > org.matsim.api.core.v01.events.Wait2LinkEvent
2015-09-08 15:50:28,751  INFO EventsManagerImpl:148   org.matsim.api.core.v01.events.handler.Link2WaitEventHandler
2015-09-08 15:50:28,751  INFO EventsManagerImpl:207     > org.matsim.api.core.v01.events.VehicleLeavesTrafficEvent
2015-09-08 15:50:28,751  INFO EventsManagerImpl:148   org.matsim.core.api.experimental.events.handler.VehicleArrivesAtFacilityEventHandler
2015-09-08 15:50:28,752  INFO EventsManagerImpl:207     > org.matsim.core.api.experimental.events.VehicleArrivesAtFacilityEvent
2015-09-08 15:50:28,752  INFO EventsManagerImpl:148   org.matsim.api.core.v01.events.handler.VehicleAbortEventHandler
2015-09-08 15:50:28,752  INFO EventsManagerImpl:207     > org.matsim.api.core.v01.events.VehicleAbortsEvent
2015-09-08 15:50:28,752  INFO EventsManagerImpl:156 
2015-09-08 15:50:28,752  INFO EventsManagerImpl:144 adding Event-Handler: org.matsim.analysis.VolumesAnalyzer
2015-09-08 15:50:28,752  INFO EventsManagerImpl:148   org.matsim.api.core.v01.events.handler.LinkLeaveEventHandler
2015-09-08 15:50:28,752  INFO EventsManagerImpl:207     > org.matsim.api.core.v01.events.LinkLeaveEvent
2015-09-08 15:50:28,752  INFO EventsManagerImpl:148   org.matsim.api.core.v01.events.handler.PersonDepartureEventHandler
2015-09-08 15:50:28,753  INFO EventsManagerImpl:207     > org.matsim.api.core.v01.events.PersonDepartureEvent
2015-09-08 15:50:28,753  INFO EventsManagerImpl:156 
2015-09-08 15:50:28,753  INFO EventsManagerImpl:144 adding Event-Handler: org.matsim.analysis.VolumesAnalyzer
2015-09-08 15:50:28,753  INFO EventsManagerImpl:148   org.matsim.api.core.v01.events.handler.LinkLeaveEventHandler
2015-09-08 15:50:28,753  INFO EventsManagerImpl:207     > org.matsim.api.core.v01.events.LinkLeaveEvent
2015-09-08 15:50:28,753  INFO EventsManagerImpl:148   org.matsim.api.core.v01.events.handler.PersonDepartureEventHandler
2015-09-08 15:50:28,753  INFO EventsManagerImpl:207     > org.matsim.api.core.v01.events.PersonDepartureEvent
2015-09-08 15:50:28,753  INFO EventsManagerImpl:156 
2015-09-08 15:50:28,754  INFO EventsManagerImpl:144 adding Event-Handler: org.matsim.analysis.CalcLegTimes
2015-09-08 15:50:28,754  INFO EventsManagerImpl:148   org.matsim.api.core.v01.events.handler.PersonDepartureEventHandler
2015-09-08 15:50:28,754  INFO EventsManagerImpl:207     > org.matsim.api.core.v01.events.PersonDepartureEvent
2015-09-08 15:50:28,754  INFO EventsManagerImpl:148   org.matsim.api.core.v01.events.handler.PersonArrivalEventHandler
2015-09-08 15:50:28,754  INFO EventsManagerImpl:207     > org.matsim.api.core.v01.events.PersonArrivalEvent
2015-09-08 15:50:28,754  INFO EventsManagerImpl:148   org.matsim.api.core.v01.events.handler.ActivityEndEventHandler
2015-09-08 15:50:28,754  INFO EventsManagerImpl:207     > org.matsim.api.core.v01.events.ActivityEndEvent
2015-09-08 15:50:28,754  INFO EventsManagerImpl:148   org.matsim.api.core.v01.events.handler.ActivityStartEventHandler
2015-09-08 15:50:28,755  INFO EventsManagerImpl:207     > org.matsim.api.core.v01.events.ActivityStartEvent
2015-09-08 15:50:28,755  INFO EventsManagerImpl:156 
2015-09-08 15:50:28,755  INFO EventsManagerImpl:144 adding Event-Handler: org.matsim.analysis.CalcLegTimes
2015-09-08 15:50:28,755  INFO EventsManagerImpl:148   org.matsim.api.core.v01.events.handler.PersonDepartureEventHandler
2015-09-08 15:50:28,755  INFO EventsManagerImpl:207     > org.matsim.api.core.v01.events.PersonDepartureEvent
2015-09-08 15:50:28,755  INFO EventsManagerImpl:148   org.matsim.api.core.v01.events.handler.PersonArrivalEventHandler
2015-09-08 15:50:28,755  INFO EventsManagerImpl:207     > org.matsim.api.core.v01.events.PersonArrivalEvent
2015-09-08 15:50:28,756  INFO EventsManagerImpl:148   org.matsim.api.core.v01.events.handler.ActivityEndEventHandler
2015-09-08 15:50:28,756  INFO EventsManagerImpl:207     > org.matsim.api.core.v01.events.ActivityEndEvent
2015-09-08 15:50:28,756  INFO EventsManagerImpl:148   org.matsim.api.core.v01.events.handler.ActivityStartEventHandler
2015-09-08 15:50:28,756  INFO EventsManagerImpl:207     > org.matsim.api.core.v01.events.ActivityStartEvent
2015-09-08 15:50:28,756  INFO EventsManagerImpl:156 
2015-09-08 15:50:28,756  INFO CalcLinkStats:148  resetting `count' to zero.  This info is here since we want to check when this is happening during normal simulation runs.  kai, jan'11
2015-09-08 15:50:28,757  INFO EventsManagerImpl:144 adding Event-Handler: org.matsim.analysis.LegHistogram
2015-09-08 15:50:28,757  INFO EventsManagerImpl:148   org.matsim.api.core.v01.events.handler.PersonDepartureEventHandler
2015-09-08 15:50:28,757  INFO EventsManagerImpl:207     > org.matsim.api.core.v01.events.PersonDepartureEvent
2015-09-08 15:50:28,757  INFO EventsManagerImpl:148   org.matsim.api.core.v01.events.handler.PersonArrivalEventHandler
2015-09-08 15:50:28,758  INFO EventsManagerImpl:207     > org.matsim.api.core.v01.events.PersonArrivalEvent
2015-09-08 15:50:28,758  INFO EventsManagerImpl:148   org.matsim.api.core.v01.events.handler.PersonStuckEventHandler
2015-09-08 15:50:28,758  INFO EventsManagerImpl:207     > org.matsim.api.core.v01.events.PersonStuckEvent
2015-09-08 15:50:28,758  INFO EventsManagerImpl:156 
2015-09-08 15:50:28,758  INFO EventsManagerImpl:144 adding Event-Handler: org.matsim.analysis.LegHistogram
2015-09-08 15:50:28,759  INFO EventsManagerImpl:148   org.matsim.api.core.v01.events.handler.PersonDepartureEventHandler
2015-09-08 15:50:28,759  INFO EventsManagerImpl:207     > org.matsim.api.core.v01.events.PersonDepartureEvent
2015-09-08 15:50:28,759  INFO EventsManagerImpl:148   org.matsim.api.core.v01.events.handler.PersonArrivalEventHandler
2015-09-08 15:50:28,759  INFO EventsManagerImpl:207     > org.matsim.api.core.v01.events.PersonArrivalEvent
2015-09-08 15:50:28,759  INFO EventsManagerImpl:148   org.matsim.api.core.v01.events.handler.PersonStuckEventHandler
2015-09-08 15:50:28,760  INFO EventsManagerImpl:207     > org.matsim.api.core.v01.events.PersonStuckEvent
2015-09-08 15:50:28,760  INFO EventsManagerImpl:156 
2015-09-08 15:50:28,761  WARN LinkSlopesReader:77 No slope information file specified in the multi modal config group!
2015-09-08 15:50:28,761  WARN MultiModalTravelTimeFactory:63 No slope information for the links available - travel time will only take agents age and gender into account!
2015-09-08 15:50:28,762  WARN MultiModalTravelTimeFactory:99 Mode unknown is not supported! Use a constructor where you provide the travel time objects. Using a UnknownTravelTime calculator based on constant speed.Agent specific attributes are not taken into account!
2015-09-08 15:50:28,762  INFO ControlerListenerManager:108 calling notifyStartup on org.matsim.contrib.multimodal.MultiModalControlerListener
2015-09-08 15:50:28,762  INFO ControlerListenerManager:108 calling notifyStartup on org.matsim.counts.CountsControlerListener
2015-09-08 15:50:28,762  INFO ControlerListenerManager:108 calling notifyStartup on org.matsim.analysis.ScoreStatsControlerListener
2015-09-08 15:50:28,763  INFO ControlerListenerManager:111 all ControlerStartupListeners called.
2015-09-08 15:50:28,763  INFO ControlerUtils:57 config dump before iterations start
2015-09-08 15:50:28,768  INFO ControlerUtils:61 

<?xml version="1.0" encoding="UTF-8"?>
<!DOCTYPE config SYSTEM "http://www.matsim.org/files/dtd/config_v2.dtd">
<config>

<!-- ====================================================================== -->

	<module name="TimeAllocationMutator" >
		<param name="mutationAffectsDuration" value="true" />

		<!-- Default:1800.0; Defines how many seconds a time mutation can maximally shift a time. -->
		<param name="mutationRange" value="1800.0" />
	</module>

<!-- ====================================================================== -->

	<module name="controler" >

		<!-- Default=false;  -->
		<param name="enableLinkToLinkRouting" value="false" />

		<!-- Default=xml; Specifies the file format for writing events. Currently supported: txt, xml.
		Multiple values can be specified separated by commas (','). -->
		<param name="eventsFileFormat" value="xml" />

		<!-- Default=0;  -->
		<param name="firstIteration" value="0" />

		<!-- Default=1000;  -->
		<param name="lastIteration" value="0" />

		<!-- Defines which mobility simulation will be used. Currently supported: qsim JDEQSim 
		Depending on the chosen mobsim, you'll have to add additional config modules to configure the corresponding mobsim.
		For 'qsim', add a module 'qsim' to the config. -->
		<param name="mobsim" value="myMobsim" />

		<param name="outputDirectory" value="./output" />

		<!-- Possible values: failIfDirectoryExists, overwriteExistingFiles, deleteDirectoryIfExists -->
		<param name="overwriteFiles" value="overwriteExistingFiles" />

		<!-- The type of routing (least cost path) algorithm used, may have the values: Dijkstra, FastDijkstra, AStarLandmarks or FastAStarLandmarks -->
		<param name="routingAlgorithmType" value="Dijkstra" />

		<!-- An identifier for the current run which is used as prefix for output files and mentioned in output xml files etc. -->
		<param name="runId" value="null" />

		<!-- Comma-separated list of visualizer output file formats. `transims', `googleearth', and `otfvis'. -->
		<param name="snapshotFormat" value="" />

		<!-- iterationNumber % writeEventsInterval == 0 defines in which iterations events are written to a file. `0' disables events writing completely. -->
		<param name="writeEventsInterval" value="0" />

		<!-- iterationNumber % writePlansInterval == 0 defines (hopefully) in which iterations plans are written to a file. `0' disables plans writing completely.  Some plans in early iterations are always written -->
		<param name="writePlansInterval" value="10" />

		<!-- iterationNumber % writeSnapshotsInterval == 0 defines in which iterations snapshots are written to a file. `0' disables snapshots writing completely -->
		<param name="writeSnapshotsInterval" value="1" />
	</module>

<!-- ====================================================================== -->

	<module name="counts" >

		<!-- Transport modes that will be respected for the counts comparison. 'car' is default, which includes also bussed from the pt simulation module. Use this parameter in combination with 'filterModes' = true! -->
		<param name="analyzedModes" value="car" />

		<!-- Specifies over how many iterations the link volumes should be averaged that are used for the counts comparison. Use 1 or 0 to only use the link volumes of a single iteration. This values cannot be larger than the value specified for writeCountsInterval -->
		<param name="averageCountsOverIterations" value="5" />

		<!-- factor by which to re-scale the simulated values.  necessary when simulation runs with something different from 100%.  needs to be adapted manually -->
		<param name="countsScaleFactor" value="1.0" />

		<!-- distance to distanceFilterCenterNode to include counting stations. The unit of distance is the Euclidean distance implied by the coordinate system -->
		<param name="distanceFilter" value="null" />

		<!-- node id for center node of distance filter -->
		<param name="distanceFilterCenterNode" value="null" />

		<!-- If true, link counts from legs performed on modes not included in the 'analyzedModes' parameter are ignored. -->
		<param name="filterModes" value="false" />

		<!-- input file name to counts package -->
		<param name="inputCountsFile" value="null" />

		<!-- possible values: `html', `kml', `txt', `all' -->
		<param name="outputformat" value="txt" />

		<!-- Specifies how often the counts comparison should be calculated and written. -->
		<param name="writeCountsInterval" value="10" />
	</module>

<!-- ====================================================================== -->

	<module name="facilities" >
		<param name="inputFacilitiesFile" value="null" />
		<param name="inputFacilityAttributesFile" value="null" />
	</module>

<!-- ====================================================================== -->

	<module name="global" >
		<param name="coordinateSystem" value="Atlantis" />

		<!-- "global" number of threads.  This number is used, e.g., for replanning, but NOT in the mobsim.  This can typically be set to as many cores as you have available, or possibly even slightly more. -->
		<param name="numberOfThreads" value="2" />

		<param name="randomSeed" value="4711" />
	</module>

<!-- ====================================================================== -->

	<module name="households" >
		<param name="inputFile" value="null" />
		<param name="inputHouseholdAttributesFile" value="null" />
	</module>

<!-- ====================================================================== -->

	<module name="linkStats" >

		<!-- Specifies over how many iterations the link volumes should be averaged that are used for the link statistics. Use 1 or 0 to only use the link volumes of a single iteration. This values cannot be larger than the value specified for writeLinkStatsInterval -->
		<param name="averageLinkStatsOverIterations" value="5" />

		<!-- Specifies how often the link stats should be calculated and written. Use 0 to disable the generation of link stats. -->
		<param name="writeLinkStatsInterval" value="10" />
	</module>

<!-- ====================================================================== -->

	<module name="multimodal" >

		<!-- Use this if your network is not multi modal. Links with free speeds that are lower than the specified cutoff value will be usable for walk and bike trips. -->
		<param name="createMultiModalNetwork" value="false" />

		<!-- Only used if createMultiModalNetwork is enabled (set value in m/s). -->
		<param name="cuttoffValueForNonCarModes" value="22.22222222222222" />

		<param name="dropNonCarRoutes" value="false" />

		<!-- Path to a file containing slope information for the network's links (required file format: ObjectAttributes). -->
		<param name="inputSlopeInformationFile" value="null" />

		<!-- Set this parameter to true if multi modal simulation should be used, false if not. -->
		<param name="multiModalSimulationEnabled" value="true" />

		<!-- Use number of threads > 1 for parallel version using the specified number of threads. -->
		<param name="numberOfThreads" value="1" />

		<!-- List the modes that should be simulated by the multi modal simulation (supported so far: bike, walk). -->
		<param name="simulatedModes" value="walk,bike,unknown" />
	</module>

<!-- ====================================================================== -->

	<module name="network" >
		<param name="inputChangeEventsFile" value="null" />
		<param name="inputNetworkFile" value="null" />
		<param name="laneDefinitionsFile" value="null" />
		<param name="timeVariantNetwork" value="false" />
	</module>

<!-- ====================================================================== -->

	<module name="parallelEventHandling" >

		<!-- Estimated number of events during mobsim run. An optional optimization hint for the framework. -->
		<param name="estimatedNumberOfEvents" value="null" />

		<!-- Number of threads for parallel events handler. 0 or null means the framework decides by itself. -->
		<param name="numberOfThreads" value="null" />

		<param name="synchronizeOnSimSteps" value="true" />
	</module>

<!-- ====================================================================== -->

	<module name="planCalcScore" >

		<!-- logit model scale parameter. default: 1.  Has name and default value for historical reasons (see Bryan Raney's phd thesis). -->
		<param name="BrainExpBeta" value="1.0" />

		<param name="PathSizeLogitBeta" value="1.0" />

		<!-- [utils/hr] utility for departing early (i.e. before the earliest end time).  Normally negative.  Probably implemented correctly, but not tested. -->
		<param name="earlyDeparture" value="-0.0" />

		<!-- fraction of iterations at which MSA score averaging is started. The matsim theory department suggests to use this together with switching off choice set innovation (where a similar switch exists), but it has not been tested yet. -->
		<param name="fractionOfIterationsToStartScoreMSA" value="null" />

		<!-- [utils/hr] utility for arriving late (i.e. after the latest start time).  normally negative -->
		<param name="lateArrival" value="-18.0" />

		<!-- new_score = (1-learningRate)*old_score + learningRate * score_from_mobsim.  learning rates close to zero emulate score averaging, but slow down initial convergence -->
		<param name="learningRate" value="1.0" />

		<!-- [utils/unit_of_money] conversion of money (e.g. toll, distance cost) into utils. Normall positive (i.e. toll/cost/fare are processed as negative amounts of money). -->
		<param name="marginalUtilityOfMoney" value="1.0" />

		<!-- [utils/hr] marginal utility of doing an activity.  normally positive.  also the opportunity cost of time if agent is doing nothing.  MATSim separates the resource value of time from the direct (dis)utility of travel time, see, e.g., Boerjesson and Eliasson, TR-A 59 (2014) 144-158. -->
		<param name="performing" value="6.0" />

		<!-- There used to be a plateau between duration=0 and duration=zeroUtilityDuration. This caused durations to evolve to zero once they were below zeroUtilityDuration, causing problems.  Only use this switch if you need to be backwards compatible with some old results.  (changed nov'13) -->
		<param name="usingOldScoringBelowZeroUtilityDuration" value="false" />

		<!-- [utils] utility of switching a line (= transfer penalty).  Normally negative -->
		<param name="utilityOfLineSwitch" value="-1.0" />

		<!-- [utils/hr] additional marginal utility for waiting. normally negative. this comes on top of the opportunity cost of time.  Probably implemented correctly, but not tested. -->
		<param name="waiting" value="-0.0" />

		<!-- write a plans file in each iteration directory which contains what each agent actually did, and the score it received. -->
		<param name="writeExperiencedPlans" value="false" />

		<parameterset type="activityParams" >
			<param name="activityType" value="home" />
			<param name="closingTime" value="undefined" />
			<param name="earliestEndTime" value="undefined" />
			<param name="latestStartTime" value="undefined" />
			<param name="minimalDuration" value="undefined" />
			<param name="openingTime" value="undefined" />
			<param name="priority" value="1.0" />
			<param name="scoringThisActivityAtAll" value="true" />
			<param name="typicalDuration" value="16:00:00" />

			<!-- method to compute score at typical duration.  Use uniform for backwards compatibility (all activities same score; higher proba to drop long acts). -->
			<param name="typicalDurationScoreComputation" value="uniform" />
		</parameterset>

		<parameterset type="modeParams" >

			<!-- [utils] alternative-specific constant.  no guarantee that this is used anywhere. default=0 to be backwards compatible for the time being -->
			<param name="constant" value="0.0" />

			<!-- [utils/m] utility of walking per m, normally negative.  this is on top of the time (dis)utility. -->
			<param name="marginalUtilityOfDistance_util_m" value="0.0" />

			<!-- [utils/hr] additional marginal utility of traveling.  normally negative.  this comes on top of the opportunity cost of time -->
			<param name="marginalUtilityOfTraveling_util_hr" value="-6.0" />

			<param name="mode" value="car" />
			<param name="monetaryDistanceRate" value="0.0" />
		</parameterset>

		<parameterset type="modeParams" >

			<!-- [utils] alternative-specific constant.  no guarantee that this is used anywhere. default=0 to be backwards compatible for the time being -->
			<param name="constant" value="0.0" />

			<!-- [utils/m] utility of walking per m, normally negative.  this is on top of the time (dis)utility. -->
			<param name="marginalUtilityOfDistance_util_m" value="0.0" />

			<!-- [utils/hr] additional marginal utility of traveling.  normally negative.  this comes on top of the opportunity cost of time -->
			<param name="marginalUtilityOfTraveling_util_hr" value="-6.0" />

			<param name="mode" value="pt" />
			<param name="monetaryDistanceRate" value="0.0" />
		</parameterset>

		<parameterset type="modeParams" >

			<!-- [utils] alternative-specific constant.  no guarantee that this is used anywhere. default=0 to be backwards compatible for the time being -->
			<param name="constant" value="0.0" />

			<!-- [utils/m] utility of walking per m, normally negative.  this is on top of the time (dis)utility. -->
			<param name="marginalUtilityOfDistance_util_m" value="0.0" />

			<!-- [utils/hr] additional marginal utility of traveling.  normally negative.  this comes on top of the opportunity cost of time -->
			<param name="marginalUtilityOfTraveling_util_hr" value="-6.0" />

			<param name="mode" value="walk" />
			<param name="monetaryDistanceRate" value="0.0" />
		</parameterset>

		<parameterset type="modeParams" >

			<!-- [utils] alternative-specific constant.  no guarantee that this is used anywhere. default=0 to be backwards compatible for the time being -->
			<param name="constant" value="0.0" />

			<!-- [utils/m] utility of walking per m, normally negative.  this is on top of the time (dis)utility. -->
			<param name="marginalUtilityOfDistance_util_m" value="0.0" />

			<!-- [utils/hr] additional marginal utility of traveling.  normally negative.  this comes on top of the opportunity cost of time -->
			<param name="marginalUtilityOfTraveling_util_hr" value="-6.0" />

			<param name="mode" value="bike" />
			<param name="monetaryDistanceRate" value="0.0" />
		</parameterset>

		<parameterset type="modeParams" >

			<!-- [utils] alternative-specific constant.  no guarantee that this is used anywhere. default=0 to be backwards compatible for the time being -->
			<param name="constant" value="0.0" />

			<!-- [utils/m] utility of walking per m, normally negative.  this is on top of the time (dis)utility. -->
			<param name="marginalUtilityOfDistance_util_m" value="0.0" />

			<!-- [utils/hr] additional marginal utility of traveling.  normally negative.  this comes on top of the opportunity cost of time -->
			<param name="marginalUtilityOfTraveling_util_hr" value="-6.0" />

			<param name="mode" value="other" />
			<param name="monetaryDistanceRate" value="0.0" />
		</parameterset>
	</module>

<!-- ====================================================================== -->

	<module name="plans" >

		<!-- String: minOfDurationAndEndTime tryEndTimeThenDuration endTimeOnly. Anything besides minOfDurationAndEndTime will internally use a different (simpler) version of the TimeAllocationMutator. -->
		<param name="activityDurationInterpretation" value="tryEndTimeThenDuration" />

		<!-- Path to a file containing person attributes (required file format: ObjectAttributes). -->
		<param name="inputPersonAttributesFile" value="null" />

		<param name="inputPlansFile" value="null" />

		<!-- Defines how routes are stored in memory. Currently supported: LinkNetworkRoute, CompressedNetworkRoute. -->
		<param name="networkRouteType" value="LinkNetworkRoute" />

		<!-- (not tested) will remove plan attributes that are presumably not used, such as activityStartTime. default=false -->
		<param name="removingUnnecessaryPlanAttributes" value="false" />

		<!-- Name of the (Object)Attribute defining the subpopulation to which pertains a Person (as freight, through traffic, etc.). The attribute must be of String type. -->
		<param name="subpopulationAttributeName" value="subpopulation" />
	</module>

<!-- ====================================================================== -->

	<module name="planscalcroute" >

		<!-- All the modes for which the router is supposed to generate network routes (like car) -->
		<param name="networkModes" value="car" />

		<parameterset type="teleportedModeParameters" >
			<param name="beelineDistanceFactor" value="1.3" />
			<param name="mode" value="walk" />

			<!-- Free-speed factor for a teleported mode. Travel time = teleportedModeFreespeedFactor * <freespeed car travel time>. Insert a line like this for every such mode. Please do not set teleportedModeFreespeedFactor as well as teleportedModeSpeed for the same mode, but if you do, +teleportedModeFreespeedFactor wins over teleportedModeSpeed. -->
			<param name="teleportedModeFreespeedFactor" value="null" />

			<!-- Speed for a teleported mode. Travel time = (<beeline distance> * beelineDistanceFactor) / teleportedModeSpeed. Insert a line like this for every such mode. -->
			<param name="teleportedModeSpeed" value="1.34" />
		</parameterset>

		<parameterset type="teleportedModeParameters" >
			<param name="beelineDistanceFactor" value="1.3" />
			<param name="mode" value="bike" />

			<!-- Free-speed factor for a teleported mode. Travel time = teleportedModeFreespeedFactor * <freespeed car travel time>. Insert a line like this for every such mode. Please do not set teleportedModeFreespeedFactor as well as teleportedModeSpeed for the same mode, but if you do, +teleportedModeFreespeedFactor wins over teleportedModeSpeed. -->
			<param name="teleportedModeFreespeedFactor" value="null" />

			<!-- Speed for a teleported mode. Travel time = (<beeline distance> * beelineDistanceFactor) / teleportedModeSpeed. Insert a line like this for every such mode. -->
			<param name="teleportedModeSpeed" value="6.01" />
		</parameterset>

		<parameterset type="teleportedModeParameters" >
			<param name="beelineDistanceFactor" value="1.3" />
			<param name="mode" value="unknown" />

			<!-- Free-speed factor for a teleported mode. Travel time = teleportedModeFreespeedFactor * <freespeed car travel time>. Insert a line like this for every such mode. Please do not set teleportedModeFreespeedFactor as well as teleportedModeSpeed for the same mode, but if you do, +teleportedModeFreespeedFactor wins over teleportedModeSpeed. -->
			<param name="teleportedModeFreespeedFactor" value="null" />

			<!-- Speed for a teleported mode. Travel time = (<beeline distance> * beelineDistanceFactor) / teleportedModeSpeed. Insert a line like this for every such mode. -->
			<param name="teleportedModeSpeed" value="2.0" />
		</parameterset>
	</module>

<!-- ====================================================================== -->

	<module name="ptCounts" >

		<!-- factor by which to re-scale the simulated values.  necessary when simulation runs with something different from 100%.  needs to be adapted manually -->
		<param name="countsScaleFactor" value="1.0" />

		<!-- distance to distanceFilterCenterNode to include counting stations. The unit of distance is the Euclidean distance implied by the coordinate system -->
		<param name="distanceFilter" value="null" />

		<!-- node id for center node of distance filter -->
		<param name="distanceFilterCenterNode" value="null" />

		<!-- input file containing the alighting (getting off) counts for pt -->
		<param name="inputAlightCountsFile" value="null" />

		<!-- input file containing the boarding (getting on) counts for pt -->
		<param name="inputBoardCountsFile" value="null" />

		<!-- input file containing the occupancy counts for pt -->
		<param name="inputOccupancyCountsFile" value="null" />

		<!-- possible values: `html', `kml', `txt', `all' -->
		<param name="outputformat" value="null" />

		<!-- every how many iterations (starting with 0) counts comparisons are generated -->
		<param name="ptCountsInterval" value="10" />
	</module>

<!-- ====================================================================== -->

	<module name="qsim" >
		<param name="endTime" value="24:00:00" />
		<param name="flowCapacityFactor" value="1.0" />

		<!-- decides if waiting vehicles enter the network after or before the already driving vehicles were moved. Default: false -->
		<param name="insertingWaitingVehiclesBeforeDrivingVehicles" value="false" />

		<!-- default: FIFO; options: FIFO PassingQ -->
		<param name="linkDynamics" value="FIFO" />

		<!-- The (initial) width of the links of the network. Use positive floating point values. -->
		<param name="linkWidth" value="30.0" />

		<!-- [comma-separated list] Defines which modes are congested modes. Technically, these are the modes that the departure handler of the netsimengine handles.  Effective cell size, effective lane width, flow capacity factor, and storage capacity factor need to be set with diligence.  Need to be vehicular modes to make sense. -->
		<param name="mainMode" value="car" />

		<!-- Shortens a link in the visualization, i.e. its start and end point are moved into towards the center. Does not affect traffic flow.  -->
		<param name="nodeOffset" value="0.0" />

		<!-- Number of threads used for the QSim.  Note that this setting is independent from the "global" threads setting.  In contrast to earlier versions, the non-parallel special version is no longer there. -->
		<param name="numberOfThreads" value="1" />

		<!-- Boolean. `true': stuck vehicles are removed, aborting the plan; `false': stuck vehicles are forced into the next link. `false' is probably the better choice. -->
		<param name="removeStuckVehicles" value="false" />

		<!-- Options: nullmaxOfStarttimeAndEarliestActivityEnd onlyUseStarttime  -->
		<param name="simStarttimeInterpretation" value="maxOfStarttimeAndEarliestActivityEnd" />

		<!-- snapshotStyle. One of: equiDist queue withHoles  -->
		<param name="snapshotStyle" value="equiDist" />

		<param name="snapshotperiod" value="00:00:00" />
		<param name="startTime" value="undefined" />
		<param name="storageCapacityFactor" value="1.0" />

		<!-- time in seconds.  Time after which the frontmost vehicle on a link is called `stuck' if it does not move. -->
		<param name="stuckTime" value="10.0" />

		<param name="timeStepSize" value="00:00:01" />

		<!-- options: nullqueue withHoles  -->
		<param name="trafficDynamics" value="queue" />

		<!-- [DEPRECATED, usevehiclesSource instead]  If this is true, we do not expect (or use) vehicles from the vehicles database, but create vehicles on the fly with default properties. -->
		<param name="useDefaultVehicles" value="true" />

		<!-- Set this parameter to true if lanes should be used, false if not. -->
		<param name="useLanes" value="false" />

		<!-- If a route does not reference a vehicle, agents will use the vehicle with the same id as their own. -->
		<param name="usePersonIdForMissingVehicleId" value="true" />

		<!-- normally, the qsim accumulates fractional flows up to one flow unit.  This is impractical with  with smaller PCEs.  If this switch is set to true, cars can enter a link if the accumulated flow is >=0, and the accumulated flow can go into negative.  Will probably become the default eventually. -->
		<param name="usingFastCapacityUpdate" value="false" />

		<!-- if the qsim should use as many runners as there are threads (Christoph's dissertation version) or more of them, together with a thread pool (seems to be faster in some situations, but is not tested). -->
		<param name="usingThreadpool" value="true" />

		<!-- Defines what happens if an agent wants to depart, but the specified vehicle is not available. One of: nullteleport wait exception  -->
		<param name="vehicleBehavior" value="teleport" />

		<!-- If vehicles should all be the same default vehicle, or come from the vehicles file, or something else.  Possible values:  defaultVehicle fromVehiclesData -->
		<param name="vehiclesSource" value="defaultVehicle" />
	</module>

<!-- ====================================================================== -->

	<module name="scenario" >
	</module>

<!-- ====================================================================== -->

	<module name="strategy" >

		<!-- the external executable will be called with a config file as argument.  This is the pathname to a possible skeleton config, to which additional information will be added.  Can be null. -->
		<param name="ExternalExeConfigTemplate" value="null" />

		<!-- time out value (in seconds) after which matsim will consider the external strategy as failed -->
		<param name="ExternalExeTimeOut" value="3600" />

		<!-- root directory for temporary files generated by the external executable. Provided as a service; I don't think this is used by MATSim. -->
		<param name="ExternalExeTmpFileRootDir" value="null" />

		<!-- fraction of iterations where innovative strategies are switched off.  Something link 0.8 should be good.  E.g. if you run from iteration 400 to iteration 500, innovation is switched off at iteration 480 -->
		<param name="fractionOfIterationsToDisableInnovation" value="Infinity" />

		<!-- maximum number of plans per agent.  ``0'' means ``infinity''.  Currently (2010), ``5'' is a good number -->
		<param name="maxAgentPlanMemorySize" value="5" />

		<!-- name of PlanSelector for plans removal.  Possible defaults: WorstPlanSelector SelectRandom SelectExpBetaForRemoval ChangeExpBetaForRemoval PathSizeLogitSelectorForRemoval . The current default, WorstPlanSelector is not a good choice from a discrete choice theoretical perspective. Alternatives, however, have not been systematically tested. kai, feb'12 -->
		<param name="planSelectorForRemoval" value="WorstPlanSelector" />
	</module>

<!-- ====================================================================== -->

	<module name="subtourModeChoice" >

		<!-- Defines the chain-based modes, seperated by commas -->
		<param name="chainBasedModes" value="car,bike" />

		<!-- Defines whether car availability must be considered or not. A agent has no car only if it has no license, or never access to a car -->
		<param name="considerCarAvailability" value="false" />

		<!-- Defines all the modes available, including chain-based modes, seperated by commas -->
		<param name="modes" value="car,pt,bike,walk" />
	</module>

<!-- ====================================================================== -->

	<module name="transit" >

		<!-- Optional input file containing additional attributes for transit lines, stored as ObjectAttributes. -->
		<param name="transitLinesAttributesFile" value="null" />

		<!-- Comma-separated list of transportation modes that are handled as transit. Defaults to 'pt'. -->
		<param name="transitModes" value="pt" />

		<!-- Input file containing the transit schedule to be simulated. -->
		<param name="transitScheduleFile" value="null" />

		<!-- Optional input file containing additional attributes for transit stop facilities, stored as ObjectAttributes. -->
		<param name="transitStopsAttributesFile" value="null" />

		<!-- Set this parameter to true if transit should be simulated, false if not. -->
		<param name="useTransit" value="false" />

		<!-- Input file containing the vehicles used by the departures in the transit schedule. -->
		<param name="vehiclesFile" value="null" />
	</module>

<!-- ====================================================================== -->

	<module name="transitRouter" >

		<!-- additional time the router allocates when a line switch happens. Can be interpreted as a 'safety' time that agents need to safely transfer from one line to another -->
		<param name="additionalTransferTime" value="0.0" />

		<!-- step size to increase searchRadius if no stops are found -->
		<param name="extensionRadius" value="200.0" />

		<!-- maximum beeline distance between stops that agents could transfer to by walking -->
		<param name="maxBeelineWalkConnectionDistance" value="100.0" />

		<!-- the radius in which stop locations are searched, given a start or target coordinate -->
		<param name="searchRadius" value="1000.0" />
	</module>

<!-- ====================================================================== -->

	<module name="travelTimeCalculator" >

		<!-- Transport modes that will be respected by the travel time collector. 'car' is default, which includes also bussed from the pt simulation module. Use this parameter in combination with 'filterModes' = true! -->
		<param name="analyzedModes" value="car" />

		<param name="calculateLinkToLinkTravelTimes" value="false" />
		<param name="calculateLinkTravelTimes" value="true" />

		<!-- If true, link travel times from legs performed on modes not included in the 'analyzedModes' parameter are ignored. -->
		<param name="filterModes" value="true" />

		<!-- How to deal with congested time bins that have no link entry events. `optimistic' assumes free speed (too optimistic); 'experimental_LastMile' is experimental and probably too pessimistic. -->
		<param name="travelTimeAggregator" value="optimistic" />

		<!-- The size of the time bin (in sec) into which the link travel times are aggregated for the router -->
		<param name="travelTimeBinSize" value="900" />

		<!-- possible values: nullTravelTimeCalculatorArray TravelTimeCalculatorHashMap  -->
		<param name="travelTimeCalculator" value="TravelTimeCalculatorArray" />

		<!-- How to deal with link entry times at different positions during the time bin. Currently supported: average, linearinterpolation -->
		<param name="travelTimeGetter" value="average" />
	</module>

<!-- ====================================================================== -->

	<module name="vehicles" >
		<param name="vehiclesFile" value="null" />
	</module>

<!-- ====================================================================== -->

	<module name="vspExperimental" >

		<!-- (do not use) Set this filename of MZ05 daily analysis -->
		<param name="inputMZ05File" value="" />

		<!-- (do not use except of you have to) There was a problem with pt interaction scoring.  Some people solved it by overwriting the parameters of the pt interaction activity type.  Doing this now throws an Exception.  If you still insist on doing this, set the following to true. -->
		<param name="isAbleToOverwritePtInteractionParams" value="false" />

		<param name="isGeneratingBoardingDeniedEvent" value="false" />

		<!-- if an approximation of the opportunity cost of time is included into the radius calculation for location choice.`true' will be faster, but it is an approximation.  Default is `true'; `false' is available for backwards compatibility. -->
		<param name="isUsingOpportunityCostOfTimeForLocationChoice" value="true" />

		<param name="logitScaleParamForPlansRemoval" value="1.0" />

		<!-- Options: [Lorg.matsim.core.config.groups.VspExperimentalConfigGroup$VspDefaultsCheckingLevel;@14008db3.  When violating VSP defaults, this results in nothing, logfile infos, logfile warnings, or aborts.  Members of VSP should use `abort' or talk to kai. -->
		<param name="vspDefaultsCheckingLevel" value="ignore" />

		<!-- if true then writes output_events in output directory.  default is `false'. Will only work when lastIteration is multiple of events writing interval -->
		<param name="writingOutputEvents" value="false" />
	</module>

<!-- ====================================================================== -->

</config>

2015-09-08 15:50:28,769  INFO ControlerUtils:62 Complete config dump done.
2015-09-08 15:50:28,769  INFO ControlerUtils:63 Checking consistency of config...
2015-09-08 15:50:28,769  INFO PlanCalcScoreConfigGroup:404 NO OPENING OR CLOSING TIMES DEFINED!


There is no activity type that has an opening *and* closing time (or opening time and late penalty) defined.
This usually means that the activity chains can be shifted by an arbitrary
number of hours without having an effect on the score of the plans, and thus
resulting in wrong results / traffic patterns.
If you are using MATSim without time adaptation, you can ignore this warning.



2015-09-08 15:50:28,770  INFO VspConfigConsistencyCheckerImpl:55 NOT running vsp config consistency check because vsp defaults checking level is set to IGNORE
2015-09-08 15:50:28,770  INFO ControlerUtils:65 Checking consistency of config done.
2015-09-08 15:50:28,770  INFO NetworkImpl:134  node # 1
2015-09-08 15:50:28,770  INFO NetworkImpl:134  node # 2
2015-09-08 15:50:28,771  INFO NetworkImpl:130  link # 1
2015-09-08 15:50:28,771  INFO NetworkImpl:130  link # 2
2015-09-08 15:50:28,771  INFO NetworkImpl:134  node # 4
2015-09-08 15:50:28,771  INFO NetworkImpl:134  node # 1
2015-09-08 15:50:28,771  INFO NetworkImpl:134  node # 2
2015-09-08 15:50:28,772  INFO NetworkImpl:130  link # 1
2015-09-08 15:50:28,772  INFO NetworkImpl:130  link # 2
2015-09-08 15:50:28,772  INFO NetworkImpl:134  node # 4
2015-09-08 15:50:28,772  INFO NetworkImpl:134  node # 1
2015-09-08 15:50:28,772  INFO NetworkImpl:134  node # 2
2015-09-08 15:50:28,773  INFO NetworkImpl:130  link # 1
2015-09-08 15:50:28,773  INFO NetworkImpl:130  link # 2
2015-09-08 15:50:28,773  INFO NetworkImpl:134  node # 4
2015-09-08 15:50:28,773  INFO NetworkImpl:134  node # 1
2015-09-08 15:50:28,773  INFO NetworkImpl:134  node # 2
2015-09-08 15:50:28,774  INFO NetworkImpl:130  link # 1
2015-09-08 15:50:28,774  INFO NetworkImpl:130  link # 2
2015-09-08 15:50:28,774  INFO NetworkImpl:134  node # 4
2015-09-08 15:50:28,774  INFO PersonPrepareForSim:62 Network seems to be multimodal. XY2Links will only use car links.
2015-09-08 15:50:28,774  INFO NetworkImpl:134  node # 1
2015-09-08 15:50:28,775  INFO NetworkImpl:134  node # 2
2015-09-08 15:50:28,775  INFO NetworkImpl:130  link # 1
2015-09-08 15:50:28,775  INFO NetworkImpl:130  link # 2
2015-09-08 15:50:28,775  INFO NetworkImpl:134  node # 4
2015-09-08 15:50:28,776  INFO PersonPrepareForSim:62 Network seems to be multimodal. XY2Links will only use car links.
2015-09-08 15:50:28,776  INFO NetworkImpl:134  node # 1
2015-09-08 15:50:28,776  INFO NetworkImpl:134  node # 2
2015-09-08 15:50:28,776  INFO NetworkImpl:130  link # 1
2015-09-08 15:50:28,776  INFO NetworkImpl:130  link # 2
2015-09-08 15:50:28,776  INFO NetworkImpl:134  node # 4
2015-09-08 15:50:28,777  WARN WalkTravelTime:215 Person's gender is not defined. Ignoring gender dependent walk speed factor.
2015-09-08 15:50:28,777  WARN WalkTravelTime:215 Person's age is not defined. Ignoring age dependent walk speed factor.
2015-09-08 15:50:28,777  INFO Counter:51 [PersonPrepareForSim] handled person # 1
2015-09-08 15:50:28,778  INFO Counter:51 [PersonPrepareForSim] handled person # 2
2015-09-08 15:50:28,778  WARN WalkTravelTime:215 Person's gender is not defined. Ignoring gender dependent walk speed factor.
2015-09-08 15:50:28,778  WARN WalkTravelTime:215 Person's age is not defined. Ignoring age dependent walk speed factor.
2015-09-08 15:50:28,778  INFO Counter:51 [PersonPrepareForSim] handled person # 4
2015-09-08 15:50:28,778  INFO Counter:57 [PersonPrepareForSim] handled person # 4
2015-09-08 15:50:28,779  INFO AbstractController:240 ###################################################
2015-09-08 15:50:28,779  INFO AbstractController:241 ### ITERATION 0 BEGINS
2015-09-08 15:50:28,779  INFO OutputDirectoryHierarchy:146 Iteration directory ./output/ITERS/it.0 exists already.
2015-09-08 15:50:28,779  INFO ControlerListenerManager:141 calling notifyIterationStarts on org.matsim.core.controler.corelisteners.PlansScoringImpl
2015-09-08 15:50:28,779  INFO EventsManagerImpl:144 adding Event-Handler: org.matsim.core.scoring.EventsToScore
2015-09-08 15:50:28,780  INFO EventsManagerImpl:148   org.matsim.core.events.handler.BasicEventHandler
2015-09-08 15:50:28,780  INFO EventsManagerImpl:207     > org.matsim.api.core.v01.events.Event
2015-09-08 15:50:28,780  INFO EventsManagerImpl:156 
2015-09-08 15:50:28,780  INFO EventsManagerImpl:144 adding Event-Handler: org.matsim.core.scoring.EventsToScore
2015-09-08 15:50:28,780  INFO EventsManagerImpl:148   org.matsim.core.events.handler.BasicEventHandler
2015-09-08 15:50:28,780  INFO EventsManagerImpl:207     > org.matsim.api.core.v01.events.Event
2015-09-08 15:50:28,780  INFO EventsManagerImpl:156 
2015-09-08 15:50:28,781  INFO ControlerListenerManager:146 calling notifyIterationStarts on org.matsim.analysis.LegHistogramListener
2015-09-08 15:50:28,781  INFO ControlerListenerManager:146 calling notifyIterationStarts on org.matsim.analysis.LinkStatsControlerListener
2015-09-08 15:50:28,781  INFO ControlerListenerManager:149 [it.0] all ControlerIterationStartsListeners called.
2015-09-08 15:50:28,781  INFO ControlerListenerManager:225 calling notifyBeforeMobsim on org.matsim.core.controler.corelisteners.EventsHandlingImpl
2015-09-08 15:50:28,781  INFO EventsManagerImpl:170 resetting Event-Handlers
2015-09-08 15:50:28,781  INFO EventsManagerImpl:177   org.matsim.contrib.multimodal.MultiModalControlerListenerTest$LinkModeChecker
2015-09-08 15:50:28,781  INFO EventsManagerImpl:177   org.matsim.core.trafficmonitoring.TravelTimeCalculator
2015-09-08 15:50:28,782  INFO EventsManagerImpl:177   org.matsim.analysis.VolumesAnalyzer
2015-09-08 15:50:28,782  INFO EventsManagerImpl:177   org.matsim.analysis.CalcLegTimes
2015-09-08 15:50:28,782  INFO EventsManagerImpl:177   org.matsim.analysis.LegHistogram
2015-09-08 15:50:28,782  INFO EventsManagerImpl:177   org.matsim.core.scoring.EventsToScore
2015-09-08 15:50:28,782  INFO ControlerListenerManager:225 calling notifyBeforeMobsim on org.matsim.core.controler.corelisteners.PlansDumpingImpl
2015-09-08 15:50:28,783  INFO PlansDumpingImpl:79 dumping plans...
2015-09-08 15:50:28,784  INFO Counter:51 [PopulationWriter] dumped person # 1
2015-09-08 15:50:28,784  INFO Counter:51 [PopulationWriter] dumped person # 2
2015-09-08 15:50:28,784  INFO Counter:51 [PopulationWriter] dumped person # 4
2015-09-08 15:50:28,784  INFO PopulationWriter:95 Population written to: ./output/ITERS/it.0/0.plans.xml.gz
2015-09-08 15:50:28,785  INFO Counter:57 [PopulationWriter] dumped person # 4
2015-09-08 15:50:28,785  INFO PlansDumpingImpl:81 finished plans dump.
2015-09-08 15:50:28,785  INFO ControlerListenerManager:230 calling notifyBeforeMobsim on org.matsim.population.VspPlansCleaner
2015-09-08 15:50:28,785  INFO ControlerListenerManager:233 [it.0] all ControlerBeforeMobsimListeners called.
2015-09-08 15:50:28,786  INFO MobsimListenerManager:49 calling addQueueSimulationListener
2015-09-08 15:50:28,786  INFO MobsimListenerManager:53   assigned class org.matsim.core.mobsim.framework.listeners.MobsimListener to interface org.matsim.core.mobsim.framework.listeners.MobsimInitializedListener
2015-09-08 15:50:28,786  INFO MobsimListenerManager:53   assigned class org.matsim.core.mobsim.framework.listeners.MobsimListener to interface org.matsim.core.mobsim.framework.listeners.MobsimAfterSimStepListener
2015-09-08 15:50:28,787  INFO MobsimListenerManager:53   assigned class org.matsim.core.mobsim.framework.listeners.MobsimListener to interface org.matsim.core.mobsim.framework.listeners.MobsimListener
2015-09-08 15:50:28,787  INFO MobsimListenerManager:53   assigned class org.matsim.core.mobsim.framework.listeners.MobsimListener to interface org.matsim.vis.snapshotwriters.SnapshotWriterManager
2015-09-08 15:50:28,787  INFO MobsimListenerManager:53   assigned class org.matsim.core.mobsim.framework.listeners.MobsimListener to interface org.matsim.core.mobsim.framework.listeners.MobsimBeforeCleanupListener
2015-09-08 15:50:28,787  INFO QNetsimEngine:536 Assigned 4 nodes and 6 links to QSimEngineRunner #0
2015-09-08 15:50:28,787  INFO MultiModalSimEngine:86 TravelTime classes used for multi-modal simulation: 
2015-09-08 15:50:28,788  INFO MultiModalSimEngine:88 	walk	class org.matsim.contrib.multimodal.router.util.WalkTravelTime
2015-09-08 15:50:28,788  INFO MultiModalSimEngine:88 	bike	class org.matsim.contrib.multimodal.router.util.BikeTravelTime
2015-09-08 15:50:28,788  INFO MultiModalSimEngine:88 	unknown	class org.matsim.contrib.multimodal.router.util.UnknownTravelTime
2015-09-08 15:50:28,788  INFO MultiModalSimEngine:298 Assigned 4 nodes and 5 links to MultiModalSimEngineRunner #0
2015-09-08 15:50:28,789  INFO EventsManagerImpl:134  event # 1
2015-09-08 15:50:28,789  INFO EventsManagerImpl:134  event # 2
2015-09-08 15:50:28,789  INFO EventsManagerImpl:134  event # 4
2015-09-08 15:50:28,789  INFO EventsManagerImpl:134  event # 8
2015-09-08 15:50:28,789  INFO QNetsimEngine:364 SIMULATION (QNetsimEngine) AT 08:00:00 : #links=1 #nodes=1
2015-09-08 15:50:28,790  INFO MultiModalSimEngine:180 SIMULATION (MultiModalSimEngine) AT 08:00:00 #links=0 #nodes=1
2015-09-08 15:50:28,790  INFO QSim:442 SIMULATION (NEW QSim) AT 08:00:00 : #Veh=4 lost=0 simT=0.0s realT=0s; (s/r): 0.0
2015-09-08 15:50:28,790  INFO Gbl:52 used RAM: 56356456B = 55035kB = 53MB  free: 198971800B = 189MB  total: 255328256B = 243MB
2015-09-08 15:50:28,791  INFO EventsManagerImpl:134  event # 16
2015-09-08 15:50:28,791 ERROR SimStepParallelEventsManagerImpl$ExceptionHandler:409 Thread class org.matsim.core.events.SimStepParallelEventsManagerImpl$ProcessEventsRunnable0 died with exception while handling events.
java.lang.NullPointerException
	at java.util.concurrent.ConcurrentHashMap.get(Unknown Source)
	at org.matsim.core.trafficmonitoring.TravelTimeCalculator.handleEvent(TravelTimeCalculator.java:197)
	at org.matsim.core.events.EventsManagerImpl.callHandlerFast(EventsManagerImpl.java:290)
	at org.matsim.core.events.EventsManagerImpl.computeEvent(EventsManagerImpl.java:222)
	at org.matsim.core.events.EventsManagerImpl.processEvent(EventsManagerImpl.java:136)
	at org.matsim.core.events.SimStepParallelEventsManagerImpl$ProcessEventsRunnable.run(SimStepParallelEventsManagerImpl.java:319)
	at java.lang.Thread.run(Unknown Source)
2015-09-08 15:50:28,792 ERROR AbstractController:317 Mobsim did not complete normally! afterMobsimListeners will be called anyway.
java.lang.RuntimeException: java.util.concurrent.BrokenBarrierException
	at org.matsim.core.events.SimStepParallelEventsManagerImpl.afterSimStep(SimStepParallelEventsManagerImpl.java:223)
	at org.matsim.core.mobsim.qsim.QSim.doSimStep(QSim.java:324)
	at org.matsim.core.mobsim.qsim.QSim.run(QSim.java:224)
	at org.matsim.core.controler.Controler.runMobSim(Controler.java:345)
	at org.matsim.core.controler.AbstractController$8.run(AbstractController.java:306)
	at org.matsim.core.controler.AbstractController.iterationStep(AbstractController.java:338)
	at org.matsim.core.controler.AbstractController.mobsim(AbstractController.java:302)
	at org.matsim.core.controler.AbstractController.iteration(AbstractController.java:261)
	at org.matsim.core.controler.AbstractController.doIterations(AbstractController.java:198)
	at org.matsim.core.controler.AbstractController.run(AbstractController.java:139)
	at org.matsim.core.controler.Controler.run(Controler.java:214)
	at org.matsim.contrib.multimodal.MultiModalControlerListenerTest.runSimpleScenario(MultiModalControlerListenerTest.java:167)
	at org.matsim.contrib.multimodal.MultiModalControlerListenerTest.testSimpleScenario(MultiModalControlerListenerTest.java:66)
	at sun.reflect.NativeMethodAccessorImpl.invoke0(Native Method)
	at sun.reflect.NativeMethodAccessorImpl.invoke(Unknown Source)
	at sun.reflect.DelegatingMethodAccessorImpl.invoke(Unknown Source)
	at java.lang.reflect.Method.invoke(Unknown Source)
	at org.junit.runners.model.FrameworkMethod$1.runReflectiveCall(FrameworkMethod.java:44)
	at org.junit.internal.runners.model.ReflectiveCallable.run(ReflectiveCallable.java:15)
	at org.junit.runners.model.FrameworkMethod.invokeExplosively(FrameworkMethod.java:41)
	at org.junit.internal.runners.statements.InvokeMethod.evaluate(InvokeMethod.java:20)
	at org.junit.rules.TestWatchman$1.evaluate(TestWatchman.java:48)
	at org.junit.runners.BlockJUnit4ClassRunner.runNotIgnored(BlockJUnit4ClassRunner.java:79)
	at org.junit.runners.BlockJUnit4ClassRunner.runChild(BlockJUnit4ClassRunner.java:71)
	at org.junit.runners.BlockJUnit4ClassRunner.runChild(BlockJUnit4ClassRunner.java:49)
	at org.junit.runners.ParentRunner$3.run(ParentRunner.java:193)
	at org.junit.runners.ParentRunner$1.schedule(ParentRunner.java:52)
	at org.junit.runners.ParentRunner.runChildren(ParentRunner.java:191)
	at org.junit.runners.ParentRunner.access$000(ParentRunner.java:42)
	at org.junit.runners.ParentRunner$2.evaluate(ParentRunner.java:184)
	at org.junit.runners.ParentRunner.run(ParentRunner.java:236)
	at org.eclipse.jdt.internal.junit4.runner.JUnit4TestReference.run(JUnit4TestReference.java:86)
	at org.eclipse.jdt.internal.junit.runner.TestExecution.run(TestExecution.java:38)
	at org.eclipse.jdt.internal.junit.runner.RemoteTestRunner.runTests(RemoteTestRunner.java:459)
	at org.eclipse.jdt.internal.junit.runner.RemoteTestRunner.runTests(RemoteTestRunner.java:675)
	at org.eclipse.jdt.internal.junit.runner.RemoteTestRunner.run(RemoteTestRunner.java:382)
	at org.eclipse.jdt.internal.junit.runner.RemoteTestRunner.main(RemoteTestRunner.java:192)
Caused by: java.util.concurrent.BrokenBarrierException
	at java.util.concurrent.CyclicBarrier.dowait(Unknown Source)
	at java.util.concurrent.CyclicBarrier.await(Unknown Source)
	at org.matsim.core.events.SimStepParallelEventsManagerImpl.afterSimStep(SimStepParallelEventsManagerImpl.java:221)
	... 36 more
2015-09-08 15:50:28,792  INFO AbstractController$6:329 ### ITERATION 0 fires after mobsim event
2015-09-08 15:50:28,793  INFO ControlerListenerManager:244 calling notifyAfterMobsim on org.matsim.core.controler.corelisteners.EventsHandlingImpl
2015-09-08 15:50:28,793 ERROR AbstractController:175 Getting uncaught Exception in Thread main
java.lang.RuntimeException: Exception while processing events. Cannot guarantee that all events have been fully processed.
	at org.matsim.core.events.SimStepParallelEventsManagerImpl.finishProcessing(SimStepParallelEventsManagerImpl.java:202)
	at org.matsim.core.controler.corelisteners.EventsHandlingImpl.notifyAfterMobsim(EventsHandlingImpl.java:117)
	at org.matsim.core.controler.ControlerListenerManager.fireControlerAfterMobsimEvent(ControlerListenerManager.java:245)
	at org.matsim.core.controler.AbstractController$6.run(AbstractController.java:330)
	at org.matsim.core.controler.AbstractController.iterationStep(AbstractController.java:338)
	at org.matsim.core.controler.AbstractController.mobsim(AbstractController.java:326)
	at org.matsim.core.controler.AbstractController.iteration(AbstractController.java:261)
	at org.matsim.core.controler.AbstractController.doIterations(AbstractController.java:198)
	at org.matsim.core.controler.AbstractController.run(AbstractController.java:139)
	at org.matsim.core.controler.Controler.run(Controler.java:214)
	at org.matsim.contrib.multimodal.MultiModalControlerListenerTest.runSimpleScenario(MultiModalControlerListenerTest.java:167)
	at org.matsim.contrib.multimodal.MultiModalControlerListenerTest.testSimpleScenario(MultiModalControlerListenerTest.java:66)
	at sun.reflect.NativeMethodAccessorImpl.invoke0(Native Method)
	at sun.reflect.NativeMethodAccessorImpl.invoke(Unknown Source)
	at sun.reflect.DelegatingMethodAccessorImpl.invoke(Unknown Source)
	at java.lang.reflect.Method.invoke(Unknown Source)
	at org.junit.runners.model.FrameworkMethod$1.runReflectiveCall(FrameworkMethod.java:44)
	at org.junit.internal.runners.model.ReflectiveCallable.run(ReflectiveCallable.java:15)
	at org.junit.runners.model.FrameworkMethod.invokeExplosively(FrameworkMethod.java:41)
	at org.junit.internal.runners.statements.InvokeMethod.evaluate(InvokeMethod.java:20)
	at org.junit.rules.TestWatchman$1.evaluate(TestWatchman.java:48)
	at org.junit.runners.BlockJUnit4ClassRunner.runNotIgnored(BlockJUnit4ClassRunner.java:79)
	at org.junit.runners.BlockJUnit4ClassRunner.runChild(BlockJUnit4ClassRunner.java:71)
	at org.junit.runners.BlockJUnit4ClassRunner.runChild(BlockJUnit4ClassRunner.java:49)
	at org.junit.runners.ParentRunner$3.run(ParentRunner.java:193)
	at org.junit.runners.ParentRunner$1.schedule(ParentRunner.java:52)
	at org.junit.runners.ParentRunner.runChildren(ParentRunner.java:191)
	at org.junit.runners.ParentRunner.access$000(ParentRunner.java:42)
	at org.junit.runners.ParentRunner$2.evaluate(ParentRunner.java:184)
	at org.junit.runners.ParentRunner.run(ParentRunner.java:236)
	at org.eclipse.jdt.internal.junit4.runner.JUnit4TestReference.run(JUnit4TestReference.java:86)
	at org.eclipse.jdt.internal.junit.runner.TestExecution.run(TestExecution.java:38)
	at org.eclipse.jdt.internal.junit.runner.RemoteTestRunner.runTests(RemoteTestRunner.java:459)
	at org.eclipse.jdt.internal.junit.runner.RemoteTestRunner.runTests(RemoteTestRunner.java:675)
	at org.eclipse.jdt.internal.junit.runner.RemoteTestRunner.run(RemoteTestRunner.java:382)
	at org.eclipse.jdt.internal.junit.runner.RemoteTestRunner.main(RemoteTestRunner.java:192)
2015-09-08 15:50:28,794  INFO AbstractController:203 S H U T D O W N   ---   start shutdown.
2015-09-08 15:50:28,794 ERROR AbstractController:205 ERROR --- This is an unexpected shutdown!
2015-09-08 15:50:28,794 ERROR AbstractController:208 Shutdown possibly caused by the following Exception:
java.lang.RuntimeException: Exception while processing events. Cannot guarantee that all events have been fully processed.
	at org.matsim.core.events.SimStepParallelEventsManagerImpl.finishProcessing(SimStepParallelEventsManagerImpl.java:202)
	at org.matsim.core.controler.corelisteners.EventsHandlingImpl.notifyAfterMobsim(EventsHandlingImpl.java:117)
	at org.matsim.core.controler.ControlerListenerManager.fireControlerAfterMobsimEvent(ControlerListenerManager.java:245)
	at org.matsim.core.controler.AbstractController$6.run(AbstractController.java:330)
	at org.matsim.core.controler.AbstractController.iterationStep(AbstractController.java:338)
	at org.matsim.core.controler.AbstractController.mobsim(AbstractController.java:326)
	at org.matsim.core.controler.AbstractController.iteration(AbstractController.java:261)
	at org.matsim.core.controler.AbstractController.doIterations(AbstractController.java:198)
	at org.matsim.core.controler.AbstractController.run(AbstractController.java:139)
	at org.matsim.core.controler.Controler.run(Controler.java:214)
	at org.matsim.contrib.multimodal.MultiModalControlerListenerTest.runSimpleScenario(MultiModalControlerListenerTest.java:167)
	at org.matsim.contrib.multimodal.MultiModalControlerListenerTest.testSimpleScenario(MultiModalControlerListenerTest.java:66)
	at sun.reflect.NativeMethodAccessorImpl.invoke0(Native Method)
	at sun.reflect.NativeMethodAccessorImpl.invoke(Unknown Source)
	at sun.reflect.DelegatingMethodAccessorImpl.invoke(Unknown Source)
	at java.lang.reflect.Method.invoke(Unknown Source)
	at org.junit.runners.model.FrameworkMethod$1.runReflectiveCall(FrameworkMethod.java:44)
	at org.junit.internal.runners.model.ReflectiveCallable.run(ReflectiveCallable.java:15)
	at org.junit.runners.model.FrameworkMethod.invokeExplosively(FrameworkMethod.java:41)
	at org.junit.internal.runners.statements.InvokeMethod.evaluate(InvokeMethod.java:20)
	at org.junit.rules.TestWatchman$1.evaluate(TestWatchman.java:48)
	at org.junit.runners.BlockJUnit4ClassRunner.runNotIgnored(BlockJUnit4ClassRunner.java:79)
	at org.junit.runners.BlockJUnit4ClassRunner.runChild(BlockJUnit4ClassRunner.java:71)
	at org.junit.runners.BlockJUnit4ClassRunner.runChild(BlockJUnit4ClassRunner.java:49)
	at org.junit.runners.ParentRunner$3.run(ParentRunner.java:193)
	at org.junit.runners.ParentRunner$1.schedule(ParentRunner.java:52)
	at org.junit.runners.ParentRunner.runChildren(ParentRunner.java:191)
	at org.junit.runners.ParentRunner.access$000(ParentRunner.java:42)
	at org.junit.runners.ParentRunner$2.evaluate(ParentRunner.java:184)
	at org.junit.runners.ParentRunner.run(ParentRunner.java:236)
	at org.eclipse.jdt.internal.junit4.runner.JUnit4TestReference.run(JUnit4TestReference.java:86)
	at org.eclipse.jdt.internal.junit.runner.TestExecution.run(TestExecution.java:38)
	at org.eclipse.jdt.internal.junit.runner.RemoteTestRunner.runTests(RemoteTestRunner.java:459)
	at org.eclipse.jdt.internal.junit.runner.RemoteTestRunner.runTests(RemoteTestRunner.java:675)
	at org.eclipse.jdt.internal.junit.runner.RemoteTestRunner.run(RemoteTestRunner.java:382)
	at org.eclipse.jdt.internal.junit.runner.RemoteTestRunner.main(RemoteTestRunner.java:192)
2015-09-08 15:50:28,795  INFO ControlerListenerManager:122 calling notifyShutdown on org.matsim.core.controler.corelisteners.EventsHandlingImpl
2015-09-08 15:50:28,795  INFO ControlerListenerManager:122 calling notifyShutdown on org.matsim.core.controler.corelisteners.PlansScoringImpl
2015-09-08 15:50:28,795  INFO ControlerListenerManager:127 calling notifyShutdown on org.matsim.analysis.ScoreStatsControlerListener
2015-09-08 15:50:28,795  INFO ControlerListenerManager:130 all ControlerShutdownListeners called.
2015-09-08 15:50:28,795 ERROR AbstractController:223 ERROR --- MATSim unexpectedly terminated. Please check the output or the logfile with warnings and errors for hints.
2015-09-08 15:50:28,796 ERROR AbstractController:224 ERROR --- results should not be used for further analysis.
2015-09-08 15:50:28,796  INFO AbstractController:226 S H U T D O W N   ---   shutdown completed.
2015-09-08 15:50:28,796 ERROR AbstractController:228 ERROR --- This was an unexpected shutdown! See the log file for a possible reason.
2015-09-08 15:50:28,796  INFO OutputDirectoryLogging:168 closing the logfile, i.e. messages sent to the logger after this message are not written to the logfile.
