2016-02-10 11:20:06,375  INFO Gbl:57 JVM: 1.8.0_65; Oracle Corporation; mixed mode; 64-bit
2016-02-10 11:20:06,375  INFO Gbl:61 OS: Windows 7; 6.1; amd64
2016-02-10 11:20:06,376  INFO Gbl:64 CPU cores: 4
2016-02-10 11:20:06,376  INFO Gbl:65 max. Memory: 1762.0MB (1847590912B)
2016-02-10 11:20:06,377  INFO Gbl:103 MATSim-Build: r${buildNumber} (${timestamp})
2016-02-10 11:20:06,377  INFO AbstractController:61 Used Controler-Class: org.matsim.core.controler.NewControler
2016-02-10 11:20:06,379  INFO Injector:66 org.matsim.core.router.util.TravelTime
2016-02-10 11:20:06,382  INFO Injector:67    -> FactoryProxy{key=Key[type=org.matsim.core.router.util.TravelTime, annotation=@com.google.inject.name.Named(value=bike)], provider=com.google.inject.internal.ConstructorBindingImpl$Factory@7c9d8e2}
2016-02-10 11:20:06,382  INFO Injector:66 org.matsim.core.router.costcalculators.TravelDisutilityFactory
2016-02-10 11:20:06,382  INFO Injector:67    -> of(org.matsim.core.router.costcalculators.RandomizingTimeDistanceTravelDisutility$Builder@2002fc1d)
2016-02-10 11:20:06,383  INFO Injector:66 org.matsim.core.mobsim.framework.Mobsim
2016-02-10 11:20:06,383  INFO Injector:67    -> Key[type=playground.smetzler.bike.BikeQSimFactory, annotation=[none]]
2016-02-10 11:20:06,383  INFO Injector:66 org.matsim.api.core.v01.Scenario
2016-02-10 11:20:06,383  INFO Injector:67    -> of(org.matsim.core.scenario.MutableScenario@7dc0f706)
2016-02-10 11:20:06,383  INFO Injector:66 org.matsim.api.core.v01.network.Network
2016-02-10 11:20:06,388  INFO Injector:67    -> @Provides org.matsim.core.scenario.ScenarioByInstanceModule.provideNetwork(ScenarioByInstanceModule.java:37)
2016-02-10 11:20:06,388  INFO Injector:66 org.matsim.vehicles.Vehicles
2016-02-10 11:20:06,388  INFO Injector:67    -> @Provides org.matsim.core.scenario.ScenarioByInstanceModule.provideVehicles(ScenarioByInstanceModule.java:59)
2016-02-10 11:20:06,388  INFO Injector:66 org.matsim.lanes.data.v20.Lanes
2016-02-10 11:20:06,389  INFO Injector:67    -> @Provides org.matsim.core.scenario.ScenarioByInstanceModule.provideLanes(ScenarioByInstanceModule.java:64)
2016-02-10 11:20:06,389  INFO Injector:66 org.matsim.api.core.v01.population.Population
2016-02-10 11:20:06,389  INFO Injector:67    -> @Provides org.matsim.core.scenario.ScenarioByInstanceModule.providePopulation(ScenarioByInstanceModule.java:41)
2016-02-10 11:20:06,389  INFO Injector:66 org.matsim.api.core.v01.population.PopulationFactory
2016-02-10 11:20:06,390  INFO Injector:67    -> @Provides org.matsim.core.scenario.ScenarioByInstanceModule.providePopulationFactory(ScenarioByInstanceModule.java:45)
2016-02-10 11:20:06,390  INFO Injector:66 org.matsim.facilities.ActivityFacilities
2016-02-10 11:20:06,390  INFO Injector:67    -> @Provides org.matsim.core.scenario.ScenarioByInstanceModule.provideActivityFacilities(ScenarioByInstanceModule.java:49)
2016-02-10 11:20:06,390  INFO Injector:66 org.matsim.households.Households
2016-02-10 11:20:06,390  INFO Injector:67    -> @Provides org.matsim.core.scenario.ScenarioByInstanceModule.provideHouseholds(ScenarioByInstanceModule.java:54)
2016-02-10 11:20:06,390  INFO Injector:66 org.matsim.core.controler.ControlerI
2016-02-10 11:20:06,391  INFO Injector:67    -> FactoryProxy{key=Key[type=org.matsim.core.controler.ControlerI, annotation=[none]], provider=com.google.inject.internal.ConstructorBindingImpl$Factory@394df057}[Scopes.SINGLETON]
2016-02-10 11:20:06,391  INFO Injector:66 org.matsim.core.controler.PrepareForSim
2016-02-10 11:20:06,391  INFO Injector:67    -> FactoryProxy{key=Key[type=org.matsim.core.controler.PrepareForSim, annotation=[none]], provider=com.google.inject.internal.ConstructorBindingImpl$Factory@65d09a04}
2016-02-10 11:20:06,391  INFO Injector:66 org.matsim.core.controler.TerminationCriterion
2016-02-10 11:20:06,392  INFO Injector:67    -> FactoryProxy{key=Key[type=org.matsim.core.controler.TerminationCriterion, annotation=[none]], provider=com.google.inject.internal.ConstructorBindingImpl$Factory@707194ba}
2016-02-10 11:20:06,392  INFO Injector:66 org.matsim.core.controler.MatsimServices
2016-02-10 11:20:06,392  INFO Injector:67    -> FactoryProxy{key=Key[type=org.matsim.core.controler.MatsimServices, annotation=[none]], provider=com.google.inject.internal.ConstructorBindingImpl$Factory@45b4c3a9}
2016-02-10 11:20:06,419  INFO Injector:66 org.matsim.core.controler.listener.ControlerListener
2016-02-10 11:20:06,420  INFO Injector:67    -> of(org.matsim.core.scoring.ExperiencedPlanElementsModule$1@3c22fc4c)
2016-02-10 11:20:06,420  INFO Injector:66 org.matsim.core.scoring.ExperiencedPlanElementsService
2016-02-10 11:20:06,421  INFO Injector:67    -> FactoryProxy{key=Key[type=org.matsim.core.scoring.ExperiencedPlanElementsService, annotation=[none]], provider=com.google.inject.internal.ConstructorBindingImpl$Factory@8c3b9d}[Scopes.SINGLETON]
2016-02-10 11:20:06,421  INFO Injector:66 org.matsim.core.scoring.ExperiencedPlansService
2016-02-10 11:20:06,421  INFO Injector:67    -> FactoryProxy{key=Key[type=org.matsim.core.scoring.ExperiencedPlansService, annotation=[none]], provider=com.google.inject.internal.ConstructorBindingImpl$Factory@7ee8290b[Scopes.SINGLETON]}
2016-02-10 11:20:06,422  INFO Injector:66 org.matsim.core.controler.corelisteners.PlansScoring
2016-02-10 11:20:06,422  INFO Injector:67    -> FactoryProxy{key=Key[type=org.matsim.core.controler.corelisteners.PlansScoring, annotation=[none]], provider=com.google.inject.internal.ConstructorBindingImpl$Factory@192c3f1e[Scopes.SINGLETON]}
2016-02-10 11:20:06,422  INFO Injector:66 org.matsim.core.controler.corelisteners.PlansReplanning
2016-02-10 11:20:06,422  INFO Injector:67    -> FactoryProxy{key=Key[type=org.matsim.core.controler.corelisteners.PlansReplanning, annotation=[none]], provider=com.google.inject.internal.ConstructorBindingImpl$Factory@561b6512[Scopes.SINGLETON]}
2016-02-10 11:20:06,422  INFO Injector:66 org.matsim.core.controler.corelisteners.PlansDumping
2016-02-10 11:20:06,423  INFO Injector:67    -> FactoryProxy{key=Key[type=org.matsim.core.controler.corelisteners.PlansDumping, annotation=[none]], provider=com.google.inject.internal.ConstructorBindingImpl$Factory@445b295b[Scopes.SINGLETON]}
2016-02-10 11:20:06,423  INFO Injector:66 org.matsim.core.controler.corelisteners.EventsHandling
2016-02-10 11:20:06,423  INFO Injector:67    -> FactoryProxy{key=Key[type=org.matsim.core.controler.corelisteners.EventsHandling, annotation=[none]], provider=com.google.inject.internal.ConstructorBindingImpl$Factory@757277dc[Scopes.SINGLETON]}
2016-02-10 11:20:06,423  INFO Injector:66 org.matsim.core.controler.corelisteners.DumpDataAtEnd
2016-02-10 11:20:06,423  INFO Injector:67    -> FactoryProxy{key=Key[type=org.matsim.core.controler.corelisteners.DumpDataAtEnd, annotation=[none]], provider=com.google.inject.internal.ConstructorBindingImpl$Factory@6aaceffd[Scopes.SINGLETON]}
2016-02-10 11:20:06,424  INFO Injector:66 org.matsim.core.api.experimental.events.EventsManager
2016-02-10 11:20:06,424  INFO Injector:67    -> FactoryProxy{key=Key[type=org.matsim.core.api.experimental.events.EventsManager, annotation=[none]], provider=com.google.inject.internal.ConstructorBindingImpl$Factory@3af9c5b7}[Scopes.SINGLETON]
2016-02-10 11:20:06,424  INFO Injector:66 org.matsim.core.trafficmonitoring.TravelTimeCalculator
2016-02-10 11:20:06,424  INFO Injector:67    -> Key[type=org.matsim.core.trafficmonitoring.TravelTimeCalculatorModule$TravelTimeCalculatorProvider, annotation=[none]][Scopes.SINGLETON]
2016-02-10 11:20:06,424  INFO Injector:66 org.matsim.core.router.util.TravelTime
2016-02-10 11:20:06,424  INFO Injector:67    -> Key[type=org.matsim.core.trafficmonitoring.TravelTimeCalculatorModule$FromTravelTimeCalculator, annotation=[none]]
2016-02-10 11:20:06,425  INFO Injector:66 org.matsim.core.router.costcalculators.TravelDisutilityFactory
2016-02-10 11:20:06,425  INFO Injector:67    -> of(org.matsim.core.router.costcalculators.RandomizingTimeDistanceTravelDisutility$Builder@4e3958e7)
2016-02-10 11:20:06,425  INFO Injector:66 org.matsim.core.scoring.ScoringFunctionFactory
2016-02-10 11:20:06,425  INFO Injector:67    -> FactoryProxy{key=Key[type=org.matsim.core.scoring.ScoringFunctionFactory, annotation=[none]], provider=com.google.inject.internal.ConstructorBindingImpl$Factory@5c90e579}
2016-02-10 11:20:06,425  INFO Injector:66 org.matsim.core.scoring.functions.CharyparNagelScoringParametersForPerson
2016-02-10 11:20:06,425  INFO Injector:67    -> FactoryProxy{key=Key[type=org.matsim.core.scoring.functions.CharyparNagelScoringParametersForPerson, annotation=[none]], provider=com.google.inject.internal.ConstructorBindingImpl$Factory@38e79ae3}
2016-02-10 11:20:06,426  INFO Injector:66 org.matsim.core.router.util.LeastCostPathCalculatorFactory
2016-02-10 11:20:06,426  INFO Injector:67    -> FactoryProxy{key=Key[type=org.matsim.core.router.util.LeastCostPathCalculatorFactory, annotation=[none]], provider=com.google.inject.internal.ConstructorBindingImpl$Factory@291b4bf5[Scopes.SINGLETON]}
2016-02-10 11:20:06,426  INFO Injector:66 org.matsim.core.router.RoutingModule
2016-02-10 11:20:06,426  INFO Injector:67    -> org.matsim.core.router.TripRouterFactoryModule$TeleportationRoutingModuleProvider@460d0a57
2016-02-10 11:20:06,426  INFO Injector:66 org.matsim.core.router.RoutingModule
2016-02-10 11:20:06,426  INFO Injector:67    -> org.matsim.core.router.TripRouterFactoryModule$NetworkRoutingModuleProvider@47d90b9e
2016-02-10 11:20:06,427  INFO Injector:66 org.matsim.core.router.RoutingModule
2016-02-10 11:20:06,427  INFO Injector:67    -> org.matsim.core.router.TripRouterFactoryModule$NetworkRoutingModuleProvider@1184ab05
2016-02-10 11:20:06,427  INFO Injector:66 org.matsim.core.router.MainModeIdentifier
2016-02-10 11:20:06,427  INFO Injector:67    -> FactoryProxy{key=Key[type=org.matsim.core.router.MainModeIdentifier, annotation=[none]], provider=com.google.inject.internal.ConstructorBindingImpl$Factory@7b02881e}
2016-02-10 11:20:06,427  INFO Injector:66 org.matsim.core.router.TripRouter
2016-02-10 11:20:06,427  INFO Injector:67    -> Key[type=org.matsim.core.router.TripRouterModule$RealTripRouterProvider, annotation=[none]]
2016-02-10 11:20:06,427  INFO Injector:66 org.matsim.core.replanning.selectors.GenericPlanSelector<org.matsim.api.core.v01.population.Plan, org.matsim.api.core.v01.population.Person>
2016-02-10 11:20:06,428  INFO Injector:67    -> FactoryProxy{key=Key[type=org.matsim.core.replanning.selectors.GenericPlanSelector<org.matsim.api.core.v01.population.Plan, org.matsim.api.core.v01.population.Person>, annotation=[none]], provider=com.google.inject.internal.ConstructorBindingImpl$Factory@d21a74c}
2016-02-10 11:20:06,428  INFO Injector:66 org.matsim.core.replanning.PlanStrategy
2016-02-10 11:20:06,428  INFO Injector:67    -> Key[type=org.matsim.core.replanning.strategies.ChangeExpBetaPlanStrategyProvider, annotation=[none]]
2016-02-10 11:20:06,428  INFO Injector:66 org.matsim.core.replanning.PlanStrategy
2016-02-10 11:20:06,428  INFO Injector:67    -> Key[type=org.matsim.core.replanning.strategies.ReRoutePlanStrategyProvider, annotation=[none]]
2016-02-10 11:20:06,428  INFO Injector:66 org.matsim.core.replanning.ReplanningContext
2016-02-10 11:20:06,428  INFO Injector:67    -> FactoryProxy{key=Key[type=org.matsim.core.replanning.ReplanningContext, annotation=[none]], provider=com.google.inject.internal.ConstructorBindingImpl$Factory@6a2b953e[Scopes.SINGLETON]}
2016-02-10 11:20:06,429  INFO Injector:66 org.matsim.core.controler.listener.ControlerListener
2016-02-10 11:20:06,429  INFO Injector:67    -> FactoryProxy{key=Key[type=org.matsim.core.controler.listener.ControlerListener, annotation=@com.google.inject.multibindings.Element(setName=,uniqueId=45, type=MULTIBINDER, keyType=)], provider=com.google.inject.internal.ConstructorBindingImpl$Factory@6a2b953e[Scopes.SINGLETON]}
2016-02-10 11:20:06,432  INFO Injector:66 org.matsim.core.replanning.PlanStrategy
2016-02-10 11:20:06,433  INFO Injector:67    -> FactoryProxy{key=Key[type=org.matsim.core.replanning.PlanStrategy, annotation=@com.google.inject.multibindings.Element(setName=,uniqueId=46, type=MAPBINDER, keyType=org.matsim.core.config.groups.StrategyConfigGroup$StrategySettings)], provider=Key[type=org.matsim.core.replanning.strategies.ChangeExpBetaPlanStrategyProvider, annotation=[none]]}
2016-02-10 11:20:06,433  INFO Injector:66 org.matsim.core.replanning.PlanStrategy
2016-02-10 11:20:06,433  INFO Injector:67    -> FactoryProxy{key=Key[type=org.matsim.core.replanning.PlanStrategy, annotation=@com.google.inject.multibindings.Element(setName=,uniqueId=48, type=MAPBINDER, keyType=org.matsim.core.config.groups.StrategyConfigGroup$StrategySettings)], provider=Key[type=org.matsim.core.replanning.strategies.ReRoutePlanStrategyProvider, annotation=[none]]}
2016-02-10 11:20:06,433  INFO Injector:66 org.matsim.core.controler.listener.ControlerListener
2016-02-10 11:20:06,434  INFO Injector:67    -> FactoryProxy{key=Key[type=org.matsim.core.controler.listener.ControlerListener, annotation=@com.google.inject.multibindings.Element(setName=,uniqueId=50, type=MULTIBINDER, keyType=)], provider=com.google.inject.internal.ConstructorBindingImpl$Factory@6a03bcb1[Scopes.SINGLETON]}
2016-02-10 11:20:06,434  INFO Injector:66 org.matsim.core.controler.listener.ControlerListener
2016-02-10 11:20:06,434  INFO Injector:67    -> FactoryProxy{key=Key[type=org.matsim.core.controler.listener.ControlerListener, annotation=@com.google.inject.multibindings.Element(setName=,uniqueId=51, type=MULTIBINDER, keyType=)], provider=com.google.inject.internal.ConstructorBindingImpl$Factory@5609159b}
2016-02-10 11:20:06,434  INFO Injector:66 org.matsim.core.controler.listener.ControlerListener
2016-02-10 11:20:06,434  INFO Injector:67    -> FactoryProxy{key=Key[type=org.matsim.core.controler.listener.ControlerListener, annotation=@com.google.inject.multibindings.Element(setName=,uniqueId=52, type=MULTIBINDER, keyType=)], provider=com.google.inject.internal.ConstructorBindingImpl$Factory@68567e20}
2016-02-10 11:20:06,434  INFO Injector:66 org.matsim.core.controler.listener.ControlerListener
2016-02-10 11:20:06,435  INFO Injector:67    -> FactoryProxy{key=Key[type=org.matsim.core.controler.listener.ControlerListener, annotation=@com.google.inject.multibindings.Element(setName=,uniqueId=53, type=MULTIBINDER, keyType=)], provider=com.google.inject.internal.ConstructorBindingImpl$Factory@394a2528}
2016-02-10 11:20:06,435  INFO Injector:66 org.matsim.core.controler.listener.ControlerListener
2016-02-10 11:20:06,435  INFO Injector:67    -> FactoryProxy{key=Key[type=org.matsim.core.controler.listener.ControlerListener, annotation=@com.google.inject.multibindings.Element(setName=,uniqueId=54, type=MULTIBINDER, keyType=)], provider=com.google.inject.internal.ConstructorBindingImpl$Factory@fa36558[Scopes.SINGLETON]}
2016-02-10 11:20:06,435  INFO Injector:66 org.matsim.analysis.ScoreStats
2016-02-10 11:20:06,436  INFO Injector:67    -> FactoryProxy{key=Key[type=org.matsim.analysis.ScoreStats, annotation=[none]], provider=com.google.inject.internal.ConstructorBindingImpl$Factory@fa36558[Scopes.SINGLETON]}
2016-02-10 11:20:06,436  INFO Injector:66 org.matsim.core.controler.listener.ControlerListener
2016-02-10 11:20:06,436  INFO Injector:67    -> FactoryProxy{key=Key[type=org.matsim.core.controler.listener.ControlerListener, annotation=@com.google.inject.multibindings.Element(setName=,uniqueId=55, type=MULTIBINDER, keyType=)], provider=com.google.inject.internal.ConstructorBindingImpl$Factory@fd07cbb}
2016-02-10 11:20:06,436  INFO Injector:66 org.matsim.counts.Counts<org.matsim.api.core.v01.network.Link>
2016-02-10 11:20:06,437  INFO Injector:67    -> @Provides org.matsim.counts.CountsModule.provideLinkCounts(CountsModule.java:59)[Scopes.SINGLETON]
2016-02-10 11:20:06,438  INFO Injector:66 org.matsim.core.controler.listener.ControlerListener
2016-02-10 11:20:06,438  INFO Injector:67    -> FactoryProxy{key=Key[type=org.matsim.core.controler.listener.ControlerListener, annotation=@com.google.inject.multibindings.Element(setName=,uniqueId=56, type=MULTIBINDER, keyType=)], provider=com.google.inject.internal.ConstructorBindingImpl$Factory@7748410a}
2016-02-10 11:20:06,438  INFO Injector:66 org.matsim.core.mobsim.framework.listeners.MobsimListener
2016-02-10 11:20:06,438  INFO Injector:67    -> Key[type=org.matsim.vis.snapshotwriters.SnapshotWritersModule$SnapshotWriterManagerProvider, annotation=[none]]
2016-02-10 11:20:06,438  INFO Injector:66 org.matsim.core.router.RoutingModule
2016-02-10 11:20:06,438  INFO Injector:67    -> FactoryProxy{key=Key[type=org.matsim.core.router.RoutingModule, annotation=@com.google.inject.multibindings.Element(setName=,uniqueId=58, type=MAPBINDER, keyType=java.lang.String)], provider=org.matsim.core.router.TripRouterFactoryModule$NetworkRoutingModuleProvider@47d90b9e}
2016-02-10 11:20:06,439  INFO Injector:66 org.matsim.core.router.RoutingModule
2016-02-10 11:20:06,439  INFO Injector:67    -> FactoryProxy{key=Key[type=org.matsim.core.router.RoutingModule, annotation=@com.google.inject.multibindings.Element(setName=,uniqueId=60, type=MAPBINDER, keyType=java.lang.String)], provider=org.matsim.core.router.TripRouterFactoryModule$TeleportationRoutingModuleProvider@460d0a57}
2016-02-10 11:20:06,439  INFO Injector:66 org.matsim.core.router.RoutingModule
2016-02-10 11:20:06,439  INFO Injector:67    -> FactoryProxy{key=Key[type=org.matsim.core.router.RoutingModule, annotation=@com.google.inject.multibindings.Element(setName=,uniqueId=62, type=MAPBINDER, keyType=java.lang.String)], provider=org.matsim.core.router.TripRouterFactoryModule$NetworkRoutingModuleProvider@1184ab05}
2016-02-10 11:20:06,439  INFO Injector:66 org.matsim.core.router.util.TravelTime
2016-02-10 11:20:06,440  INFO Injector:67    -> FactoryProxy{key=Key[type=org.matsim.core.router.util.TravelTime, annotation=@com.google.inject.multibindings.Element(setName=,uniqueId=64, type=MAPBINDER, keyType=java.lang.String)], provider=Key[type=org.matsim.core.trafficmonitoring.TravelTimeCalculatorModule$FromTravelTimeCalculator, annotation=[none]]}
2016-02-10 11:20:06,440  INFO Injector:66 org.matsim.core.router.util.TravelTime
2016-02-10 11:20:06,440  INFO Injector:67    -> FactoryProxy{key=Key[type=org.matsim.core.router.util.TravelTime, annotation=@com.google.inject.multibindings.Element(setName=,uniqueId=66, type=MAPBINDER, keyType=java.lang.String)], provider=FactoryProxy{key=Key[type=org.matsim.core.router.util.TravelTime, annotation=@com.google.inject.name.Named(value=bike)], provider=com.google.inject.internal.ConstructorBindingImpl$Factory@7c9d8e2}}
2016-02-10 11:20:06,440  INFO Injector:66 org.matsim.core.router.costcalculators.TravelDisutilityFactory
2016-02-10 11:20:06,440  INFO Injector:67    -> FactoryProxy{key=Key[type=org.matsim.core.router.costcalculators.TravelDisutilityFactory, annotation=@com.google.inject.multibindings.Element(setName=,uniqueId=68, type=MAPBINDER, keyType=java.lang.String)], provider=ConstantFactory{value=org.matsim.core.router.costcalculators.RandomizingTimeDistanceTravelDisutility$Builder@4e3958e7}[Scopes.SINGLETON]}
2016-02-10 11:20:06,441  INFO Injector:66 org.matsim.core.router.costcalculators.TravelDisutilityFactory
2016-02-10 11:20:06,441  INFO Injector:67    -> FactoryProxy{key=Key[type=org.matsim.core.router.costcalculators.TravelDisutilityFactory, annotation=@com.google.inject.multibindings.Element(setName=,uniqueId=70, type=MAPBINDER, keyType=java.lang.String)], provider=ConstantFactory{value=org.matsim.core.router.costcalculators.RandomizingTimeDistanceTravelDisutility$Builder@2002fc1d}[Scopes.SINGLETON]}
2016-02-10 11:20:06,441  INFO Injector:66 org.matsim.analysis.IterationStopWatch
2016-02-10 11:20:06,441  INFO Injector:67    -> com.google.inject.internal.ConstructorBindingImpl$Factory@574b560f[Scopes.SINGLETON]
2016-02-10 11:20:06,441  INFO Injector:66 org.matsim.core.controler.OutputDirectoryHierarchy
2016-02-10 11:20:06,442  INFO Injector:67    -> com.google.inject.internal.ConstructorBindingImpl$Factory@3943a2be[Scopes.SINGLETON]
2016-02-10 11:20:06,442  INFO Injector:66 org.matsim.core.scoring.EventsToActivities
2016-02-10 11:20:06,442  INFO Injector:67    -> com.google.inject.internal.ConstructorBindingImpl$Factory@71c3b41[Scopes.SINGLETON]
2016-02-10 11:20:06,442  INFO Injector:66 org.matsim.core.scoring.EventsToLegs
2016-02-10 11:20:06,442  INFO Injector:67    -> com.google.inject.internal.ConstructorBindingImpl$Factory@6bf0219d[Scopes.SINGLETON]
2016-02-10 11:20:06,442  INFO Injector:66 org.matsim.core.scoring.ScoringFunctionsForPopulation
2016-02-10 11:20:06,443  INFO Injector:67    -> com.google.inject.internal.ConstructorBindingImpl$Factory@7ee8290b[Scopes.SINGLETON]
2016-02-10 11:20:06,443  INFO Injector:66 org.matsim.core.events.EventsManagerModule$EventHandlerRegistrator
2016-02-10 11:20:06,443  INFO Injector:67    -> com.google.inject.internal.ConstructorBindingImpl$Factory@87a85e1[Scopes.SINGLETON]
2016-02-10 11:20:06,443  INFO Injector:66 org.matsim.core.router.SingleModeNetworksCache
2016-02-10 11:20:06,443  INFO Injector:67    -> com.google.inject.internal.ConstructorBindingImpl$Factory@3c947bc5[Scopes.SINGLETON]
2016-02-10 11:20:06,443  INFO Injector:66 org.matsim.core.replanning.StrategyManager
2016-02-10 11:20:06,443  INFO Injector:67    -> com.google.inject.internal.ConstructorBindingImpl$Factory@1356d4d4[Scopes.SINGLETON]
2016-02-10 11:20:06,444  INFO Injector:66 org.matsim.core.replanning.ReplanningContextImpl
2016-02-10 11:20:06,444  INFO Injector:67    -> com.google.inject.internal.ConstructorBindingImpl$Factory@6a2b953e[Scopes.SINGLETON]
2016-02-10 11:20:06,444  INFO Injector:66 org.matsim.analysis.CalcLinkStats
2016-02-10 11:20:06,444  INFO Injector:67    -> com.google.inject.internal.ConstructorBindingImpl$Factory@53aad5d5[Scopes.SINGLETON]
2016-02-10 11:20:06,444  INFO Injector:66 org.matsim.analysis.LinkStatsControlerListener
2016-02-10 11:20:06,444  INFO Injector:67    -> com.google.inject.internal.ConstructorBindingImpl$Factory@6a03bcb1[Scopes.SINGLETON]
2016-02-10 11:20:06,444  INFO Injector:66 org.matsim.analysis.VolumesAnalyzer
2016-02-10 11:20:06,445  INFO Injector:67    -> com.google.inject.internal.ConstructorBindingImpl$Factory@5f683daf[Scopes.SINGLETON]
2016-02-10 11:20:06,445  INFO Injector:66 org.matsim.analysis.LegHistogram
2016-02-10 11:20:06,445  INFO Injector:67    -> com.google.inject.internal.ConstructorBindingImpl$Factory@76f2bbc1
2016-02-10 11:20:06,445  INFO Injector:66 org.matsim.analysis.CalcLegTimes
2016-02-10 11:20:06,445  INFO Injector:67    -> com.google.inject.internal.ConstructorBindingImpl$Factory@6c779568[Scopes.SINGLETON]
2016-02-10 11:20:06,445  INFO Injector:66 org.matsim.analysis.TravelDistanceStats
2016-02-10 11:20:06,446  INFO Injector:67    -> com.google.inject.internal.ConstructorBindingImpl$Factory@7e9131d5[Scopes.SINGLETON]
2016-02-10 11:20:06,446  INFO Injector:66 org.matsim.analysis.ScoreStatsControlerListener
2016-02-10 11:20:06,446  INFO Injector:67    -> com.google.inject.internal.ConstructorBindingImpl$Factory@fa36558[Scopes.SINGLETON]
2016-02-10 11:20:06,446  INFO Injector:66 org.matsim.counts.CountsModule$CountsInitializer
2016-02-10 11:20:06,446  INFO Injector:67    -> com.google.inject.internal.ConstructorBindingImpl$Factory@152aa092[Scopes.SINGLETON]
2016-02-10 11:20:06,463  INFO ControlerListenerManager:108 calling notifyStartup on org.matsim.counts.CountsControlerListener
2016-02-10 11:20:06,464  INFO ControlerListenerManager:108 calling notifyStartup on org.matsim.analysis.ScoreStatsControlerListener
2016-02-10 11:20:06,465  INFO ControlerListenerManager:111 all ControlerStartupListeners called.
2016-02-10 11:20:06,466  INFO ControlerUtils:57 config dump before iterations start
2016-02-10 11:20:06,490  INFO ControlerUtils:61 

<?xml version="1.0" encoding="UTF-8"?>
<!DOCTYPE config SYSTEM "http://www.matsim.org/files/dtd/config_v2.dtd">
<config>

<!-- ====================================================================== -->

	<module name="TimeAllocationMutator" >
		<param name="mutationAffectsDuration" value="true" />

		<!-- Default:1800.0; Defines how many seconds a time mutation can maximally shift a time. -->
		<param name="mutationRange" value="1800.0" />
	</module>

<!-- ====================================================================== -->

	<module name="bike" >

		<!-- Path to a file containing information for the network's links (required file format: ObjectAttributes). -->
		<param name="inputNetworkObjectattributeFile" value="input/network/equilNetwork_attWithSlopeAndSurface.xml" />

		<!-- ReferenceBikeSpeed // 6.01 according to Prakin and Rotheram -->
		<param name="referenceBikeSpeed" value="3.0" />
	</module>

<!-- ====================================================================== -->

	<module name="changeLegMode" >
		<param name="ignoreCarAvailability" value="true" />
		<param name="modes" value="car,pt" />
	</module>

<!-- ====================================================================== -->

	<module name="controler" >

		<!-- Sets whether graphs showing some analyses should automatically be generated during the simulation. The generation of graphs usually takes a small amount of time that does not have any weight in big simulations, but add a significant overhead in smaller runs or in test cases where the graphical output is not even requested. -->
		<param name="createGraphs" value="true" />

		<!-- true if at the end of a run, plans, network, config etc should be dumped to a file -->
		<param name="dumpDataAtEnd" value="true" />

		<!-- Default=false;  -->
		<param name="enableLinkToLinkRouting" value="false" />

		<!-- Default=xml; Specifies the file format for writing events. Currently supported: txt, xml.
		Multiple values can be specified separated by commas (','). -->
		<param name="eventsFileFormat" value="xml" />

		<!-- Default=0;  -->
		<param name="firstIteration" value="0" />

		<!-- Default=1000;  -->
		<param name="lastIteration" value="100" />

		<!-- Defines which mobility simulation will be used. Currently supported: qsim JDEQSim 
		Depending on the chosen mobsim, you'll have to add additional config modules to configure the corresponding mobsim.
		For 'qsim', add a module 'qsim' to the config. -->
		<param name="mobsim" value="qsim" />

		<param name="outputDirectory" value="./output/equil_bike_0902_wSlopeAndSurfaceCapit100" />

		<!-- Possible values: failIfDirectoryExists, overwriteExistingFiles, deleteDirectoryIfExists -->
		<param name="overwriteFiles" value="overwriteExistingFiles" />

		<!-- The type of routing (least cost path) algorithm used, may have the values: Dijkstra, FastDijkstra, AStarLandmarks or FastAStarLandmarks -->
		<param name="routingAlgorithmType" value="Dijkstra" />

		<!-- An identifier for the current run which is used as prefix for output files and mentioned in output xml files etc. -->
		<param name="runId" value="null" />

		<!-- Comma-separated list of visualizer output file formats. `transims', `googleearth', and `otfvis'. -->
		<param name="snapshotFormat" value="" />

		<!-- iterationNumber % writeEventsInterval == 0 defines in which iterations events are written to a file. `0' disables events writing completely. -->
		<param name="writeEventsInterval" value="10" />

		<!-- iterationNumber % writePlansInterval == 0 defines (hopefully) in which iterations plans are written to a file. `0' disables plans writing completely.  Some plans in early iterations are always written -->
		<param name="writePlansInterval" value="10" />

		<!-- iterationNumber % writeSnapshotsInterval == 0 defines in which iterations snapshots are written to a file. `0' disables snapshots writing completely -->
		<param name="writeSnapshotsInterval" value="1" />
	</module>

<!-- ====================================================================== -->

	<module name="counts" >

		<!-- Transport modes that will be respected for the counts comparison. 'car' is default, which includes also bussed from the pt simulation module. Use this parameter in combination with 'filterModes' = true! -->
		<param name="analyzedModes" value="car" />

		<!-- Specifies over how many iterations the link volumes should be averaged that are used for the counts comparison. Use 1 or 0 to only use the link volumes of a single iteration. This values cannot be larger than the value specified for writeCountsInterval -->
		<param name="averageCountsOverIterations" value="5" />

		<!-- factor by which to re-scale the simulated values.  necessary when simulation runs with something different from 100%.  needs to be adapted manually -->
		<param name="countsScaleFactor" value="1.0" />

		<!-- distance to distanceFilterCenterNode to include counting stations. The unit of distance is the Euclidean distance implied by the coordinate system -->
		<param name="distanceFilter" value="null" />

		<!-- node id for center node of distance filter -->
		<param name="distanceFilterCenterNode" value="null" />

		<!-- If true, link counts from legs performed on modes not included in the 'analyzedModes' parameter are ignored. -->
		<param name="filterModes" value="false" />

		<!-- input file name to counts package -->
		<param name="inputCountsFile" value="null" />

		<!-- possible values: `html', `kml', `txt', `all' -->
		<param name="outputformat" value="txt" />

		<!-- Specifies how often the counts comparison should be calculated and written. -->
		<param name="writeCountsInterval" value="10" />
	</module>

<!-- ====================================================================== -->

	<module name="facilities" >
		<param name="inputFacilitiesFile" value="null" />
		<param name="inputFacilityAttributesFile" value="null" />
	</module>

<!-- ====================================================================== -->

	<module name="global" >
		<param name="coordinateSystem" value="Atlantis" />

		<!-- "global" number of threads.  This number is used, e.g., for replanning, but NOT in the mobsim.  This can typically be set to as many cores as you have available, or possibly even slightly more. -->
		<param name="numberOfThreads" value="2" />

		<param name="randomSeed" value="4711" />
	</module>

<!-- ====================================================================== -->

	<module name="households" >
		<param name="inputFile" value="null" />
		<param name="inputHouseholdAttributesFile" value="null" />
	</module>

<!-- ====================================================================== -->

	<module name="linkStats" >

		<!-- Specifies over how many iterations the link volumes should be averaged that are used for the link statistics. Use 1 or 0 to only use the link volumes of a single iteration. This values cannot be larger than the value specified for writeLinkStatsInterval -->
		<param name="averageLinkStatsOverIterations" value="5" />

		<!-- Specifies how often the link stats should be calculated and written. Use 0 to disable the generation of link stats. -->
		<param name="writeLinkStatsInterval" value="10" />
	</module>

<!-- ====================================================================== -->

	<module name="network" >
		<param name="inputChangeEventsFile" value="null" />
		<param name="inputNetworkFile" value="input/network/equilNetworkReducedCapAndLength.xml" />
		<param name="laneDefinitionsFile" value="null" />
		<param name="timeVariantNetwork" value="false" />
	</module>

<!-- ====================================================================== -->

	<module name="parallelEventHandling" >

		<!-- Estimated number of events during mobsim run. An optional optimization hint for the framework. -->
		<param name="estimatedNumberOfEvents" value="null" />

		<!-- Number of threads for parallel events handler. 0 or null means the framework decides by itself. -->
		<param name="numberOfThreads" value="null" />

		<!-- If enabled, each event handler is assigned to its own thread. Note that enabling this feature disabled the numberOfThreads option! This feature is still experimental! -->
		<param name="oneThreadPerHandler" value="false" />

		<!-- If enabled, it is ensured that all events that are created during a time step of the mobility simulation are processed before the next time step is simulated. E.g. neccessary when within-day replanning is used. -->
		<param name="synchronizeOnSimSteps" value="true" />
	</module>

<!-- ====================================================================== -->

	<module name="planCalcScore" >

		<!-- logit model scale parameter. default: 1.  Has name and default value for historical reasons (see Bryan Raney's phd thesis). -->
		<param name="BrainExpBeta" value="2.0" />

		<param name="PathSizeLogitBeta" value="1.0" />

		<!-- fraction of iterations at which MSA score averaging is started. The matsim theory department suggests to use this together with switching off choice set innovation (where a similar switch exists), but it has not been tested yet. -->
		<param name="fractionOfIterationsToStartScoreMSA" value="null" />

		<!-- new_score = (1-learningRate)*old_score + learningRate * score_from_mobsim.  learning rates close to zero emulate score averaging, but slow down initial convergence -->
		<param name="learningRate" value="1.0" />

		<!-- There used to be a plateau between duration=0 and duration=zeroUtilityDuration. This caused durations to evolve to zero once they were below zeroUtilityDuration, causing problems.  Only use this switch if you need to be backwards compatible with some old results.  (changed nov'13) -->
		<param name="usingOldScoringBelowZeroUtilityDuration" value="false" />

		<!-- write a plans file in each iteration directory which contains what each agent actually did, and the score it received. -->
		<param name="writeExperiencedPlans" value="false" />

		<parameterset type="scoringParameters" >
			<param name="earlyDeparture" value="-0.0" />
			<param name="lateArrival" value="-18.0" />
			<param name="marginalUtilityOfMoney" value="1.0" />
			<param name="performing" value="6.0" />
			<param name="subpopulation" value="null" />
			<param name="utilityOfLineSwitch" value="-1.0" />
			<param name="waiting" value="-0.0" />
			<param name="waitingPt" value="-6.0" />

			<parameterset type="activityParams" >
				<param name="activityType" value="home" />
				<param name="closingTime" value="undefined" />
				<param name="earliestEndTime" value="undefined" />
				<param name="latestStartTime" value="undefined" />
				<param name="minimalDuration" value="08:00:00" />
				<param name="openingTime" value="undefined" />
				<param name="priority" value="1.0" />
				<param name="scoringThisActivityAtAll" value="true" />
				<param name="typicalDuration" value="12:00:00" />

				<!-- method to compute score at typical duration.  Use uniform for backwards compatibility (all activities same score; higher proba to drop long acts). -->
				<param name="typicalDurationScoreComputation" value="uniform" />
			</parameterset>

			<parameterset type="activityParams" >
				<param name="activityType" value="work" />
				<param name="closingTime" value="18:00:00" />
				<param name="earliestEndTime" value="undefined" />
				<param name="latestStartTime" value="09:00:00" />
				<param name="minimalDuration" value="06:00:00" />
				<param name="openingTime" value="07:00:00" />
				<param name="priority" value="1.0" />
				<param name="scoringThisActivityAtAll" value="true" />
				<param name="typicalDuration" value="08:00:00" />

				<!-- method to compute score at typical duration.  Use uniform for backwards compatibility (all activities same score; higher proba to drop long acts). -->
				<param name="typicalDurationScoreComputation" value="uniform" />
			</parameterset>

			<parameterset type="activityParams" >
				<param name="activityType" value="edu" />
				<param name="closingTime" value="undefined" />
				<param name="earliestEndTime" value="undefined" />
				<param name="latestStartTime" value="undefined" />
				<param name="minimalDuration" value="undefined" />
				<param name="openingTime" value="undefined" />
				<param name="priority" value="1.0" />
				<param name="scoringThisActivityAtAll" value="true" />
				<param name="typicalDuration" value="08:00:00" />

				<!-- method to compute score at typical duration.  Use uniform for backwards compatibility (all activities same score; higher proba to drop long acts). -->
				<param name="typicalDurationScoreComputation" value="uniform" />
			</parameterset>

			<parameterset type="modeParams" >

				<!-- [utils] alternative-specific constant.  no guarantee that this is used anywhere. default=0 to be backwards compatible for the time being -->
				<param name="constant" value="0.0" />

				<!-- [utils/m] utility of walking per m, normally negative.  this is on top of the time (dis)utility. -->
				<param name="marginalUtilityOfDistance_util_m" value="0.0" />

				<!-- [utils/hr] additional marginal utility of traveling.  normally negative.  this comes on top of the opportunity cost of time -->
				<param name="marginalUtilityOfTraveling_util_hr" value="-6.0" />

				<param name="mode" value="car" />
				<param name="monetaryDistanceRate" value="0.0" />
			</parameterset>

			<parameterset type="modeParams" >

				<!-- [utils] alternative-specific constant.  no guarantee that this is used anywhere. default=0 to be backwards compatible for the time being -->
				<param name="constant" value="0.0" />

				<!-- [utils/m] utility of walking per m, normally negative.  this is on top of the time (dis)utility. -->
				<param name="marginalUtilityOfDistance_util_m" value="0.0" />

				<!-- [utils/hr] additional marginal utility of traveling.  normally negative.  this comes on top of the opportunity cost of time -->
				<param name="marginalUtilityOfTraveling_util_hr" value="-6.0" />

				<param name="mode" value="pt" />
				<param name="monetaryDistanceRate" value="0.0" />
			</parameterset>

			<parameterset type="modeParams" >

				<!-- [utils] alternative-specific constant.  no guarantee that this is used anywhere. default=0 to be backwards compatible for the time being -->
				<param name="constant" value="0.0" />

				<!-- [utils/m] utility of walking per m, normally negative.  this is on top of the time (dis)utility. -->
				<param name="marginalUtilityOfDistance_util_m" value="0.0" />

				<!-- [utils/hr] additional marginal utility of traveling.  normally negative.  this comes on top of the opportunity cost of time -->
				<param name="marginalUtilityOfTraveling_util_hr" value="-6.0" />

				<param name="mode" value="walk" />
				<param name="monetaryDistanceRate" value="0.0" />
			</parameterset>

			<parameterset type="modeParams" >

				<!-- [utils] alternative-specific constant.  no guarantee that this is used anywhere. default=0 to be backwards compatible for the time being -->
				<param name="constant" value="0.0" />

				<!-- [utils/m] utility of walking per m, normally negative.  this is on top of the time (dis)utility. -->
				<param name="marginalUtilityOfDistance_util_m" value="0.0" />

				<!-- [utils/hr] additional marginal utility of traveling.  normally negative.  this comes on top of the opportunity cost of time -->
				<param name="marginalUtilityOfTraveling_util_hr" value="-6.0" />

				<param name="mode" value="bike" />
				<param name="monetaryDistanceRate" value="0.0" />
			</parameterset>

			<parameterset type="modeParams" >

				<!-- [utils] alternative-specific constant.  no guarantee that this is used anywhere. default=0 to be backwards compatible for the time being -->
				<param name="constant" value="0.0" />

				<!-- [utils/m] utility of walking per m, normally negative.  this is on top of the time (dis)utility. -->
				<param name="marginalUtilityOfDistance_util_m" value="0.0" />

				<!-- [utils/hr] additional marginal utility of traveling.  normally negative.  this comes on top of the opportunity cost of time -->
				<param name="marginalUtilityOfTraveling_util_hr" value="-6.0" />

				<param name="mode" value="other" />
				<param name="monetaryDistanceRate" value="0.0" />
			</parameterset>
		</parameterset>
	</module>

<!-- ====================================================================== -->

	<module name="plans" >

		<!-- String: minOfDurationAndEndTime tryEndTimeThenDuration endTimeOnly. Anything besides minOfDurationAndEndTime will internally use a different (simpler) version of the TimeAllocationMutator. -->
		<param name="activityDurationInterpretation" value="tryEndTimeThenDuration" />

		<!-- Path to a file containing person attributes (required file format: ObjectAttributes). -->
		<param name="inputPersonAttributesFile" value="null" />

		<param name="inputPlansFile" value="input/demand/equil_bike.xml" />

		<!-- Defines how routes are stored in memory. Currently supported: LinkNetworkRoute, CompressedNetworkRoute. -->
		<param name="networkRouteType" value="LinkNetworkRoute" />

		<!-- (not tested) will remove plan attributes that are presumably not used, such as activityStartTime. default=false -->
		<param name="removingUnnecessaryPlanAttributes" value="false" />

		<!-- Name of the (Object)Attribute defining the subpopulation to which pertains a Person (as freight, through traffic, etc.). The attribute must be of String type. -->
		<param name="subpopulationAttributeName" value="subpopulation" />
	</module>

<!-- ====================================================================== -->

	<module name="planscalcroute" >

		<!-- All the modes for which the router is supposed to generate network routes (like car) -->
		<param name="networkModes" value="car,bike" />

		<parameterset type="teleportedModeParameters" >
			<param name="beelineDistanceFactor" value="1.3" />
			<param name="mode" value="walk" />

			<!-- Free-speed factor for a teleported mode. Travel time = teleportedModeFreespeedFactor * <freespeed car travel time>. Insert a line like this for every such mode. Please do not set teleportedModeFreespeedFactor as well as teleportedModeSpeed for the same mode, but if you do, +teleportedModeFreespeedFactor wins over teleportedModeSpeed. -->
			<param name="teleportedModeFreespeedFactor" value="null" />

			<!-- Speed for a teleported mode. Travel time = (<beeline distance> * beelineDistanceFactor) / teleportedModeSpeed. Insert a line like this for every such mode. -->
			<param name="teleportedModeSpeed" value="0.8333333333333333" />
		</parameterset>
	</module>

<!-- ====================================================================== -->

	<module name="ptCounts" >

		<!-- factor by which to re-scale the simulated values.  necessary when simulation runs with something different from 100%.  needs to be adapted manually -->
		<param name="countsScaleFactor" value="1.0" />

		<!-- distance to distanceFilterCenterNode to include counting stations. The unit of distance is the Euclidean distance implied by the coordinate system -->
		<param name="distanceFilter" value="null" />

		<!-- node id for center node of distance filter -->
		<param name="distanceFilterCenterNode" value="null" />

		<!-- input file containing the alighting (getting off) counts for pt -->
		<param name="inputAlightCountsFile" value="null" />

		<!-- input file containing the boarding (getting on) counts for pt -->
		<param name="inputBoardCountsFile" value="null" />

		<!-- input file containing the occupancy counts for pt -->
		<param name="inputOccupancyCountsFile" value="null" />

		<!-- possible values: `html', `kml', `txt', `all' -->
		<param name="outputformat" value="null" />

		<!-- every how many iterations (starting with 0) counts comparisons are generated -->
		<param name="ptCountsInterval" value="10" />
	</module>

<!-- ====================================================================== -->

	<module name="qsim" >
		<param name="endTime" value="00:00:00" />
		<param name="flowCapacityFactor" value="0.02" />

		<!-- decides if waiting vehicles enter the network after or before the already driving vehicles were moved. Default: false -->
		<param name="insertingWaitingVehiclesBeforeDrivingVehicles" value="false" />

		<!-- If link dynamics is set as SeepageQ, set to false if all seep modes should perform seepage. Default is true (better option). -->
		<param name="isRestrictingSeepage" value="true" />

		<!-- If link dynamics is set as SeepageQ, set to true if seep mode do not consumes any space on the link. Default is false. -->
		<param name="isSeepModeStorageFree" value="false" />

		<!-- default: FIFO; options: FIFO PassingQ SeepageQ -->
		<param name="linkDynamics" value="FIFO" />

		<!-- The (initial) width of the links of the network. Use positive floating point values. This is used only for visualisation. -->
		<param name="linkWidth" value="30.0" />

		<!-- [comma-separated list] Defines which modes are congested modes. Technically, these are the modes that the departure handler of the netsimengine handles.  Effective cell size, effective lane width, flow capacity factor, and storage capacity factor need to be set with diligence.  Need to be vehicular modes to make sense. -->
		<param name="mainMode" value="car,bike" />

		<!-- Shortens a link in the visualization, i.e. its start and end point are moved into towards the center. Does not affect traffic flow.  -->
		<param name="nodeOffset" value="0.0" />

		<!-- Number of threads used for the QSim.  Note that this setting is independent from the "global" threads setting.  In contrast to earlier versions, the non-parallel special version is no longer there. -->
		<param name="numberOfThreads" value="1" />

		<!-- Boolean. `true': stuck vehicles are removed, aborting the plan; `false': stuck vehicles are forced into the next link. `false' is probably the better choice. -->
		<param name="removeStuckVehicles" value="false" />

		<!-- If link dynamics is set as SeepageQ, set a seep mode. Default is bike. -->
		<param name="seepMode" value="bike" />

		<!-- Options: nullmaxOfStarttimeAndEarliestActivityEnd onlyUseStarttime  -->
		<param name="simStarttimeInterpretation" value="maxOfStarttimeAndEarliestActivityEnd" />

		<!-- snapshotStyle. One of: equiDist queue withHoles  -->
		<param name="snapshotStyle" value="equiDist" />

		<param name="snapshotperiod" value="00:00:00" />
		<param name="startTime" value="00:00:00" />
		<param name="storageCapacityFactor" value="0.05" />

		<!-- time in seconds.  Time after which the frontmost vehicle on a link is called `stuck' if it does not move. -->
		<param name="stuckTime" value="10.0" />

		<param name="timeStepSize" value="00:00:01" />

		<!-- options: nullqueue withHoles  -->
		<param name="trafficDynamics" value="queue" />

		<!-- [DEPRECATED, usevehiclesSource instead]  If this is true, we do not expect (or use) vehicles from the vehicles database, but create vehicles on the fly with default properties. -->
		<param name="useDefaultVehicles" value="true" />

		<!-- Set this parameter to true if lanes should be used, false if not. -->
		<param name="useLanes" value="false" />

		<!-- If a route does not reference a vehicle, agents will use the vehicle with the same id as their own. -->
		<param name="usePersonIdForMissingVehicleId" value="true" />

		<!-- normally, the qsim accumulates fractional flows up to one flow unit.  This is impractical with  with smaller PCEs.  If this switch is set to true, cars can enter a link if the accumulated flow is >=0, and the accumulated flow can go into negative.  Will probably become the default eventually. -->
		<param name="usingFastCapacityUpdate" value="false" />

		<!-- if the qsim should use as many runners as there are threads (Christoph's dissertation version) or more of them, together with a thread pool (seems to be faster in some situations, but is not tested). -->
		<param name="usingThreadpool" value="true" />

		<!-- Defines what happens if an agent wants to depart, but the specified vehicle is not available. One of: nullteleport wait exception  -->
		<param name="vehicleBehavior" value="teleport" />

		<!-- If vehicles should all be the same default vehicle, or come from the vehicles file, or something else.  Possible values:  defaultVehicle fromVehiclesData -->
		<param name="vehiclesSource" value="defaultVehicle" />
	</module>

<!-- ====================================================================== -->

	<module name="scenario" >
	</module>

<!-- ====================================================================== -->

	<module name="strategy" >

		<!-- the external executable will be called with a config file as argument.  This is the pathname to a possible skeleton config, to which additional information will be added.  Can be null. -->
		<param name="ExternalExeConfigTemplate" value="null" />

		<!-- time out value (in seconds) after which matsim will consider the external strategy as failed -->
		<param name="ExternalExeTimeOut" value="3600" />

		<!-- root directory for temporary files generated by the external executable. Provided as a service; I don't think this is used by MATSim. -->
		<param name="ExternalExeTmpFileRootDir" value="null" />

		<!-- fraction of iterations where innovative strategies are switched off.  Something link 0.8 should be good.  E.g. if you run from iteration 400 to iteration 500, innovation is switched off at iteration 480 -->
		<param name="fractionOfIterationsToDisableInnovation" value="Infinity" />

		<!-- maximum number of plans per agent.  ``0'' means ``infinity''.  Currently (2010), ``5'' is a good number -->
		<param name="maxAgentPlanMemorySize" value="5" />

		<!-- strategyName of PlanSelector for plans removal.  Possible defaults: WorstPlanSelector SelectRandom SelectExpBetaForRemoval ChangeExpBetaForRemoval PathSizeLogitSelectorForRemoval . The current default, WorstPlanSelector is not a good choice from a discrete choice theoretical perspective. Alternatives, however, have not been systematically tested. kai, feb'12 -->
		<param name="planSelectorForRemoval" value="WorstPlanSelector" />

		<parameterset type="strategysettings" >

			<!-- iteration after which strategy will be disabled.  most useful for ``innovative'' strategies (new routes, new times, ...). Normally, better use fractionOfIterationsToDisableInnovation -->
			<param name="disableAfterIteration" value="-1" />

			<!-- path to external executable (if applicable) -->
			<param name="executionPath" value="null" />

			<!-- strategyName of strategy.  Possible default names: KeepLastSelected BestScore ChangeExpBeta SelectExpBeta SelectRandom SelectPathSizeLogit  (selectors), ReRoute TimeAllocationMutator ChangeLegMode TimeAllocationMutator_ReRoute ChangeSingleLegMode ChangeSingleTripMode SubtourModeChoice ChangeTripMode TripSubtourModeChoice  (innovative strategies). -->
			<param name="strategyName" value="ChangeExpBeta" />

			<!-- subpopulation to which the strategy applies. "null" refers to the default population, that is, the set of persons for which no explicit subpopulation is defined (ie no subpopulation attribute) -->
			<param name="subpopulation" value="null" />

			<!-- weight of a strategy: for each agent, a strategy will be selected with a probability proportional to its weight -->
			<param name="weight" value="0.8" />
		</parameterset>

		<parameterset type="strategysettings" >

			<!-- iteration after which strategy will be disabled.  most useful for ``innovative'' strategies (new routes, new times, ...). Normally, better use fractionOfIterationsToDisableInnovation -->
			<param name="disableAfterIteration" value="-1" />

			<!-- path to external executable (if applicable) -->
			<param name="executionPath" value="null" />

			<!-- strategyName of strategy.  Possible default names: KeepLastSelected BestScore ChangeExpBeta SelectExpBeta SelectRandom SelectPathSizeLogit  (selectors), ReRoute TimeAllocationMutator ChangeLegMode TimeAllocationMutator_ReRoute ChangeSingleLegMode ChangeSingleTripMode SubtourModeChoice ChangeTripMode TripSubtourModeChoice  (innovative strategies). -->
			<param name="strategyName" value="ReRoute" />

			<!-- subpopulation to which the strategy applies. "null" refers to the default population, that is, the set of persons for which no explicit subpopulation is defined (ie no subpopulation attribute) -->
			<param name="subpopulation" value="null" />

			<!-- weight of a strategy: for each agent, a strategy will be selected with a probability proportional to its weight -->
			<param name="weight" value="0.2" />
		</parameterset>
	</module>

<!-- ====================================================================== -->

	<module name="subtourModeChoice" >

		<!-- Defines the chain-based modes, seperated by commas -->
		<param name="chainBasedModes" value="car,bike" />

		<!-- Defines whether car availability must be considered or not. A agent has no car only if it has no license, or never access to a car -->
		<param name="considerCarAvailability" value="false" />

		<!-- Defines all the modes available, including chain-based modes, seperated by commas -->
		<param name="modes" value="car,pt,bike,walk" />
	</module>

<!-- ====================================================================== -->

	<module name="transit" >

		<!-- Optional input file containing additional attributes for transit lines, stored as ObjectAttributes. -->
		<param name="transitLinesAttributesFile" value="null" />

		<!-- Comma-separated list of transportation modes that are handled as transit. Defaults to 'pt'. -->
		<param name="transitModes" value="pt" />

		<!-- Input file containing the transit schedule to be simulated. -->
		<param name="transitScheduleFile" value="null" />

		<!-- Optional input file containing additional attributes for transit stop facilities, stored as ObjectAttributes. -->
		<param name="transitStopsAttributesFile" value="null" />

		<!-- Set this parameter to true if transit should be simulated, false if not. -->
		<param name="useTransit" value="false" />

		<!-- Input file containing the vehicles used by the departures in the transit schedule. -->
		<param name="vehiclesFile" value="null" />
	</module>

<!-- ====================================================================== -->

	<module name="transitRouter" >

		<!-- additional time the router allocates when a line switch happens. Can be interpreted as a 'safety' time that agents need to safely transfer from one line to another -->
		<param name="additionalTransferTime" value="0.0" />

		<!-- step size to increase searchRadius if no stops are found -->
		<param name="extensionRadius" value="200.0" />

		<!-- maximum beeline distance between stops that agents could transfer to by walking -->
		<param name="maxBeelineWalkConnectionDistance" value="100.0" />

		<!-- the radius in which stop locations are searched, given a start or target coordinate -->
		<param name="searchRadius" value="1000.0" />
	</module>

<!-- ====================================================================== -->

	<module name="travelTimeCalculator" >

		<!-- Transport modes that will be respected by the travel time collector. 'car' is default, which includes also bussed from the pt simulation module. Use this parameter in combination with 'filterModes' = true! -->
		<param name="analyzedModes" value="car" />

		<param name="calculateLinkToLinkTravelTimes" value="false" />
		<param name="calculateLinkTravelTimes" value="true" />

		<!-- If true, link travel times from legs performed on modes not included in the 'analyzedModes' parameter are ignored. -->
		<param name="filterModes" value="true" />

		<!-- How to deal with congested time bins that have no link entry events. `optimistic' assumes free speed (too optimistic); 'experimental_LastMile' is experimental and probably too pessimistic. -->
		<param name="travelTimeAggregator" value="optimistic" />

		<!-- The size of the time bin (in sec) into which the link travel times are aggregated for the router -->
		<param name="travelTimeBinSize" value="900" />

		<!-- possible values: nullTravelTimeCalculatorArray TravelTimeCalculatorHashMap  -->
		<param name="travelTimeCalculator" value="TravelTimeCalculatorArray" />

		<!-- How to deal with link entry times at different positions during the time bin. Currently supported: average, linearinterpolation -->
		<param name="travelTimeGetter" value="average" />
	</module>

<!-- ====================================================================== -->

	<module name="vehicles" >
		<param name="vehiclesFile" value="null" />
	</module>

<!-- ====================================================================== -->

	<module name="vspExperimental" >

		<!-- (do not use) Set this filename of MZ05 daily analysis -->
		<param name="inputMZ05File" value="" />

		<!-- (do not use except of you have to) There was a problem with pt interaction scoring.  Some people solved it by overwriting the parameters of the pt interaction activity type.  Doing this now throws an Exception.  If you still insist on doing this, set the following to true. -->
		<param name="isAbleToOverwritePtInteractionParams" value="false" />

		<param name="isGeneratingBoardingDeniedEvent" value="false" />

		<!-- if an approximation of the opportunity cost of time is included into the radius calculation for location choice.`true' will be faster, but it is an approximation.  Default is `true'; `false' is available for backwards compatibility. -->
		<param name="isUsingOpportunityCostOfTimeForLocationChoice" value="true" />

		<param name="logitScaleParamForPlansRemoval" value="1.0" />

		<!-- Options: | ignore | info | warn | abort | .  When violating VSP defaults, this results in nothing, logfile infos, logfile warnings, or aborts.  Members of VSP should use `abort' or talk to kai. -->
		<param name="vspDefaultsCheckingLevel" value="ignore" />

		<!-- if true then writes output_events in output directory.  default is `false'. Will only work when lastIteration is multiple of events writing interval -->
		<param name="writingOutputEvents" value="false" />
	</module>

<!-- ====================================================================== -->

</config>

2016-02-10 11:20:06,492  INFO ControlerUtils:62 Complete config dump done.
2016-02-10 11:20:06,493  INFO ControlerUtils:63 Checking consistency of config...
2016-02-10 11:20:06,493  INFO VspConfigConsistencyCheckerImpl:56 NOT running vsp config consistency check because vsp defaults checking level is set to IGNORE
2016-02-10 11:20:06,494  INFO ControlerUtils:65 Checking consistency of config done.
2016-02-10 11:20:06,496  INFO PrepareForSimImpl:61 Network seems to be multimodal. Create car-only network which is handed over to PersonPrepareForSim.
2016-02-10 11:20:06,497  INFO NetworkImpl:134  node # 1
2016-02-10 11:20:06,498  INFO NetworkImpl:134  node # 2
2016-02-10 11:20:06,498  INFO NetworkImpl:130  link # 1
2016-02-10 11:20:06,498  INFO NetworkImpl:130  link # 2
2016-02-10 11:20:06,498  INFO NetworkImpl:134  node # 4
2016-02-10 11:20:06,499  INFO NetworkImpl:130  link # 4
2016-02-10 11:20:06,499  INFO NetworkImpl:134  node # 8
2016-02-10 11:20:06,499  INFO NetworkImpl:130  link # 8
2016-02-10 11:20:06,500  INFO NetworkImpl:130  link # 16
2016-02-10 11:20:06,516  INFO NetworkImpl:134  node # 1
2016-02-10 11:20:06,516  INFO NetworkImpl:134  node # 2
2016-02-10 11:20:06,517  INFO NetworkImpl:130  link # 1
2016-02-10 11:20:06,517  INFO NetworkImpl:130  link # 2
2016-02-10 11:20:06,517  INFO NetworkImpl:134  node # 4
2016-02-10 11:20:06,519  INFO NetworkImpl:130  link # 4
2016-02-10 11:20:06,519  INFO NetworkImpl:134  node # 8
2016-02-10 11:20:06,520  INFO NetworkImpl:130  link # 8
2016-02-10 11:20:06,520  INFO NetworkImpl:130  link # 16
2016-02-10 11:20:06,528  INFO NetworkImpl:134  node # 1
2016-02-10 11:20:06,529  INFO NetworkImpl:134  node # 2
2016-02-10 11:20:06,529  INFO NetworkImpl:130  link # 1
2016-02-10 11:20:06,529  INFO NetworkImpl:130  link # 2
2016-02-10 11:20:06,530  INFO NetworkImpl:134  node # 4
2016-02-10 11:20:06,530  INFO NetworkImpl:130  link # 4
2016-02-10 11:20:06,530  INFO NetworkImpl:134  node # 8
2016-02-10 11:20:06,531  INFO NetworkImpl:130  link # 8
2016-02-10 11:20:06,531  INFO NetworkImpl:130  link # 16
2016-02-10 11:20:06,537  INFO NetworkImpl:370 building QuadTree for nodes: xrange(-20001.0,5001.0); yrange(-10001.0,5926.0)
2016-02-10 11:20:06,544  INFO NetworkImpl:379 Building QuadTree took 0.007 seconds.
2016-02-10 11:20:06,552  INFO Counter:51 [PersonPrepareForSim] handled person # 1
2016-02-10 11:20:06,562  INFO BikeTravelTime:70 bla surface not recognized
2016-02-10 11:20:06,563  INFO BikeTravelTime:70 bla surface not recognized
2016-02-10 11:20:06,568  INFO Counter:51 [PersonPrepareForSim] handled person # 2
2016-02-10 11:20:06,569  INFO BikeTravelTime:70 bla surface not recognized
2016-02-10 11:20:06,569  INFO BikeTravelTime:70 bla surface not recognized
2016-02-10 11:20:06,570  INFO BikeTravelTime:70 bla surface not recognized
2016-02-10 11:20:06,570  INFO BikeTravelTime:70 bla surface not recognized
2016-02-10 11:20:06,573  INFO Counter:51 [PersonPrepareForSim] handled person # 4
2016-02-10 11:20:06,588  INFO BikeTravelTime:70 bla surface not recognized
2016-02-10 11:20:06,588  INFO BikeTravelTime:70 bla surface not recognized
2016-02-10 11:20:06,589  INFO BikeTravelTime:70 bla surface not recognized
2016-02-10 11:20:06,589  INFO BikeTravelTime:70 bla surface not recognized
2016-02-10 11:20:06,590  INFO BikeTravelTime:70 bla surface not recognized
2016-02-10 11:20:06,590  INFO BikeTravelTime:70 bla surface not recognized
2016-02-10 11:20:06,591  INFO BikeTravelTime:70 bla surface not recognized
2016-02-10 11:20:06,591  INFO BikeTravelTime:70 bla surface not recognized
2016-02-10 11:20:06,592  INFO Counter:51 [PersonPrepareForSim] handled person # 8
2016-02-10 11:20:06,592  INFO BikeTravelTime:70 bla surface not recognized
2016-02-10 11:20:06,593  INFO BikeTravelTime:70 bla surface not recognized
2016-02-10 11:20:06,594  INFO BikeTravelTime:70 bla surface not recognized
2016-02-10 11:20:06,594  INFO BikeTravelTime:70 bla surface not recognized
2016-02-10 11:20:06,605  INFO BikeTravelTime:70 bla surface not recognized
2016-02-10 11:20:06,605  INFO BikeTravelTime:70 bla surface not recognized
2016-02-10 11:20:06,606  INFO BikeTravelTime:70 bla surface not recognized
2016-02-10 11:20:06,606  INFO BikeTravelTime:70 bla surface not recognized
2016-02-10 11:20:06,607  INFO BikeTravelTime:70 bla surface not recognized
2016-02-10 11:20:06,607  INFO BikeTravelTime:70 bla surface not recognized
2016-02-10 11:20:06,608  INFO BikeTravelTime:70 bla surface not recognized
2016-02-10 11:20:06,608  INFO BikeTravelTime:70 bla surface not recognized
2016-02-10 11:20:06,608  INFO BikeTravelTime:70 bla surface not recognized
2016-02-10 11:20:06,609  INFO BikeTravelTime:70 bla surface not recognized
2016-02-10 11:20:06,609  INFO Counter:51 [PersonPrepareForSim] handled person # 16
2016-02-10 11:20:06,610  INFO BikeTravelTime:70 bla surface not recognized
2016-02-10 11:20:06,610  INFO BikeTravelTime:70 bla surface not recognized
2016-02-10 11:20:06,611  INFO BikeTravelTime:70 bla surface not recognized
2016-02-10 11:20:06,611  INFO BikeTravelTime:70 bla surface not recognized
2016-02-10 11:20:06,611  INFO BikeTravelTime:70 bla surface not recognized
2016-02-10 11:20:06,612  INFO BikeTravelTime:70 bla surface not recognized
2016-02-10 11:20:06,612  INFO BikeTravelTime:70 bla surface not recognized
2016-02-10 11:20:06,612  INFO BikeTravelTime:70 bla surface not recognized
2016-02-10 11:20:06,615  INFO Counter:57 [PersonPrepareForSim] handled person # 20
2016-02-10 11:20:06,616  INFO AbstractController:137 ###################################################
2016-02-10 11:20:06,616  INFO AbstractController:138 ### ITERATION 0 BEGINS
2016-02-10 11:20:06,616  INFO OutputDirectoryHierarchy:156 Iteration directory ./output/equil_bike_0902_wSlopeAndSurfaceCapit100/ITERS/it.0 exists already.
2016-02-10 11:20:06,619  INFO ControlerListenerManager:146 calling notifyIterationStarts on org.matsim.analysis.LegHistogramListener
2016-02-10 11:20:06,620  INFO ControlerListenerManager:146 calling notifyIterationStarts on org.matsim.analysis.LinkStatsControlerListener
2016-02-10 11:20:06,620  INFO ControlerListenerManager:146 calling notifyIterationStarts on org.matsim.core.replanning.ReplanningContextImpl
2016-02-10 11:20:06,620  INFO ControlerListenerManager:149 [it.0] all ControlerIterationStartsListeners called.
2016-02-10 11:20:06,621  INFO ControlerListenerManager:225 calling notifyBeforeMobsim on org.matsim.core.controler.corelisteners.EventsHandlingImpl
2016-02-10 11:20:06,621  INFO EventsManagerImpl:170 resetting Event-Handlers
2016-02-10 11:20:06,622  INFO EventsManagerImpl:177   org.matsim.core.trafficmonitoring.TravelTimeCalculator
2016-02-10 11:20:06,622  INFO EventsManagerImpl:177   org.matsim.core.scoring.EventsToLegs
2016-02-10 11:20:06,622  INFO EventsManagerImpl:177   org.matsim.analysis.VolumesAnalyzer
2016-02-10 11:20:06,622  INFO EventsManagerImpl:177   org.matsim.core.scoring.EventsToActivities
2016-02-10 11:20:06,623  INFO EventsManagerImpl:177   org.matsim.analysis.CalcLegTimes
2016-02-10 11:20:06,623  INFO EventsManagerImpl:177   org.matsim.analysis.LegHistogram
2016-02-10 11:20:06,623  INFO EventsManagerImpl:177   org.matsim.core.scoring.ScoringFunctionsForPopulation
2016-02-10 11:20:06,628  INFO EventsManagerImpl:144 adding Event-Handler: org.matsim.core.events.algorithms.EventWriterXML
2016-02-10 11:20:06,628  INFO EventsManagerImpl:148   org.matsim.core.events.algorithms.EventWriter
2016-02-10 11:20:06,629  INFO EventsManagerImpl:148   org.matsim.core.events.handler.BasicEventHandler
2016-02-10 11:20:06,629  INFO EventsManagerImpl:207     > org.matsim.api.core.v01.events.Event
2016-02-10 11:20:06,629  INFO EventsManagerImpl:156 
2016-02-10 11:20:06,629  INFO EventsManagerImpl:144 adding Event-Handler: org.matsim.core.events.algorithms.EventWriterXML
2016-02-10 11:20:06,629  INFO EventsManagerImpl:148   org.matsim.core.events.algorithms.EventWriter
2016-02-10 11:20:06,629  INFO EventsManagerImpl:148   org.matsim.core.events.handler.BasicEventHandler
2016-02-10 11:20:06,630  INFO EventsManagerImpl:207     > org.matsim.api.core.v01.events.Event
2016-02-10 11:20:06,630  INFO EventsManagerImpl:156 
2016-02-10 11:20:06,632  INFO ControlerListenerManager:225 calling notifyBeforeMobsim on org.matsim.core.controler.corelisteners.PlansDumpingImpl
2016-02-10 11:20:06,633  INFO PlansDumpingImpl:67 dumping plans...
2016-02-10 11:20:06,639  INFO Counter:51 [PopulationWriter] dumped person # 1
2016-02-10 11:20:06,640  INFO Counter:51 [PopulationWriter] dumped person # 2
2016-02-10 11:20:06,640  INFO Counter:51 [PopulationWriter] dumped person # 4
2016-02-10 11:20:06,641  INFO Counter:51 [PopulationWriter] dumped person # 8
2016-02-10 11:20:06,642  INFO Counter:51 [PopulationWriter] dumped person # 16
2016-02-10 11:20:06,643  INFO PopulationWriter:95 Population written to: ./output/equil_bike_0902_wSlopeAndSurfaceCapit100/ITERS/it.0/0.plans.xml.gz
2016-02-10 11:20:06,644  INFO Counter:57 [PopulationWriter] dumped person # 20
2016-02-10 11:20:06,644  INFO PlansDumpingImpl:69 finished plans dump.
2016-02-10 11:20:06,645  INFO ControlerListenerManager:230 calling notifyBeforeMobsim on org.matsim.population.VspPlansCleaner
2016-02-10 11:20:06,645  INFO ControlerListenerManager:233 [it.0] all ControlerBeforeMobsimListeners called.
2016-02-10 11:20:06,704  INFO MobsimListenerManager:49 calling addQueueSimulationListener
2016-02-10 11:20:06,704  INFO MobsimListenerManager:53   assigned class org.matsim.core.mobsim.framework.listeners.MobsimListener to interface org.matsim.core.mobsim.framework.listeners.MobsimInitializedListener
2016-02-10 11:20:06,704  INFO MobsimListenerManager:53   assigned class org.matsim.core.mobsim.framework.listeners.MobsimListener to interface org.matsim.core.mobsim.framework.listeners.MobsimBeforeCleanupListener
2016-02-10 11:20:06,704  INFO MobsimListenerManager:53   assigned class org.matsim.core.mobsim.framework.listeners.MobsimListener to interface org.matsim.vis.snapshotwriters.SnapshotWriterManager
2016-02-10 11:20:06,704  INFO MobsimListenerManager:53   assigned class org.matsim.core.mobsim.framework.listeners.MobsimListener to interface org.matsim.core.mobsim.framework.listeners.MobsimAfterSimStepListener
2016-02-10 11:20:06,705  INFO MobsimListenerManager:53   assigned class org.matsim.core.mobsim.framework.listeners.MobsimListener to interface org.matsim.core.mobsim.framework.listeners.MobsimListener
2016-02-10 11:20:06,713  WARN QVehicle:74 No VehicleCapacity (= maximum number of passengers) set in Vehicle. Using default value of 4.  This is only a problem if you need vehicles with different capacities, e.g. for minibuses.
2016-02-10 11:20:06,714  WARN QVehicle:74 No VehicleCapacity (= maximum number of passengers) set in Vehicle. Using default value of 4.  This is only a problem if you need vehicles with different capacities, e.g. for minibuses.
2016-02-10 11:20:06,714  WARN QVehicle:74 No VehicleCapacity (= maximum number of passengers) set in Vehicle. Using default value of 4.  This is only a problem if you need vehicles with different capacities, e.g. for minibuses.
2016-02-10 11:20:06,714  WARN QVehicle:74 No VehicleCapacity (= maximum number of passengers) set in Vehicle. Using default value of 4.  This is only a problem if you need vehicles with different capacities, e.g. for minibuses.
2016-02-10 11:20:06,714  WARN QVehicle:74 No VehicleCapacity (= maximum number of passengers) set in Vehicle. Using default value of 4.  This is only a problem if you need vehicles with different capacities, e.g. for minibuses.
2016-02-10 11:20:06,714  WARN QVehicle:74 No VehicleCapacity (= maximum number of passengers) set in Vehicle. Using default value of 4.  This is only a problem if you need vehicles with different capacities, e.g. for minibuses.
2016-02-10 11:20:06,714  WARN QVehicle:74 No VehicleCapacity (= maximum number of passengers) set in Vehicle. Using default value of 4.  This is only a problem if you need vehicles with different capacities, e.g. for minibuses.
2016-02-10 11:20:06,714  WARN QVehicle:74 No VehicleCapacity (= maximum number of passengers) set in Vehicle. Using default value of 4.  This is only a problem if you need vehicles with different capacities, e.g. for minibuses.
2016-02-10 11:20:06,715  WARN QVehicle:74 No VehicleCapacity (= maximum number of passengers) set in Vehicle. Using default value of 4.  This is only a problem if you need vehicles with different capacities, e.g. for minibuses.
2016-02-10 11:20:06,715  WARN QVehicle:74 No VehicleCapacity (= maximum number of passengers) set in Vehicle. Using default value of 4.  This is only a problem if you need vehicles with different capacities, e.g. for minibuses.
2016-02-10 11:20:06,715  WARN QVehicle:79  Future occurences of this logging statement are suppressed.
2016-02-10 11:20:06,719  INFO QNetsimEngine:562 Assigned 15 nodes and 23 links to QSimEngineRunner #0
2016-02-10 11:20:06,722  INFO EventsManagerImpl:134  event # 1
2016-02-10 11:20:06,726  INFO EventsManagerImpl:134  event # 2
2016-02-10 11:20:06,726  INFO EventsManagerImpl:134  event # 4
2016-02-10 11:20:06,727  INFO EventsManagerImpl:134  event # 8
2016-02-10 11:20:06,727  INFO EventsManagerImpl:134  event # 16
2016-02-10 11:20:06,728  INFO QNetsimEngine:388 SIMULATION (QNetsimEngine) AT 10:00:00 : #links=1 #nodes=1
2016-02-10 11:20:06,728  INFO QSim:461 SIMULATION (NEW QSim) AT 10:00:00 : #Veh=20 lost=0 simT=0.0s realT=0s; (s/r): 0.0
2016-02-10 11:20:06,728  INFO Gbl:52 used RAM: 23075616B = 22534kB = 22MB  free: 101704928B = 96MB  total: 124780544B = 119MB
2016-02-10 11:20:06,728  INFO EventsManagerImpl:134  event # 32
2016-02-10 11:20:06,735  INFO EventsManagerImpl:134  event # 64
2016-02-10 11:20:06,762  INFO EventsManagerImpl:134  event # 128
2016-02-10 11:20:06,886  INFO EventsManagerImpl:134  event # 256
2016-02-10 11:20:06,956  INFO QNetsimEngine:388 SIMULATION (QNetsimEngine) AT 11:00:00 : #links=2 #nodes=0
2016-02-10 11:20:06,957  INFO QSim:461 SIMULATION (NEW QSim) AT 11:00:00 : #Veh=20 lost=0 simT=3600.0s realT=0s; (s/r): Infinity
2016-02-10 11:20:06,957  INFO Gbl:52 used RAM: 26617712B = 25993kB = 25MB  free: 98162832B = 93MB  total: 124780544B = 119MB
2016-02-10 11:20:07,085  INFO QNetsimEngine:388 SIMULATION (QNetsimEngine) AT 12:00:00 : #links=2 #nodes=0
2016-02-10 11:20:07,085  INFO QSim:461 SIMULATION (NEW QSim) AT 12:00:00 : #Veh=20 lost=0 simT=7200.0s realT=0s; (s/r): Infinity
2016-02-10 11:20:07,086  INFO Gbl:52 used RAM: 30158400B = 29451kB = 28MB  free: 94622144B = 90MB  total: 124780544B = 119MB
2016-02-10 11:20:07,187  INFO QNetsimEngine:388 SIMULATION (QNetsimEngine) AT 13:00:00 : #links=0 #nodes=0
2016-02-10 11:20:07,187  INFO QSim:461 SIMULATION (NEW QSim) AT 13:00:00 : #Veh=20 lost=0 simT=10800.0s realT=0s; (s/r): Infinity
2016-02-10 11:20:07,187  INFO Gbl:52 used RAM: 32732704B = 31965kB = 31MB  free: 92047840B = 87MB  total: 124780544B = 119MB
2016-02-10 11:20:07,277  INFO QNetsimEngine:388 SIMULATION (QNetsimEngine) AT 14:00:00 : #links=1 #nodes=1
2016-02-10 11:20:07,277  INFO QSim:461 SIMULATION (NEW QSim) AT 14:00:00 : #Veh=20 lost=0 simT=14400.0s realT=0s; (s/r): Infinity
2016-02-10 11:20:07,277  INFO Gbl:52 used RAM: 34981936B = 34162kB = 33MB  free: 89798608B = 85MB  total: 124780544B = 119MB
2016-02-10 11:20:07,297 ERROR BasicPlanAgentImpl:153 last activity of person driver agent id bike_home1_work1_9 has end time < infty; setting it to infty
2016-02-10 11:20:07,298 ERROR BasicPlanAgentImpl:154  This message given only once.
2016-02-10 11:20:07,299  INFO EventsManagerImpl:134  event # 512
2016-02-10 11:20:07,410  INFO QNetsimEngine:388 SIMULATION (QNetsimEngine) AT 15:00:00 : #links=0 #nodes=0
2016-02-10 11:20:07,410  INFO QSim:461 SIMULATION (NEW QSim) AT 15:00:00 : #Veh=1 lost=0 simT=18000.0s realT=0s; (s/r): Infinity
2016-02-10 11:20:07,410  INFO Gbl:52 used RAM: 7084920B = 6918kB = 6MB  free: 150201480B = 143MB  total: 157286400B = 150MB
2016-02-10 11:20:07,507  INFO QNetsimEngine:388 SIMULATION (QNetsimEngine) AT 16:00:00 : #links=0 #nodes=0
2016-02-10 11:20:07,507  INFO QSim:461 SIMULATION (NEW QSim) AT 16:00:00 : #Veh=1 lost=0 simT=21600.0s realT=0s; (s/r): Infinity
2016-02-10 11:20:07,507  INFO Gbl:52 used RAM: 8629264B = 8427kB = 8MB  free: 148657136B = 141MB  total: 157286400B = 150MB
2016-02-10 11:20:07,581  INFO QNetsimEngine:388 SIMULATION (QNetsimEngine) AT 17:00:00 : #links=0 #nodes=0
2016-02-10 11:20:07,581  INFO QSim:461 SIMULATION (NEW QSim) AT 17:00:00 : #Veh=1 lost=0 simT=25200.0s realT=0s; (s/r): Infinity
2016-02-10 11:20:07,581  INFO Gbl:52 used RAM: 10531192B = 10284kB = 10MB  free: 146755208B = 139MB  total: 157286400B = 150MB
2016-02-10 11:20:07,649  INFO QNetsimEngine:388 SIMULATION (QNetsimEngine) AT 18:00:00 : #links=0 #nodes=0
2016-02-10 11:20:07,649  INFO QSim:461 SIMULATION (NEW QSim) AT 18:00:00 : #Veh=1 lost=0 simT=28800.0s realT=0s; (s/r): Infinity
2016-02-10 11:20:07,649  INFO Gbl:52 used RAM: 13604104B = 13285kB = 12MB  free: 143682296B = 137MB  total: 157286400B = 150MB
2016-02-10 11:20:07,707  INFO QNetsimEngine:388 SIMULATION (QNetsimEngine) AT 19:00:00 : #links=0 #nodes=0
2016-02-10 11:20:07,707  INFO QSim:461 SIMULATION (NEW QSim) AT 19:00:00 : #Veh=1 lost=0 simT=32400.0s realT=1s; (s/r): 32400.0
2016-02-10 11:20:07,707  INFO Gbl:52 used RAM: 15148448B = 14793kB = 14MB  free: 142137952B = 135MB  total: 157286400B = 150MB
2016-02-10 11:20:07,792  INFO QNetsimEngine:388 SIMULATION (QNetsimEngine) AT 20:00:00 : #links=0 #nodes=0
2016-02-10 11:20:07,793  INFO QSim:461 SIMULATION (NEW QSim) AT 20:00:00 : #Veh=1 lost=0 simT=36000.0s realT=1s; (s/r): 36000.0
2016-02-10 11:20:07,793  INFO Gbl:52 used RAM: 17423752B = 17015kB = 16MB  free: 139862648B = 133MB  total: 157286400B = 150MB
2016-02-10 11:20:07,885  INFO QNetsimEngine:388 SIMULATION (QNetsimEngine) AT 21:00:00 : #links=0 #nodes=0
2016-02-10 11:20:07,886  INFO QSim:461 SIMULATION (NEW QSim) AT 21:00:00 : #Veh=1 lost=0 simT=39600.0s realT=1s; (s/r): 39600.0
2016-02-10 11:20:07,886  INFO Gbl:52 used RAM: 18968096B = 18523kB = 18MB  free: 138318304B = 131MB  total: 157286400B = 150MB
2016-02-10 11:20:07,978  INFO QNetsimEngine:388 SIMULATION (QNetsimEngine) AT 22:00:00 : #links=0 #nodes=0
2016-02-10 11:20:07,979  INFO QSim:461 SIMULATION (NEW QSim) AT 22:00:00 : #Veh=1 lost=0 simT=43200.0s realT=1s; (s/r): 43200.0
2016-02-10 11:20:07,979  INFO Gbl:52 used RAM: 22041024B = 21524kB = 21MB  free: 135245376B = 128MB  total: 157286400B = 150MB
2016-02-10 11:20:08,060  INFO QNetsimEngine:388 SIMULATION (QNetsimEngine) AT 23:00:00 : #links=0 #nodes=0
2016-02-10 11:20:08,061  INFO QSim:461 SIMULATION (NEW QSim) AT 23:00:00 : #Veh=1 lost=0 simT=46800.0s realT=1s; (s/r): 46800.0
2016-02-10 11:20:08,061  INFO Gbl:52 used RAM: 23942960B = 23381kB = 22MB  free: 133343440B = 127MB  total: 157286400B = 150MB
2016-02-10 11:20:08,133  INFO QNetsimEngine:388 SIMULATION (QNetsimEngine) AT 24:00:00 : #links=0 #nodes=0
2016-02-10 11:20:08,134  INFO QSim:461 SIMULATION (NEW QSim) AT 24:00:00 : #Veh=1 lost=0 simT=50400.0s realT=1s; (s/r): 50400.0
2016-02-10 11:20:08,134  INFO Gbl:52 used RAM: 25860656B = 25254kB = 24MB  free: 131425744B = 125MB  total: 157286400B = 150MB
2016-02-10 11:20:08,173  INFO QNetsimEngine:388 SIMULATION (QNetsimEngine) AT 25:00:00 : #links=0 #nodes=0
2016-02-10 11:20:08,174  INFO QSim:461 SIMULATION (NEW QSim) AT 25:00:00 : #Veh=1 lost=0 simT=54000.0s realT=1s; (s/r): 54000.0
2016-02-10 11:20:08,174  INFO Gbl:52 used RAM: 27762600B = 27111kB = 26MB  free: 129523800B = 123MB  total: 157286400B = 150MB
2016-02-10 11:20:08,220  INFO QNetsimEngine:388 SIMULATION (QNetsimEngine) AT 26:00:00 : #links=0 #nodes=0
2016-02-10 11:20:08,221  INFO QSim:461 SIMULATION (NEW QSim) AT 26:00:00 : #Veh=1 lost=0 simT=57600.0s realT=1s; (s/r): 57600.0
2016-02-10 11:20:08,221  INFO Gbl:52 used RAM: 30835672B = 30112kB = 29MB  free: 126450728B = 120MB  total: 157286400B = 150MB
2016-02-10 11:20:08,306  INFO QNetsimEngine:388 SIMULATION (QNetsimEngine) AT 27:00:00 : #links=0 #nodes=0
2016-02-10 11:20:08,306  INFO QSim:461 SIMULATION (NEW QSim) AT 27:00:00 : #Veh=1 lost=0 simT=61200.0s realT=1s; (s/r): 61200.0
2016-02-10 11:20:08,306  INFO Gbl:52 used RAM: 32558696B = 31795kB = 31MB  free: 124727704B = 118MB  total: 157286400B = 150MB
2016-02-10 11:20:08,383  INFO QNetsimEngine:388 SIMULATION (QNetsimEngine) AT 28:00:00 : #links=0 #nodes=0
2016-02-10 11:20:08,383  INFO QSim:461 SIMULATION (NEW QSim) AT 28:00:00 : #Veh=1 lost=0 simT=64800.0s realT=1s; (s/r): 64800.0
2016-02-10 11:20:08,384  INFO Gbl:52 used RAM: 34460640B = 33652kB = 32MB  free: 122825760B = 117MB  total: 157286400B = 150MB
2016-02-10 11:20:08,460  INFO QNetsimEngine:388 SIMULATION (QNetsimEngine) AT 29:00:00 : #links=0 #nodes=0
2016-02-10 11:20:08,461  INFO QSim:461 SIMULATION (NEW QSim) AT 29:00:00 : #Veh=1 lost=0 simT=68400.0s realT=1s; (s/r): 68400.0
2016-02-10 11:20:08,461  INFO Gbl:52 used RAM: 36735944B = 35874kB = 35MB  free: 120550456B = 114MB  total: 157286400B = 150MB
2016-02-10 11:20:08,538  INFO QNetsimEngine:388 SIMULATION (QNetsimEngine) AT 30:00:00 : #links=0 #nodes=0
2016-02-10 11:20:08,539  INFO QSim:461 SIMULATION (NEW QSim) AT 30:00:00 : #Veh=1 lost=0 simT=72000.0s realT=1s; (s/r): 72000.0
2016-02-10 11:20:08,539  INFO Gbl:52 used RAM: 39451280B = 38526kB = 37MB  free: 117835120B = 112MB  total: 157286400B = 150MB
2016-02-10 11:20:08,612  INFO QNetsimEngine:388 SIMULATION (QNetsimEngine) AT 31:00:00 : #links=0 #nodes=0
2016-02-10 11:20:08,612  INFO QSim:461 SIMULATION (NEW QSim) AT 31:00:00 : #Veh=1 lost=0 simT=75600.0s realT=1s; (s/r): 75600.0
2016-02-10 11:20:08,612  INFO Gbl:52 used RAM: 41353224B = 40384kB = 39MB  free: 115933176B = 110MB  total: 157286400B = 150MB
