2016-02-06 12:19:48,090  WARN QueueWithBuffer:402 Link 1 too small: enlarge storage capacity from: 66.66666666666667 Vehicles to: 71.99424046076314 Vehicles.  This is not fatal, but modifies the traffic flow dynamics.
2016-02-06 12:19:48,097  WARN QueueWithBuffer:402 Link 20 too small: enlarge storage capacity from: 66.66666666666667 Vehicles to: 71.99424046076314 Vehicles.  This is not fatal, but modifies the traffic flow dynamics.
2016-02-06 12:19:48,097  WARN QueueWithBuffer:402 Link 21 too small: enlarge storage capacity from: 66.66666666666667 Vehicles to: 71.99424046076314 Vehicles.  This is not fatal, but modifies the traffic flow dynamics.
2016-02-06 12:19:48,098  WARN QueueWithBuffer:402 Link 22 too small: enlarge storage capacity from: 233.33333333333337 Vehicles to: 251.979841612671 Vehicles.  This is not fatal, but modifies the traffic flow dynamics.
2016-02-06 12:19:48,098  WARN QueueWithBuffer:402 Link 23 too small: enlarge storage capacity from: 66.66666666666667 Vehicles to: 71.99424046076314 Vehicles.  This is not fatal, but modifies the traffic flow dynamics.
2016-02-06 12:19:48,114  WARN QVehicle:74 No VehicleCapacity (= maximum number of passengers) set in Vehicle. Using default value of 4.  This is only a problem if you need vehicles with different capacities, e.g. for minibuses.
2016-02-06 12:19:48,115  WARN QVehicle:74 No VehicleCapacity (= maximum number of passengers) set in Vehicle. Using default value of 4.  This is only a problem if you need vehicles with different capacities, e.g. for minibuses.
2016-02-06 12:19:48,115  WARN QVehicle:74 No VehicleCapacity (= maximum number of passengers) set in Vehicle. Using default value of 4.  This is only a problem if you need vehicles with different capacities, e.g. for minibuses.
2016-02-06 12:19:48,115  WARN QVehicle:74 No VehicleCapacity (= maximum number of passengers) set in Vehicle. Using default value of 4.  This is only a problem if you need vehicles with different capacities, e.g. for minibuses.
2016-02-06 12:19:48,115  WARN QVehicle:74 No VehicleCapacity (= maximum number of passengers) set in Vehicle. Using default value of 4.  This is only a problem if you need vehicles with different capacities, e.g. for minibuses.
2016-02-06 12:19:48,116  WARN QVehicle:74 No VehicleCapacity (= maximum number of passengers) set in Vehicle. Using default value of 4.  This is only a problem if you need vehicles with different capacities, e.g. for minibuses.
2016-02-06 12:19:48,116  WARN QVehicle:74 No VehicleCapacity (= maximum number of passengers) set in Vehicle. Using default value of 4.  This is only a problem if you need vehicles with different capacities, e.g. for minibuses.
2016-02-06 12:19:48,116  WARN QVehicle:74 No VehicleCapacity (= maximum number of passengers) set in Vehicle. Using default value of 4.  This is only a problem if you need vehicles with different capacities, e.g. for minibuses.
2016-02-06 12:19:48,116  WARN QVehicle:74 No VehicleCapacity (= maximum number of passengers) set in Vehicle. Using default value of 4.  This is only a problem if you need vehicles with different capacities, e.g. for minibuses.
2016-02-06 12:19:48,116  WARN QVehicle:74 No VehicleCapacity (= maximum number of passengers) set in Vehicle. Using default value of 4.  This is only a problem if you need vehicles with different capacities, e.g. for minibuses.
2016-02-06 12:19:48,116  WARN QVehicle:79  Future occurences of this logging statement are suppressed.
2016-02-06 12:19:48,954 ERROR BasicPlanAgentImpl:153 last activity of person driver agent id bike_home1_work1_9 has end time < infty; setting it to infty
2016-02-06 12:19:48,954 ERROR BasicPlanAgentImpl:154  This message given only once.
2016-02-06 12:19:52,233  WARN ExpBetaPlanChanger:86 Would make sense to revise this once more.  See comments in code.  kai, nov08
2016-02-06 12:19:52,262  WARN QueueWithBuffer:402 Link 1 too small: enlarge storage capacity from: 66.66666666666667 Vehicles to: 71.99424046076314 Vehicles.  This is not fatal, but modifies the traffic flow dynamics.
2016-02-06 12:19:52,263  WARN QueueWithBuffer:402 Link 20 too small: enlarge storage capacity from: 66.66666666666667 Vehicles to: 71.99424046076314 Vehicles.  This is not fatal, but modifies the traffic flow dynamics.
2016-02-06 12:19:52,264  WARN QueueWithBuffer:402 Link 21 too small: enlarge storage capacity from: 66.66666666666667 Vehicles to: 71.99424046076314 Vehicles.  This is not fatal, but modifies the traffic flow dynamics.
2016-02-06 12:19:52,264  WARN QueueWithBuffer:402 Link 22 too small: enlarge storage capacity from: 233.33333333333337 Vehicles to: 251.979841612671 Vehicles.  This is not fatal, but modifies the traffic flow dynamics.
2016-02-06 12:19:52,265  WARN QueueWithBuffer:402 Link 23 too small: enlarge storage capacity from: 66.66666666666667 Vehicles to: 71.99424046076314 Vehicles.  This is not fatal, but modifies the traffic flow dynamics.
2016-02-06 12:19:56,106  WARN QueueWithBuffer:402 Link 1 too small: enlarge storage capacity from: 66.66666666666667 Vehicles to: 71.99424046076314 Vehicles.  This is not fatal, but modifies the traffic flow dynamics.
2016-02-06 12:19:56,107  WARN QueueWithBuffer:405 Additional warnings of this type are suppressed.
