2012-03-29 19:56:25,621  WARN NetworkImpl:174 org.matsim.core.network.NetworkImpl@7df44ec7[capperiod=3600.0][nof_nodes=15][effectiveLaneWidth=3.75 already set. Will be overwritten with 3.75]
2012-03-29 19:56:25,735  WARN TravelTimeAndDistanceBasedTravelDisutility:55 Assuming that monetary distance cost rate care is NEGATIVE!!  This may be changed.
2012-03-29 19:56:25,816  WARN QueueLink:410 Link 1 too small: enlarge storage capcity from: 1333.3333333333333 Vehicles to: 3599.712023038157 Vehicles.  This is not fatal, but modifies the traffic flow dynamics.
2012-03-29 19:56:25,817  WARN QueueLink:410 Link 20 too small: enlarge storage capcity from: 1333.3333333333333 Vehicles to: 3599.712023038157 Vehicles.  This is not fatal, but modifies the traffic flow dynamics.
2012-03-29 19:56:25,817  WARN QueueLink:410 Link 21 too small: enlarge storage capcity from: 1333.3333333333333 Vehicles to: 3599.712023038157 Vehicles.  This is not fatal, but modifies the traffic flow dynamics.
2012-03-29 19:56:25,817  WARN QueueLink:410 Link 22 too small: enlarge storage capcity from: 4666.666666666667 Vehicles to: 12598.99208063355 Vehicles.  This is not fatal, but modifies the traffic flow dynamics.
2012-03-29 19:56:25,817  WARN QueueLink:410 Link 23 too small: enlarge storage capcity from: 1333.3333333333333 Vehicles to: 3599.712023038157 Vehicles.  This is not fatal, but modifies the traffic flow dynamics.
2012-03-29 19:56:25,870  WARN VspConfigConsistencyCheckerImpl:56 found that the qsim is removing stuck vehicles.  vsp default is setting this to false.
2012-03-29 19:56:25,952  WARN Controler:524 S H U T D O W N   ---   received unexpected shutdown request.
2012-03-29 19:58:56,071  WARN Controler:762 ###########################################################
2012-03-29 19:58:56,071  WARN Controler:763 ### THE CONTROLER WILL OVERWRITE FILES IN:
2012-03-29 19:58:56,072  WARN Controler:764 ### ./output/equil
2012-03-29 19:58:56,072  WARN Controler:765 ###########################################################
2012-03-29 19:58:56,111  WARN NetworkImpl:174 org.matsim.core.network.NetworkImpl@30d1e7c2[capperiod=3600.0][nof_nodes=15][effectiveLaneWidth=3.75 already set. Will be overwritten with 3.75]
2012-03-29 19:58:56,221  WARN TravelTimeAndDistanceBasedTravelDisutility:55 Assuming that monetary distance cost rate care is NEGATIVE!!  This may be changed.
2012-03-29 19:58:56,298  WARN QueueLink:410 Link 1 too small: enlarge storage capcity from: 1333.3333333333333 Vehicles to: 3599.712023038157 Vehicles.  This is not fatal, but modifies the traffic flow dynamics.
2012-03-29 19:58:56,298  WARN QueueLink:410 Link 20 too small: enlarge storage capcity from: 1333.3333333333333 Vehicles to: 3599.712023038157 Vehicles.  This is not fatal, but modifies the traffic flow dynamics.
2012-03-29 19:58:56,299  WARN QueueLink:410 Link 21 too small: enlarge storage capcity from: 1333.3333333333333 Vehicles to: 3599.712023038157 Vehicles.  This is not fatal, but modifies the traffic flow dynamics.
2012-03-29 19:58:56,299  WARN QueueLink:410 Link 22 too small: enlarge storage capcity from: 4666.666666666667 Vehicles to: 12598.99208063355 Vehicles.  This is not fatal, but modifies the traffic flow dynamics.
2012-03-29 19:58:56,299  WARN QueueLink:410 Link 23 too small: enlarge storage capcity from: 1333.3333333333333 Vehicles to: 3599.712023038157 Vehicles.  This is not fatal, but modifies the traffic flow dynamics.
2012-03-29 19:58:56,459  WARN VspConfigConsistencyCheckerImpl:56 found that the qsim is removing stuck vehicles.  vsp default is setting this to false.
2012-03-29 19:58:56,460  WARN Controler:762 ###########################################################
2012-03-29 19:58:56,461  WARN Controler:763 ### THE CONTROLER WILL OVERWRITE FILES IN:
2012-03-29 19:58:56,462  WARN Controler:764 ### ./output/equil
2012-03-29 19:58:56,462  WARN Controler:765 ###########################################################
2012-03-29 19:58:56,459  WARN VspConfigConsistencyCheckerImpl:56 found that the qsim is removing stuck vehicles.  vsp default is setting this to false.
2012-03-29 19:58:56,460  WARN Controler:762 ###########################################################
2012-03-29 19:58:56,461  WARN Controler:763 ### THE CONTROLER WILL OVERWRITE FILES IN:
2012-03-29 19:58:56,462  WARN Controler:764 ### ./output/equil
2012-03-29 19:58:56,462  WARN Controler:765 ###########################################################
2012-03-29 19:58:56,495  WARN NetworkImpl:174 org.matsim.core.network.NetworkImpl@22e90943[capperiod=3600.0][nof_nodes=15][effectiveLaneWidth=3.75 already set. Will be overwritten with 3.75]
2012-03-29 19:58:56,495  WARN NetworkImpl:174 org.matsim.core.network.NetworkImpl@22e90943[capperiod=3600.0][nof_nodes=15][effectiveLaneWidth=3.75 already set. Will be overwritten with 3.75]
2012-03-29 19:58:56,608  WARN VspConfigConsistencyCheckerImpl:56 found that the qsim is removing stuck vehicles.  vsp default is setting this to false.
2012-03-29 19:58:56,608  WARN VspConfigConsistencyCheckerImpl:56 found that the qsim is removing stuck vehicles.  vsp default is setting this to false.
2012-03-29 19:58:56,628  WARN QLinkImpl:536 Link 1 too small: enlarge storage capacity from: 1333.3333333333333 Vehicles to: 3599.712023038157 Vehicles.  This is not fatal, but modifies the traffic flow dynamics.
2012-03-29 19:58:56,628  WARN QLinkImpl:536 Link 1 too small: enlarge storage capacity from: 1333.3333333333333 Vehicles to: 3599.712023038157 Vehicles.  This is not fatal, but modifies the traffic flow dynamics.
2012-03-29 19:58:56,630  WARN QLinkImpl:536 Link 20 too small: enlarge storage capacity from: 1333.3333333333333 Vehicles to: 3599.712023038157 Vehicles.  This is not fatal, but modifies the traffic flow dynamics.
2012-03-29 19:58:56,630  WARN QLinkImpl:536 Link 20 too small: enlarge storage capacity from: 1333.3333333333333 Vehicles to: 3599.712023038157 Vehicles.  This is not fatal, but modifies the traffic flow dynamics.
2012-03-29 19:58:56,630  WARN QLinkImpl:536 Link 21 too small: enlarge storage capacity from: 1333.3333333333333 Vehicles to: 3599.712023038157 Vehicles.  This is not fatal, but modifies the traffic flow dynamics.
2012-03-29 19:58:56,630  WARN QLinkImpl:536 Link 21 too small: enlarge storage capacity from: 1333.3333333333333 Vehicles to: 3599.712023038157 Vehicles.  This is not fatal, but modifies the traffic flow dynamics.
2012-03-29 19:58:56,631  WARN QLinkImpl:536 Link 22 too small: enlarge storage capacity from: 4666.666666666667 Vehicles to: 12598.99208063355 Vehicles.  This is not fatal, but modifies the traffic flow dynamics.
2012-03-29 19:58:56,631  WARN QLinkImpl:536 Link 22 too small: enlarge storage capacity from: 4666.666666666667 Vehicles to: 12598.99208063355 Vehicles.  This is not fatal, but modifies the traffic flow dynamics.
2012-03-29 19:58:56,631  WARN QLinkImpl:536 Link 23 too small: enlarge storage capacity from: 1333.3333333333333 Vehicles to: 3599.712023038157 Vehicles.  This is not fatal, but modifies the traffic flow dynamics.
2012-03-29 19:58:56,631  WARN QLinkImpl:536 Link 23 too small: enlarge storage capacity from: 1333.3333333333333 Vehicles to: 3599.712023038157 Vehicles.  This is not fatal, but modifies the traffic flow dynamics.
2012-03-29 19:58:56,796  WARN Controler:524 S H U T D O W N   ---   received unexpected shutdown request.
2012-03-29 19:58:56,796  WARN Controler:524 S H U T D O W N   ---   received unexpected shutdown request.
2012-03-29 19:58:56,797  WARN Controler:524 S H U T D O W N   ---   received unexpected shutdown request.
2012-03-29 19:58:56,797  WARN Controler:524 S H U T D O W N   ---   received unexpected shutdown request.
2012-03-29 20:01:19,778  WARN Controler:762 ###########################################################
2012-03-29 20:01:19,778  WARN Controler:763 ### THE CONTROLER WILL OVERWRITE FILES IN:
2012-03-29 20:01:19,778  WARN Controler:764 ### ./output/equil
2012-03-29 20:01:19,779  WARN Controler:765 ###########################################################
2012-03-29 20:01:19,834  WARN NetworkImpl:174 org.matsim.core.network.NetworkImpl@f79f36b[capperiod=3600.0][nof_nodes=15][effectiveLaneWidth=3.75 already set. Will be overwritten with 3.75]
2012-03-29 20:01:19,947  WARN TravelTimeAndDistanceBasedTravelDisutility:55 Assuming that monetary distance cost rate care is NEGATIVE!!  This may be changed.
2012-03-29 20:01:20,024  WARN QueueLink:410 Link 1 too small: enlarge storage capcity from: 1333.3333333333333 Vehicles to: 3599.712023038157 Vehicles.  This is not fatal, but modifies the traffic flow dynamics.
2012-03-29 20:01:20,025  WARN QueueLink:410 Link 20 too small: enlarge storage capcity from: 1333.3333333333333 Vehicles to: 3599.712023038157 Vehicles.  This is not fatal, but modifies the traffic flow dynamics.
2012-03-29 20:01:20,025  WARN QueueLink:410 Link 21 too small: enlarge storage capcity from: 1333.3333333333333 Vehicles to: 3599.712023038157 Vehicles.  This is not fatal, but modifies the traffic flow dynamics.
2012-03-29 20:01:20,025  WARN QueueLink:410 Link 22 too small: enlarge storage capcity from: 4666.666666666667 Vehicles to: 12598.99208063355 Vehicles.  This is not fatal, but modifies the traffic flow dynamics.
2012-03-29 20:01:20,026  WARN QueueLink:410 Link 23 too small: enlarge storage capcity from: 1333.3333333333333 Vehicles to: 3599.712023038157 Vehicles.  This is not fatal, but modifies the traffic flow dynamics.
2012-03-29 20:01:20,617  WARN QueueLink:410 Link 1 too small: enlarge storage capcity from: 1333.3333333333333 Vehicles to: 3599.712023038157 Vehicles.  This is not fatal, but modifies the traffic flow dynamics.
2012-03-29 20:01:20,618  WARN QueueLink:410 Link 20 too small: enlarge storage capcity from: 1333.3333333333333 Vehicles to: 3599.712023038157 Vehicles.  This is not fatal, but modifies the traffic flow dynamics.
2012-03-29 20:01:20,618  WARN QueueLink:410 Link 21 too small: enlarge storage capcity from: 1333.3333333333333 Vehicles to: 3599.712023038157 Vehicles.  This is not fatal, but modifies the traffic flow dynamics.
2012-03-29 20:01:20,618  WARN QueueLink:410 Link 22 too small: enlarge storage capcity from: 4666.666666666667 Vehicles to: 12598.99208063355 Vehicles.  This is not fatal, but modifies the traffic flow dynamics.
2012-03-29 20:01:20,619  WARN QueueLink:410 Link 23 too small: enlarge storage capcity from: 1333.3333333333333 Vehicles to: 3599.712023038157 Vehicles.  This is not fatal, but modifies the traffic flow dynamics.
2012-03-29 20:01:20,806  WARN QueueLink:410 Link 1 too small: enlarge storage capcity from: 1333.3333333333333 Vehicles to: 3599.712023038157 Vehicles.  This is not fatal, but modifies the traffic flow dynamics.
2012-03-29 20:01:20,806  WARN QueueLink:419 Additional warnings of this type are suppressed.
2012-03-29 20:01:21,032  WARN VspConfigConsistencyCheckerImpl:56 found that the qsim is removing stuck vehicles.  vsp default is setting this to false.
2012-03-29 20:01:21,033  WARN Controler:762 ###########################################################
2012-03-29 20:01:21,033  WARN Controler:763 ### THE CONTROLER WILL OVERWRITE FILES IN:
2012-03-29 20:01:21,033  WARN Controler:764 ### ./output/equil
2012-03-29 20:01:21,033  WARN Controler:765 ###########################################################
2012-03-29 20:01:21,082  WARN NetworkImpl:174 org.matsim.core.network.NetworkImpl@7d1c19e6[capperiod=3600.0][nof_nodes=15][effectiveLaneWidth=3.75 already set. Will be overwritten with 3.75]
2012-03-29 20:01:21,195  WARN VspConfigConsistencyCheckerImpl:56 found that the qsim is removing stuck vehicles.  vsp default is setting this to false.
2012-03-29 20:01:21,212  WARN QLinkImpl:536 Link 1 too small: enlarge storage capacity from: 1333.3333333333333 Vehicles to: 3599.712023038157 Vehicles.  This is not fatal, but modifies the traffic flow dynamics.
2012-03-29 20:01:21,213  WARN QLinkImpl:536 Link 20 too small: enlarge storage capacity from: 1333.3333333333333 Vehicles to: 3599.712023038157 Vehicles.  This is not fatal, but modifies the traffic flow dynamics.
2012-03-29 20:01:21,213  WARN QLinkImpl:536 Link 21 too small: enlarge storage capacity from: 1333.3333333333333 Vehicles to: 3599.712023038157 Vehicles.  This is not fatal, but modifies the traffic flow dynamics.
2012-03-29 20:01:21,213  WARN QLinkImpl:536 Link 22 too small: enlarge storage capacity from: 4666.666666666667 Vehicles to: 12598.99208063355 Vehicles.  This is not fatal, but modifies the traffic flow dynamics.
2012-03-29 20:01:21,214  WARN QLinkImpl:536 Link 23 too small: enlarge storage capacity from: 1333.3333333333333 Vehicles to: 3599.712023038157 Vehicles.  This is not fatal, but modifies the traffic flow dynamics.
2012-03-29 20:01:21,411  WARN QLinkImpl:536 Link 1 too small: enlarge storage capacity from: 1333.3333333333333 Vehicles to: 3599.712023038157 Vehicles.  This is not fatal, but modifies the traffic flow dynamics.
2012-03-29 20:01:21,411  WARN QLinkImpl:536 Link 20 too small: enlarge storage capacity from: 1333.3333333333333 Vehicles to: 3599.712023038157 Vehicles.  This is not fatal, but modifies the traffic flow dynamics.
2012-03-29 20:01:21,411  WARN QLinkImpl:536 Link 21 too small: enlarge storage capacity from: 1333.3333333333333 Vehicles to: 3599.712023038157 Vehicles.  This is not fatal, but modifies the traffic flow dynamics.
2012-03-29 20:01:21,412  WARN QLinkImpl:536 Link 22 too small: enlarge storage capacity from: 4666.666666666667 Vehicles to: 12598.99208063355 Vehicles.  This is not fatal, but modifies the traffic flow dynamics.
2012-03-29 20:01:21,412  WARN QLinkImpl:536 Link 23 too small: enlarge storage capacity from: 1333.3333333333333 Vehicles to: 3599.712023038157 Vehicles.  This is not fatal, but modifies the traffic flow dynamics.
2012-03-29 20:01:21,614  WARN QLinkImpl:536 Link 1 too small: enlarge storage capacity from: 1333.3333333333333 Vehicles to: 3599.712023038157 Vehicles.  This is not fatal, but modifies the traffic flow dynamics.
2012-03-29 20:01:21,614  WARN QLinkImpl:539 Additional warnings of this type are suppressed.
2012-03-29 20:03:37,951  WARN Controler:762 ###########################################################
2012-03-29 20:03:37,952  WARN Controler:763 ### THE CONTROLER WILL OVERWRITE FILES IN:
2012-03-29 20:03:37,952  WARN Controler:764 ### ./output/equil
2012-03-29 20:03:37,952  WARN Controler:765 ###########################################################
2012-03-29 20:03:38,012  WARN NetworkImpl:174 org.matsim.core.network.NetworkImpl@4f2b3349[capperiod=3600.0][nof_nodes=15][effectiveLaneWidth=3.75 already set. Will be overwritten with 3.75]
2012-03-29 20:03:38,116  WARN TravelTimeAndDistanceBasedTravelDisutility:55 Assuming that monetary distance cost rate care is NEGATIVE!!  This may be changed.
2012-03-29 20:03:38,194  WARN QueueLink:410 Link 1 too small: enlarge storage capcity from: 1333.3333333333333 Vehicles to: 3599.712023038157 Vehicles.  This is not fatal, but modifies the traffic flow dynamics.
2012-03-29 20:03:38,194  WARN QueueLink:410 Link 20 too small: enlarge storage capcity from: 1333.3333333333333 Vehicles to: 3599.712023038157 Vehicles.  This is not fatal, but modifies the traffic flow dynamics.
2012-03-29 20:03:38,194  WARN QueueLink:410 Link 21 too small: enlarge storage capcity from: 1333.3333333333333 Vehicles to: 3599.712023038157 Vehicles.  This is not fatal, but modifies the traffic flow dynamics.
2012-03-29 20:03:38,195  WARN QueueLink:410 Link 22 too small: enlarge storage capcity from: 4666.666666666667 Vehicles to: 12598.99208063355 Vehicles.  This is not fatal, but modifies the traffic flow dynamics.
2012-03-29 20:03:38,195  WARN QueueLink:410 Link 23 too small: enlarge storage capcity from: 1333.3333333333333 Vehicles to: 3599.712023038157 Vehicles.  This is not fatal, but modifies the traffic flow dynamics.
2012-03-29 20:03:38,451  WARN QueueLink:410 Link 1 too small: enlarge storage capcity from: 1333.3333333333333 Vehicles to: 3599.712023038157 Vehicles.  This is not fatal, but modifies the traffic flow dynamics.
2012-03-29 20:03:38,452  WARN QueueLink:410 Link 20 too small: enlarge storage capcity from: 1333.3333333333333 Vehicles to: 3599.712023038157 Vehicles.  This is not fatal, but modifies the traffic flow dynamics.
2012-03-29 20:03:38,452  WARN QueueLink:410 Link 21 too small: enlarge storage capcity from: 1333.3333333333333 Vehicles to: 3599.712023038157 Vehicles.  This is not fatal, but modifies the traffic flow dynamics.
2012-03-29 20:03:38,453  WARN QueueLink:410 Link 22 too small: enlarge storage capcity from: 4666.666666666667 Vehicles to: 12598.99208063355 Vehicles.  This is not fatal, but modifies the traffic flow dynamics.
2012-03-29 20:03:38,453  WARN QueueLink:410 Link 23 too small: enlarge storage capcity from: 1333.3333333333333 Vehicles to: 3599.712023038157 Vehicles.  This is not fatal, but modifies the traffic flow dynamics.
2012-03-29 20:03:38,651  WARN QueueLink:410 Link 1 too small: enlarge storage capcity from: 1333.3333333333333 Vehicles to: 3599.712023038157 Vehicles.  This is not fatal, but modifies the traffic flow dynamics.
2012-03-29 20:03:38,651  WARN QueueLink:419 Additional warnings of this type are suppressed.
2012-03-29 20:03:38,858  WARN VspConfigConsistencyCheckerImpl:56 found that the qsim is removing stuck vehicles.  vsp default is setting this to false.
2012-03-29 20:03:38,858  WARN Controler:762 ###########################################################
2012-03-29 20:03:38,858  WARN Controler:763 ### THE CONTROLER WILL OVERWRITE FILES IN:
2012-03-29 20:03:38,859  WARN Controler:764 ### ./output/equil
2012-03-29 20:03:38,859  WARN Controler:765 ###########################################################
2012-03-29 20:03:38,909  WARN NetworkImpl:174 org.matsim.core.network.NetworkImpl@cb8d09d[capperiod=3600.0][nof_nodes=15][effectiveLaneWidth=3.75 already set. Will be overwritten with 3.75]
2012-03-29 20:03:39,026  WARN VspConfigConsistencyCheckerImpl:56 found that the qsim is removing stuck vehicles.  vsp default is setting this to false.
2012-03-29 20:03:39,041  WARN QLinkImpl:536 Link 1 too small: enlarge storage capacity from: 1333.3333333333333 Vehicles to: 3599.712023038157 Vehicles.  This is not fatal, but modifies the traffic flow dynamics.
2012-03-29 20:03:39,042  WARN QLinkImpl:536 Link 20 too small: enlarge storage capacity from: 1333.3333333333333 Vehicles to: 3599.712023038157 Vehicles.  This is not fatal, but modifies the traffic flow dynamics.
2012-03-29 20:03:39,042  WARN QLinkImpl:536 Link 21 too small: enlarge storage capacity from: 1333.3333333333333 Vehicles to: 3599.712023038157 Vehicles.  This is not fatal, but modifies the traffic flow dynamics.
2012-03-29 20:03:39,042  WARN QLinkImpl:536 Link 22 too small: enlarge storage capacity from: 4666.666666666667 Vehicles to: 12598.99208063355 Vehicles.  This is not fatal, but modifies the traffic flow dynamics.
2012-03-29 20:03:39,042  WARN QLinkImpl:536 Link 23 too small: enlarge storage capacity from: 1333.3333333333333 Vehicles to: 3599.712023038157 Vehicles.  This is not fatal, but modifies the traffic flow dynamics.
2012-03-29 20:03:39,207  WARN QLinkImpl:536 Link 1 too small: enlarge storage capacity from: 1333.3333333333333 Vehicles to: 3599.712023038157 Vehicles.  This is not fatal, but modifies the traffic flow dynamics.
2012-03-29 20:03:39,208  WARN QLinkImpl:536 Link 20 too small: enlarge storage capacity from: 1333.3333333333333 Vehicles to: 3599.712023038157 Vehicles.  This is not fatal, but modifies the traffic flow dynamics.
2012-03-29 20:03:39,208  WARN QLinkImpl:536 Link 21 too small: enlarge storage capacity from: 1333.3333333333333 Vehicles to: 3599.712023038157 Vehicles.  This is not fatal, but modifies the traffic flow dynamics.
2012-03-29 20:03:39,208  WARN QLinkImpl:536 Link 22 too small: enlarge storage capacity from: 4666.666666666667 Vehicles to: 12598.99208063355 Vehicles.  This is not fatal, but modifies the traffic flow dynamics.
2012-03-29 20:03:39,208  WARN QLinkImpl:536 Link 23 too small: enlarge storage capacity from: 1333.3333333333333 Vehicles to: 3599.712023038157 Vehicles.  This is not fatal, but modifies the traffic flow dynamics.
2012-03-29 20:03:39,368  WARN QLinkImpl:536 Link 1 too small: enlarge storage capacity from: 1333.3333333333333 Vehicles to: 3599.712023038157 Vehicles.  This is not fatal, but modifies the traffic flow dynamics.
2012-03-29 20:03:39,369  WARN QLinkImpl:539 Additional warnings of this type are suppressed.
